<?xml version="1.0" encoding="utf-8"?>
<CoverageSession xmlns:xsd="http://www.w3.org/2001/XMLSchema" xmlns:xsi="http://www.w3.org/2001/XMLSchema-instance" Version="4.7.1221.0">
  <Summary numSequencePoints="679" visitedSequencePoints="129" numBranchPoints="168" visitedBranchPoints="35" sequenceCoverage="19.00" branchCoverage="20.83" maxCyclomaticComplexity="11" minCyclomaticComplexity="1" maxCrapScore="132" minCrapScore="1" visitedClasses="4" numClasses="11" visitedMethods="20" numMethods="76" />
  <Modules>
    <Module hash="E6-9F-7F-91-7B-2A-78-65-9D-5F-0D-7A-17-BF-E9-76-BE-78-83-61">
      <Summary numSequencePoints="444" visitedSequencePoints="90" numBranchPoints="103" visitedBranchPoints="22" sequenceCoverage="20.27" branchCoverage="21.36" maxCyclomaticComplexity="11" minCyclomaticComplexity="1" maxCrapScore="132" minCrapScore="1" visitedClasses="2" numClasses="7" visitedMethods="9" numMethods="31" />
      <ModulePath>F:\Jigurda\Lab12\Lab12-Tree-TESTS\bin\Debug\fine-code-coverage\build-output\Lab12.exe</ModulePath>
      <ModuleTime>2025-06-08T18:42:59.8939252Z</ModuleTime>
      <ModuleName>Lab12</ModuleName>
      <Files>
        <File uid="1" fullPath="F:\Jigurda\Lab12\Lab12\Tree.cs" />
        <File uid="2" fullPath="F:\Jigurda\Lab12\Lab12\TPoint.cs" />
        <File uid="3" fullPath="F:\Jigurda\Lab12\Lab12\LPoint.cs" />
        <File uid="4" fullPath="F:\Jigurda\Lab12\Lab12\HTable.cs" />
        <File uid="5" fullPath="F:\Jigurda\Lab12\Lab12\PointList.cs" />
        <File uid="6" fullPath="F:\Jigurda\Lab12\Lab12\Point.cs" />
        <File uid="7" fullPath="F:\Jigurda\Lab12\Lab12\Program.cs" />
      </Files>
      <Classes>
        <Class>
          <Summary numSequencePoints="112" visitedSequencePoints="78" numBranchPoints="35" visitedBranchPoints="20" sequenceCoverage="69.64" branchCoverage="57.14" maxCyclomaticComplexity="5" minCyclomaticComplexity="1" maxCrapScore="20" minCrapScore="1" visitedClasses="1" numClasses="1" visitedMethods="7" numMethods="11" />
          <FullName>Lab12.Tree`1</FullName>
          <Methods>
            <Method visited="true" cyclomaticComplexity="1" nPathComplexity="0" sequenceCoverage="100" branchCoverage="100" crapScore="1" isConstructor="true" isStatic="false" isGetter="false" isSetter="false">
              <Summary numSequencePoints="5" visitedSequencePoints="5" numBranchPoints="1" visitedBranchPoints="1" sequenceCoverage="100" branchCoverage="100" maxCyclomaticComplexity="1" minCyclomaticComplexity="1" maxCrapScore="1" minCrapScore="1" visitedClasses="0" numClasses="0" visitedMethods="1" numMethods="1" />
              <MetadataToken>100663297</MetadataToken>
              <Name>System.Void Lab12.Tree`1::.ctor()</Name>
              <FileRef uid="1" />
              <SequencePoints>
                <SequencePoint vc="1" uspid="1" ordinal="0" offset="0" sl="19" sc="9" el="19" ec="22" bec="0" bev="0" fileid="1" />
                <SequencePoint vc="1" uspid="2" ordinal="1" offset="7" sl="20" sc="9" el="20" ec="10" bec="0" bev="0" fileid="1" />
                <SequencePoint vc="1" uspid="3" ordinal="2" offset="8" sl="21" sc="13" el="21" ec="25" bec="0" bev="0" fileid="1" />
                <SequencePoint vc="1" uspid="4" ordinal="3" offset="15" sl="22" sc="13" el="22" ec="22" bec="0" bev="0" fileid="1" />
                <SequencePoint vc="1" uspid="5" ordinal="4" offset="21" sl="23" sc="9" el="23" ec="10" bec="0" bev="0" fileid="1" />
              </SequencePoints>
              <BranchPoints />
              <MethodPoint xsi:type="SequencePoint" vc="1" uspid="1" ordinal="0" offset="0" sl="19" sc="9" el="19" ec="22" bec="0" bev="0" fileid="1" />
            </Method>
            <Method visited="true" cyclomaticComplexity="1" nPathComplexity="0" sequenceCoverage="100" branchCoverage="100" crapScore="1" isConstructor="true" isStatic="false" isGetter="false" isSetter="false">
              <Summary numSequencePoints="5" visitedSequencePoints="5" numBranchPoints="1" visitedBranchPoints="1" sequenceCoverage="100" branchCoverage="100" maxCyclomaticComplexity="1" minCyclomaticComplexity="1" maxCrapScore="1" minCrapScore="1" visitedClasses="0" numClasses="0" visitedMethods="1" numMethods="1" />
              <MetadataToken>100663298</MetadataToken>
              <Name>System.Void Lab12.Tree`1::.ctor(Lab12.TPoint`1&lt;T&gt;)</Name>
              <FileRef uid="1" />
              <SequencePoints>
                <SequencePoint vc="1" uspid="6" ordinal="0" offset="0" sl="24" sc="9" el="24" ec="37" bec="0" bev="0" fileid="1" />
                <SequencePoint vc="1" uspid="7" ordinal="1" offset="7" sl="25" sc="9" el="25" ec="10" bec="0" bev="0" fileid="1" />
                <SequencePoint vc="1" uspid="8" ordinal="2" offset="8" sl="26" sc="13" el="26" ec="26" bec="0" bev="0" fileid="1" />
                <SequencePoint vc="1" uspid="9" ordinal="3" offset="15" sl="27" sc="13" el="27" ec="22" bec="0" bev="0" fileid="1" />
                <SequencePoint vc="1" uspid="10" ordinal="4" offset="21" sl="28" sc="9" el="28" ec="10" bec="0" bev="0" fileid="1" />
              </SequencePoints>
              <BranchPoints />
              <MethodPoint xsi:type="SequencePoint" vc="1" uspid="6" ordinal="0" offset="0" sl="24" sc="9" el="24" ec="37" bec="0" bev="0" fileid="1" />
            </Method>
            <Method visited="true" cyclomaticComplexity="2" nPathComplexity="2" sequenceCoverage="100" branchCoverage="100" crapScore="2" isConstructor="false" isStatic="true" isGetter="false" isSetter="false">
              <Summary numSequencePoints="7" visitedSequencePoints="7" numBranchPoints="3" visitedBranchPoints="3" sequenceCoverage="100" branchCoverage="100" maxCyclomaticComplexity="2" minCyclomaticComplexity="2" maxCrapScore="2" minCrapScore="2" visitedClasses="0" numClasses="0" visitedMethods="1" numMethods="1" />
              <MetadataToken>100663299</MetadataToken>
              <Name>Lab12.TPoint`1&lt;T&gt; Lab12.Tree`1::BalancedTree(System.Int32)</Name>
              <FileRef uid="1" />
              <SequencePoints>
                <SequencePoint vc="3" uspid="11" ordinal="0" offset="0" sl="34" sc="9" el="34" ec="10" bec="0" bev="0" fileid="1" />
                <SequencePoint vc="3" uspid="12" ordinal="1" offset="1" sl="35" sc="13" el="35" ec="27" bec="2" bev="2" fileid="1" />
                <SequencePoint vc="2" uspid="13" ordinal="2" offset="12" sl="36" sc="13" el="36" ec="14" bec="0" bev="0" fileid="1" />
                <SequencePoint vc="2" uspid="14" ordinal="3" offset="13" sl="37" sc="17" el="37" ec="58" bec="0" bev="0" fileid="1" />
                <SequencePoint vc="2" uspid="15" ordinal="4" offset="24" sl="38" sc="17" el="38" ec="29" bec="0" bev="0" fileid="1" />
                <SequencePoint vc="1" uspid="16" ordinal="5" offset="28" sl="41" sc="13" el="41" ec="45" bec="0" bev="0" fileid="1" />
                <SequencePoint vc="3" uspid="17" ordinal="6" offset="37" sl="42" sc="9" el="42" ec="10" bec="0" bev="0" fileid="1" />
              </SequencePoints>
              <BranchPoints>
                <BranchPoint vc="2" uspid="18" ordinal="0" offset="10" sl="35" path="0" offsetend="12" fileid="1" />
                <BranchPoint vc="1" uspid="19" ordinal="1" offset="10" sl="35" path="1" offsetend="28" fileid="1" />
              </BranchPoints>
              <MethodPoint xsi:type="SequencePoint" vc="3" uspid="11" ordinal="0" offset="0" sl="34" sc="9" el="34" ec="10" bec="0" bev="0" fileid="1" />
            </Method>
            <Method visited="true" cyclomaticComplexity="2" nPathComplexity="2" sequenceCoverage="100" branchCoverage="100" crapScore="2" isConstructor="false" isStatic="true" isGetter="false" isSetter="false">
              <Summary numSequencePoints="12" visitedSequencePoints="12" numBranchPoints="3" visitedBranchPoints="3" sequenceCoverage="100" branchCoverage="100" maxCyclomaticComplexity="2" minCyclomaticComplexity="2" maxCrapScore="2" minCrapScore="2" visitedClasses="0" numClasses="0" visitedMethods="1" numMethods="1" />
              <MetadataToken>100663300</MetadataToken>
              <Name>Lab12.TPoint`1&lt;T&gt; Lab12.Tree`1::CreateBalancedTree(System.Int32)</Name>
              <FileRef uid="1" />
              <SequencePoints>
                <SequencePoint vc="11" uspid="20" ordinal="0" offset="0" sl="44" sc="9" el="44" ec="10" bec="0" bev="0" fileid="1" />
                <SequencePoint vc="11" uspid="21" ordinal="1" offset="1" sl="45" sc="13" el="45" ec="27" bec="2" bev="2" fileid="1" />
                <SequencePoint vc="6" uspid="22" ordinal="2" offset="11" sl="46" sc="17" el="46" ec="29" bec="0" bev="0" fileid="1" />
                <SequencePoint vc="5" uspid="23" ordinal="3" offset="16" sl="47" sc="13" el="47" ec="34" bec="0" bev="0" fileid="1" />
                <SequencePoint vc="5" uspid="24" ordinal="4" offset="20" sl="48" sc="13" el="48" ec="42" bec="0" bev="0" fileid="1" />
                <SequencePoint vc="5" uspid="25" ordinal="5" offset="26" sl="50" sc="13" el="50" ec="40" bec="0" bev="0" fileid="1" />
                <SequencePoint vc="5" uspid="26" ordinal="6" offset="32" sl="51" sc="13" el="51" ec="31" bec="0" bev="0" fileid="1" />
                <SequencePoint vc="5" uspid="27" ordinal="7" offset="39" sl="52" sc="13" el="52" ec="51" bec="0" bev="0" fileid="1" />
                <SequencePoint vc="5" uspid="28" ordinal="8" offset="46" sl="54" sc="13" el="54" ec="52" bec="0" bev="0" fileid="1" />
                <SequencePoint vc="5" uspid="29" ordinal="9" offset="58" sl="55" sc="13" el="55" ec="53" bec="0" bev="0" fileid="1" />
                <SequencePoint vc="5" uspid="30" ordinal="10" offset="70" sl="57" sc="13" el="57" ec="26" bec="0" bev="0" fileid="1" />
                <SequencePoint vc="11" uspid="31" ordinal="11" offset="75" sl="58" sc="9" el="58" ec="10" bec="0" bev="0" fileid="1" />
              </SequencePoints>
              <BranchPoints>
                <BranchPoint vc="6" uspid="32" ordinal="0" offset="9" sl="45" path="0" offsetend="11" fileid="1" />
                <BranchPoint vc="5" uspid="33" ordinal="1" offset="9" sl="45" path="1" offsetend="16" fileid="1" />
              </BranchPoints>
              <MethodPoint xsi:type="SequencePoint" vc="11" uspid="20" ordinal="0" offset="0" sl="44" sc="9" el="44" ec="10" bec="0" bev="0" fileid="1" />
            </Method>
            <Method visited="false" cyclomaticComplexity="1" nPathComplexity="0" sequenceCoverage="0" branchCoverage="0" crapScore="2" isConstructor="false" isStatic="true" isGetter="false" isSetter="false">
              <Summary numSequencePoints="9" visitedSequencePoints="0" numBranchPoints="1" visitedBranchPoints="0" sequenceCoverage="0" branchCoverage="0" maxCyclomaticComplexity="1" minCyclomaticComplexity="1" maxCrapScore="2" minCrapScore="2" visitedClasses="0" numClasses="0" visitedMethods="0" numMethods="1" />
              <MetadataToken>100663301</MetadataToken>
              <Name>System.Void Lab12.Tree`1::Print(Lab12.Tree`1&lt;T&gt;)</Name>
              <FileRef uid="1" />
              <SequencePoints>
                <SequencePoint vc="0" uspid="34" ordinal="0" offset="0" sl="64" sc="9" el="64" ec="10" bec="0" bev="0" fileid="1" />
                <SequencePoint vc="0" uspid="35" ordinal="1" offset="1" sl="66" sc="13" el="66" ec="14" bec="0" bev="0" fileid="1" />
                <SequencePoint vc="0" uspid="36" ordinal="2" offset="2" sl="67" sc="17" el="67" ec="41" bec="0" bev="0" fileid="1" />
                <SequencePoint vc="0" uspid="37" ordinal="3" offset="15" sl="68" sc="13" el="68" ec="14" bec="0" bev="0" fileid="1" />
                <SequencePoint vc="0" uspid="38" ordinal="4" offset="18" sl="69" sc="13" el="69" ec="43" bec="0" bev="0" fileid="1" />
                <SequencePoint vc="0" uspid="39" ordinal="5" offset="19" sl="70" sc="13" el="70" ec="14" bec="0" bev="0" fileid="1" />
                <SequencePoint vc="0" uspid="40" ordinal="6" offset="20" sl="71" sc="17" el="71" ec="56" bec="0" bev="0" fileid="1" />
                <SequencePoint vc="0" uspid="41" ordinal="7" offset="31" sl="72" sc="13" el="72" ec="14" bec="0" bev="0" fileid="1" />
                <SequencePoint vc="0" uspid="42" ordinal="8" offset="34" sl="73" sc="9" el="73" ec="10" bec="0" bev="0" fileid="1" />
              </SequencePoints>
              <BranchPoints />
              <MethodPoint xsi:type="SequencePoint" vc="0" uspid="34" ordinal="0" offset="0" sl="64" sc="9" el="64" ec="10" bec="0" bev="0" fileid="1" />
            </Method>
            <Method visited="false" cyclomaticComplexity="3" nPathComplexity="4" sequenceCoverage="0" branchCoverage="0" crapScore="12" isConstructor="false" isStatic="true" isGetter="false" isSetter="false">
              <Summary numSequencePoints="8" visitedSequencePoints="0" numBranchPoints="5" visitedBranchPoints="0" sequenceCoverage="0" branchCoverage="0" maxCyclomaticComplexity="3" minCyclomaticComplexity="3" maxCrapScore="12" minCrapScore="12" visitedClasses="0" numClasses="0" visitedMethods="0" numMethods="1" />
              <MetadataToken>100663302</MetadataToken>
              <Name>System.Void Lab12.Tree`1::TreePrint(Lab12.TPoint`1&lt;T&gt;,System.Int32)</Name>
              <FileRef uid="1" />
              <SequencePoints>
                <SequencePoint vc="0" uspid="43" ordinal="0" offset="0" sl="75" sc="9" el="75" ec="10" bec="0" bev="0" fileid="1" />
                <SequencePoint vc="0" uspid="44" ordinal="1" offset="1" sl="76" sc="13" el="76" ec="37" bec="2" bev="0" fileid="1" />
                <SequencePoint vc="0" uspid="45" ordinal="2" offset="14" sl="77" sc="17" el="77" ec="49" bec="0" bev="0" fileid="1" />
                <SequencePoint vc="0" uspid="46" ordinal="3" offset="29" sl="79" sc="13" el="79" ec="75" bec="0" bev="0" fileid="1" />
                <SequencePoint vc="0" uspid="47" ordinal="4" offset="61" sl="80" sc="13" el="80" ec="72" bec="0" bev="0" fileid="1" />
                <SequencePoint vc="0" uspid="48" ordinal="5" offset="104" sl="82" sc="13" el="82" ec="36" bec="2" bev="0" fileid="1" />
                <SequencePoint vc="0" uspid="49" ordinal="6" offset="117" sl="83" sc="17" el="83" ec="48" bec="0" bev="0" fileid="1" />
                <SequencePoint vc="0" uspid="50" ordinal="7" offset="132" sl="84" sc="9" el="84" ec="10" bec="0" bev="0" fileid="1" />
              </SequencePoints>
              <BranchPoints>
                <BranchPoint vc="0" uspid="51" ordinal="0" offset="12" sl="76" path="0" offsetend="14" fileid="1" />
                <BranchPoint vc="0" uspid="52" ordinal="1" offset="12" sl="76" path="1" offsetend="29" fileid="1" />
                <BranchPoint vc="0" uspid="53" ordinal="2" offset="115" sl="82" path="0" offsetend="117" fileid="1" />
                <BranchPoint vc="0" uspid="54" ordinal="3" offset="115" sl="82" path="1" offsetend="132" fileid="1" />
              </BranchPoints>
              <MethodPoint xsi:type="SequencePoint" vc="0" uspid="43" ordinal="0" offset="0" sl="75" sc="9" el="75" ec="10" bec="0" bev="0" fileid="1" />
            </Method>
            <Method visited="false" cyclomaticComplexity="1" nPathComplexity="0" sequenceCoverage="0" branchCoverage="0" crapScore="2" isConstructor="false" isStatic="true" isGetter="false" isSetter="false">
              <Summary numSequencePoints="6" visitedSequencePoints="0" numBranchPoints="1" visitedBranchPoints="0" sequenceCoverage="0" branchCoverage="0" maxCyclomaticComplexity="1" minCyclomaticComplexity="1" maxCrapScore="2" minCrapScore="2" visitedClasses="0" numClasses="0" visitedMethods="0" numMethods="1" />
              <MetadataToken>100663303</MetadataToken>
              <Name>System.Void Lab12.Tree`1::FindMin(Lab12.Tree`1&lt;T&gt;)</Name>
              <FileRef uid="1" />
              <SequencePoints>
                <SequencePoint vc="0" uspid="55" ordinal="0" offset="0" sl="90" sc="9" el="90" ec="10" bec="0" bev="0" fileid="1" />
                <SequencePoint vc="0" uspid="56" ordinal="1" offset="1" sl="91" sc="13" el="91" ec="28" bec="0" bev="0" fileid="1" />
                <SequencePoint vc="0" uspid="57" ordinal="2" offset="15" sl="93" sc="13" el="93" ec="34" bec="0" bev="0" fileid="1" />
                <SequencePoint vc="0" uspid="58" ordinal="3" offset="27" sl="93" sc="35" el="93" ec="36" bec="0" bev="0" fileid="1" />
                <SequencePoint vc="0" uspid="59" ordinal="4" offset="28" sl="95" sc="13" el="95" ec="63" bec="0" bev="0" fileid="1" />
                <SequencePoint vc="0" uspid="60" ordinal="5" offset="54" sl="96" sc="9" el="96" ec="10" bec="0" bev="0" fileid="1" />
              </SequencePoints>
              <BranchPoints />
              <MethodPoint xsi:type="SequencePoint" vc="0" uspid="55" ordinal="0" offset="0" sl="90" sc="9" el="90" ec="10" bec="0" bev="0" fileid="1" />
            </Method>
            <Method visited="false" cyclomaticComplexity="4" nPathComplexity="8" sequenceCoverage="0" branchCoverage="0" crapScore="20" isConstructor="false" isStatic="true" isGetter="false" isSetter="false">
              <Summary numSequencePoints="8" visitedSequencePoints="0" numBranchPoints="7" visitedBranchPoints="0" sequenceCoverage="0" branchCoverage="0" maxCyclomaticComplexity="4" minCyclomaticComplexity="4" maxCrapScore="20" minCrapScore="20" visitedClasses="0" numClasses="0" visitedMethods="0" numMethods="1" />
              <MetadataToken>100663304</MetadataToken>
              <Name>System.Void Lab12.Tree`1::MinSearch(Lab12.TPoint`1&lt;T&gt;)</Name>
              <FileRef uid="1" />
              <SequencePoints>
                <SequencePoint vc="0" uspid="61" ordinal="0" offset="0" sl="98" sc="9" el="98" ec="10" bec="0" bev="0" fileid="1" />
                <SequencePoint vc="0" uspid="62" ordinal="1" offset="1" sl="99" sc="13" el="99" ec="46" bec="2" bev="0" fileid="1" />
                <SequencePoint vc="0" uspid="63" ordinal="2" offset="23" sl="100" sc="17" el="100" ec="46" bec="0" bev="0" fileid="1" />
                <SequencePoint vc="0" uspid="64" ordinal="3" offset="39" sl="102" sc="13" el="102" ec="36" bec="2" bev="0" fileid="1" />
                <SequencePoint vc="0" uspid="65" ordinal="4" offset="52" sl="103" sc="17" el="103" ec="39" bec="0" bev="0" fileid="1" />
                <SequencePoint vc="0" uspid="66" ordinal="5" offset="64" sl="104" sc="13" el="104" ec="37" bec="2" bev="0" fileid="1" />
                <SequencePoint vc="0" uspid="67" ordinal="6" offset="77" sl="105" sc="17" el="105" ec="40" bec="0" bev="0" fileid="1" />
                <SequencePoint vc="0" uspid="68" ordinal="7" offset="89" sl="106" sc="9" el="106" ec="10" bec="0" bev="0" fileid="1" />
              </SequencePoints>
              <BranchPoints>
                <BranchPoint vc="0" uspid="69" ordinal="0" offset="21" sl="99" path="0" offsetend="23" fileid="1" />
                <BranchPoint vc="0" uspid="70" ordinal="1" offset="21" sl="99" path="1" offsetend="39" fileid="1" />
                <BranchPoint vc="0" uspid="71" ordinal="2" offset="50" sl="102" path="0" offsetend="52" fileid="1" />
                <BranchPoint vc="0" uspid="72" ordinal="3" offset="50" sl="102" path="1" offsetend="64" fileid="1" />
                <BranchPoint vc="0" uspid="73" ordinal="4" offset="75" sl="104" path="0" offsetend="77" fileid="1" />
                <BranchPoint vc="0" uspid="74" ordinal="5" offset="75" sl="104" path="1" offsetend="89" fileid="1" />
              </BranchPoints>
              <MethodPoint xsi:type="SequencePoint" vc="0" uspid="61" ordinal="0" offset="0" sl="98" sc="9" el="98" ec="10" bec="0" bev="0" fileid="1" />
            </Method>
            <Method visited="true" cyclomaticComplexity="5" nPathComplexity="4" sequenceCoverage="90.91" branchCoverage="80" crapScore="5.02" isConstructor="false" isStatic="true" isGetter="false" isSetter="false">
              <Summary numSequencePoints="33" visitedSequencePoints="30" numBranchPoints="5" visitedBranchPoints="4" sequenceCoverage="90.91" branchCoverage="80" maxCyclomaticComplexity="5" minCyclomaticComplexity="5" maxCrapScore="5.02" minCrapScore="5.02" visitedClasses="0" numClasses="0" visitedMethods="1" numMethods="1" />
              <MetadataToken>100663305</MetadataToken>
              <Name>Lab12.Tree`1&lt;T&gt; Lab12.Tree`1::SortedTree(Lab12.Tree`1&lt;T&gt;)</Name>
              <FileRef uid="1" />
              <SequencePoints>
                <SequencePoint vc="1" uspid="75" ordinal="0" offset="0" sl="112" sc="9" el="112" ec="10" bec="0" bev="0" fileid="1" />
                <SequencePoint vc="1" uspid="76" ordinal="1" offset="1" sl="113" sc="13" el="113" ec="35" bec="2" bev="1" fileid="1" />
                <SequencePoint vc="0" uspid="77" ordinal="2" offset="16" sl="114" sc="13" el="114" ec="14" bec="0" bev="0" fileid="1" />
                <SequencePoint vc="0" uspid="78" ordinal="3" offset="17" sl="115" sc="17" el="115" ec="54" bec="0" bev="0" fileid="1" />
                <SequencePoint vc="0" uspid="79" ordinal="4" offset="28" sl="116" sc="17" el="116" ec="29" bec="0" bev="0" fileid="1" />
                <SequencePoint vc="1" uspid="80" ordinal="5" offset="36" sl="119" sc="13" el="119" ec="47" bec="0" bev="0" fileid="1" />
                <SequencePoint vc="1" uspid="81" ordinal="6" offset="47" sl="120" sc="13" el="120" ec="47" bec="0" bev="0" fileid="1" />
                <SequencePoint vc="1" uspid="82" ordinal="7" offset="58" sl="122" sc="13" el="122" ec="49" bec="0" bev="0" fileid="1" />
                <SequencePoint vc="1" uspid="83" ordinal="8" offset="72" sl="123" sc="13" el="123" ec="19" bec="0" bev="0" fileid="1" />
                <SequencePoint vc="1" uspid="84" ordinal="9" offset="78" sl="127" sc="18" el="127" ec="27" bec="0" bev="0" fileid="1" />
                <SequencePoint vc="4" uspid="85" ordinal="10" offset="83" sl="128" sc="13" el="128" ec="14" bec="0" bev="0" fileid="1" />
                <SequencePoint vc="4" uspid="86" ordinal="11" offset="84" sl="129" sc="22" el="129" ec="31" bec="0" bev="0" fileid="1" />
                <SequencePoint vc="16" uspid="87" ordinal="12" offset="89" sl="130" sc="17" el="130" ec="18" bec="0" bev="0" fileid="1" />
                <SequencePoint vc="16" uspid="88" ordinal="13" offset="90" sl="131" sc="21" el="131" ec="49" bec="2" bev="2" fileid="1" />
                <SequencePoint vc="4" uspid="89" ordinal="14" offset="108" sl="132" sc="21" el="132" ec="22" bec="0" bev="0" fileid="1" />
                <SequencePoint vc="4" uspid="90" ordinal="15" offset="109" sl="133" sc="25" el="133" ec="46" bec="0" bev="0" fileid="1" />
                <SequencePoint vc="4" uspid="91" ordinal="16" offset="116" sl="134" sc="25" el="134" ec="49" bec="0" bev="0" fileid="1" />
                <SequencePoint vc="4" uspid="92" ordinal="17" offset="126" sl="135" sc="25" el="135" ec="42" bec="0" bev="0" fileid="1" />
                <SequencePoint vc="4" uspid="93" ordinal="18" offset="131" sl="137" sc="25" el="137" ec="46" bec="0" bev="0" fileid="1" />
                <SequencePoint vc="4" uspid="94" ordinal="19" offset="138" sl="138" sc="25" el="138" ec="49" bec="0" bev="0" fileid="1" />
                <SequencePoint vc="4" uspid="95" ordinal="20" offset="148" sl="139" sc="25" el="139" ec="42" bec="0" bev="0" fileid="1" />
                <SequencePoint vc="4" uspid="96" ordinal="21" offset="153" sl="140" sc="21" el="140" ec="22" bec="0" bev="0" fileid="1" />
                <SequencePoint vc="16" uspid="97" ordinal="22" offset="154" sl="141" sc="17" el="141" ec="18" bec="0" bev="0" fileid="1" />
                <SequencePoint vc="16" uspid="98" ordinal="23" offset="155" sl="129" sc="56" el="129" ec="59" bec="0" bev="0" fileid="1" />
                <SequencePoint vc="20" uspid="99" ordinal="24" offset="161" sl="129" sc="33" el="129" ec="54" bec="0" bev="0" fileid="1" />
                <SequencePoint vc="4" uspid="100" ordinal="25" offset="179" sl="142" sc="13" el="142" ec="14" bec="0" bev="0" fileid="1" />
                <SequencePoint vc="4" uspid="101" ordinal="26" offset="180" sl="127" sc="52" el="127" ec="55" bec="0" bev="0" fileid="1" />
                <SequencePoint vc="5" uspid="102" ordinal="27" offset="186" sl="127" sc="29" el="127" ec="50" bec="0" bev="0" fileid="1" />
                <SequencePoint vc="1" uspid="103" ordinal="28" offset="204" sl="144" sc="13" el="144" ec="41" bec="0" bev="0" fileid="1" />
                <SequencePoint vc="1" uspid="104" ordinal="29" offset="211" sl="145" sc="13" el="145" ec="40" bec="0" bev="0" fileid="1" />
                <SequencePoint vc="1" uspid="105" ordinal="30" offset="223" sl="146" sc="13" el="146" ec="71" bec="0" bev="0" fileid="1" />
                <SequencePoint vc="1" uspid="106" ordinal="31" offset="244" sl="148" sc="13" el="148" ec="24" bec="0" bev="0" fileid="1" />
                <SequencePoint vc="1" uspid="107" ordinal="32" offset="250" sl="149" sc="9" el="149" ec="10" bec="0" bev="0" fileid="1" />
              </SequencePoints>
              <BranchPoints>
                <BranchPoint vc="0" uspid="108" ordinal="0" offset="14" sl="113" path="0" offsetend="16" fileid="1" />
                <BranchPoint vc="1" uspid="109" ordinal="1" offset="14" sl="113" path="1" offsetend="36" fileid="1" />
                <BranchPoint vc="4" uspid="110" ordinal="2" offset="106" sl="131" path="0" offsetend="108" fileid="1" />
                <BranchPoint vc="12" uspid="111" ordinal="3" offset="106" sl="131" path="1" offsetend="154" fileid="1" />
              </BranchPoints>
              <MethodPoint xsi:type="SequencePoint" vc="1" uspid="75" ordinal="0" offset="0" sl="112" sc="9" el="112" ec="10" bec="0" bev="0" fileid="1" />
            </Method>
            <Method visited="true" cyclomaticComplexity="3" nPathComplexity="4" sequenceCoverage="100" branchCoverage="100" crapScore="3" isConstructor="false" isStatic="true" isGetter="false" isSetter="false">
              <Summary numSequencePoints="9" visitedSequencePoints="9" numBranchPoints="5" visitedBranchPoints="5" sequenceCoverage="100" branchCoverage="100" maxCyclomaticComplexity="3" minCyclomaticComplexity="3" maxCrapScore="3" minCrapScore="3" visitedClasses="0" numClasses="0" visitedMethods="1" numMethods="1" />
              <MetadataToken>100663306</MetadataToken>
              <Name>System.Void Lab12.Tree`1::FillArrays(Lab12.TPoint`1&lt;T&gt;,System.String[],System.Double[])</Name>
              <FileRef uid="1" />
              <SequencePoints>
                <SequencePoint vc="5" uspid="112" ordinal="0" offset="0" sl="151" sc="9" el="151" ec="10" bec="0" bev="0" fileid="1" />
                <SequencePoint vc="5" uspid="113" ordinal="1" offset="1" sl="152" sc="13" el="152" ec="40" bec="0" bev="0" fileid="1" />
                <SequencePoint vc="5" uspid="114" ordinal="2" offset="19" sl="153" sc="13" el="153" ec="42" bec="0" bev="0" fileid="1" />
                <SequencePoint vc="5" uspid="115" ordinal="3" offset="37" sl="154" sc="13" el="154" ec="17" bec="0" bev="0" fileid="1" />
                <SequencePoint vc="5" uspid="116" ordinal="4" offset="49" sl="156" sc="13" el="156" ec="36" bec="2" bev="2" fileid="1" />
                <SequencePoint vc="2" uspid="117" ordinal="5" offset="62" sl="157" sc="17" el="157" ec="54" bec="0" bev="0" fileid="1" />
                <SequencePoint vc="5" uspid="118" ordinal="6" offset="76" sl="158" sc="13" el="158" ec="37" bec="2" bev="2" fileid="1" />
                <SequencePoint vc="2" uspid="119" ordinal="7" offset="89" sl="159" sc="17" el="159" ec="55" bec="0" bev="0" fileid="1" />
                <SequencePoint vc="5" uspid="120" ordinal="8" offset="103" sl="160" sc="9" el="160" ec="10" bec="0" bev="0" fileid="1" />
              </SequencePoints>
              <BranchPoints>
                <BranchPoint vc="2" uspid="121" ordinal="0" offset="60" sl="156" path="0" offsetend="62" fileid="1" />
                <BranchPoint vc="3" uspid="122" ordinal="1" offset="60" sl="156" path="1" offsetend="76" fileid="1" />
                <BranchPoint vc="2" uspid="123" ordinal="2" offset="87" sl="158" path="0" offsetend="89" fileid="1" />
                <BranchPoint vc="3" uspid="124" ordinal="3" offset="87" sl="158" path="1" offsetend="103" fileid="1" />
              </BranchPoints>
              <MethodPoint xsi:type="SequencePoint" vc="5" uspid="112" ordinal="0" offset="0" sl="151" sc="9" el="151" ec="10" bec="0" bev="0" fileid="1" />
            </Method>
            <Method visited="true" cyclomaticComplexity="2" nPathComplexity="2" sequenceCoverage="100" branchCoverage="100" crapScore="2" isConstructor="false" isStatic="true" isGetter="false" isSetter="false">
              <Summary numSequencePoints="10" visitedSequencePoints="10" numBranchPoints="3" visitedBranchPoints="3" sequenceCoverage="100" branchCoverage="100" maxCyclomaticComplexity="2" minCyclomaticComplexity="2" maxCrapScore="2" minCrapScore="2" visitedClasses="0" numClasses="0" visitedMethods="1" numMethods="1" />
              <MetadataToken>100663307</MetadataToken>
              <Name>System.Void Lab12.Tree`1::FillTree(Lab12.TPoint`1&lt;T&gt;&amp;,System.Int32,System.Int32,System.String[],System.Double[])</Name>
              <FileRef uid="1" />
              <SequencePoints>
                <SequencePoint vc="11" uspid="125" ordinal="0" offset="0" sl="162" sc="9" el="162" ec="10" bec="0" bev="0" fileid="1" />
                <SequencePoint vc="11" uspid="126" ordinal="1" offset="1" sl="163" sc="13" el="163" ec="30" bec="2" bev="2" fileid="1" />
                <SequencePoint vc="6" uspid="127" ordinal="2" offset="9" sl="164" sc="13" el="164" ec="14" bec="0" bev="0" fileid="1" />
                <SequencePoint vc="6" uspid="128" ordinal="3" offset="10" sl="165" sc="17" el="165" ec="30" bec="0" bev="0" fileid="1" />
                <SequencePoint vc="6" uspid="129" ordinal="4" offset="13" sl="166" sc="17" el="166" ec="24" bec="0" bev="0" fileid="1" />
                <SequencePoint vc="5" uspid="130" ordinal="5" offset="15" sl="169" sc="13" el="169" ec="49" bec="0" bev="0" fileid="1" />
                <SequencePoint vc="5" uspid="131" ordinal="6" offset="23" sl="171" sc="13" el="171" ec="71" bec="0" bev="0" fileid="1" />
                <SequencePoint vc="5" uspid="132" ordinal="7" offset="42" sl="173" sc="13" el="173" ec="67" bec="0" bev="0" fileid="1" />
                <SequencePoint vc="5" uspid="133" ordinal="8" offset="62" sl="174" sc="13" el="174" ec="69" bec="0" bev="0" fileid="1" />
                <SequencePoint vc="11" uspid="134" ordinal="9" offset="82" sl="175" sc="9" el="175" ec="10" bec="0" bev="0" fileid="1" />
              </SequencePoints>
              <BranchPoints>
                <BranchPoint vc="6" uspid="135" ordinal="0" offset="7" sl="163" path="0" offsetend="9" fileid="1" />
                <BranchPoint vc="5" uspid="136" ordinal="1" offset="7" sl="163" path="1" offsetend="15" fileid="1" />
              </BranchPoints>
              <MethodPoint xsi:type="SequencePoint" vc="11" uspid="125" ordinal="0" offset="0" sl="162" sc="9" el="162" ec="10" bec="0" bev="0" fileid="1" />
            </Method>
          </Methods>
        </Class>
        <Class>
          <Summary numSequencePoints="12" visitedSequencePoints="12" numBranchPoints="2" visitedBranchPoints="2" sequenceCoverage="100" branchCoverage="100" maxCyclomaticComplexity="1" minCyclomaticComplexity="1" maxCrapScore="1" minCrapScore="1" visitedClasses="1" numClasses="1" visitedMethods="2" numMethods="2" />
          <FullName>Lab12.TPoint`1</FullName>
          <Methods>
            <Method visited="true" cyclomaticComplexity="1" nPathComplexity="0" sequenceCoverage="100" branchCoverage="100" crapScore="1" isConstructor="true" isStatic="false" isGetter="false" isSetter="false">
              <Summary numSequencePoints="6" visitedSequencePoints="6" numBranchPoints="1" visitedBranchPoints="1" sequenceCoverage="100" branchCoverage="100" maxCyclomaticComplexity="1" minCyclomaticComplexity="1" maxCrapScore="1" minCrapScore="1" visitedClasses="0" numClasses="0" visitedMethods="1" numMethods="1" />
              <MetadataToken>100663308</MetadataToken>
              <Name>System.Void Lab12.TPoint`1::.ctor()</Name>
              <FileRef uid="2" />
              <SequencePoints>
                <SequencePoint vc="4" uspid="137" ordinal="0" offset="0" sl="18" sc="9" el="18" ec="24" bec="0" bev="0" fileid="2" />
                <SequencePoint vc="4" uspid="138" ordinal="1" offset="7" sl="19" sc="9" el="19" ec="10" bec="0" bev="0" fileid="2" />
                <SequencePoint vc="4" uspid="139" ordinal="2" offset="8" sl="20" sc="13" el="20" ec="33" bec="0" bev="0" fileid="2" />
                <SequencePoint vc="4" uspid="140" ordinal="3" offset="19" sl="21" sc="13" el="21" ec="25" bec="0" bev="0" fileid="2" />
                <SequencePoint vc="4" uspid="141" ordinal="4" offset="26" sl="22" sc="13" el="22" ec="26" bec="0" bev="0" fileid="2" />
                <SequencePoint vc="4" uspid="142" ordinal="5" offset="33" sl="23" sc="9" el="23" ec="10" bec="0" bev="0" fileid="2" />
              </SequencePoints>
              <BranchPoints />
              <MethodPoint xsi:type="SequencePoint" vc="4" uspid="137" ordinal="0" offset="0" sl="18" sc="9" el="18" ec="24" bec="0" bev="0" fileid="2" />
            </Method>
            <Method visited="true" cyclomaticComplexity="1" nPathComplexity="0" sequenceCoverage="100" branchCoverage="100" crapScore="1" isConstructor="true" isStatic="false" isGetter="false" isSetter="false">
              <Summary numSequencePoints="6" visitedSequencePoints="6" numBranchPoints="1" visitedBranchPoints="1" sequenceCoverage="100" branchCoverage="100" maxCyclomaticComplexity="1" minCyclomaticComplexity="1" maxCrapScore="1" minCrapScore="1" visitedClasses="0" numClasses="0" visitedMethods="1" numMethods="1" />
              <MetadataToken>100663309</MetadataToken>
              <Name>System.Void Lab12.TPoint`1::.ctor(ShapesLib.Circle)</Name>
              <FileRef uid="2" />
              <SequencePoints>
                <SequencePoint vc="15" uspid="143" ordinal="0" offset="0" sl="24" sc="9" el="24" ec="36" bec="0" bev="0" fileid="2" />
                <SequencePoint vc="15" uspid="144" ordinal="1" offset="7" sl="25" sc="9" el="25" ec="10" bec="0" bev="0" fileid="2" />
                <SequencePoint vc="15" uspid="145" ordinal="2" offset="8" sl="26" sc="13" el="26" ec="26" bec="0" bev="0" fileid="2" />
                <SequencePoint vc="15" uspid="146" ordinal="3" offset="15" sl="27" sc="13" el="27" ec="25" bec="0" bev="0" fileid="2" />
                <SequencePoint vc="15" uspid="147" ordinal="4" offset="22" sl="28" sc="13" el="28" ec="26" bec="0" bev="0" fileid="2" />
                <SequencePoint vc="15" uspid="148" ordinal="5" offset="29" sl="29" sc="9" el="29" ec="10" bec="0" bev="0" fileid="2" />
              </SequencePoints>
              <BranchPoints />
              <MethodPoint xsi:type="SequencePoint" vc="15" uspid="143" ordinal="0" offset="0" sl="24" sc="9" el="24" ec="36" bec="0" bev="0" fileid="2" />
            </Method>
          </Methods>
        </Class>
        <Class>
          <Summary numSequencePoints="15" visitedSequencePoints="0" numBranchPoints="2" visitedBranchPoints="0" sequenceCoverage="0" branchCoverage="0" maxCyclomaticComplexity="2" minCyclomaticComplexity="1" maxCrapScore="6" minCrapScore="2" visitedClasses="0" numClasses="1" visitedMethods="0" numMethods="2" />
          <FullName>Lab12.LPoint`1</FullName>
          <Methods>
            <Method visited="false" cyclomaticComplexity="1" nPathComplexity="0" sequenceCoverage="0" branchCoverage="0" crapScore="2" isConstructor="true" isStatic="false" isGetter="false" isSetter="false">
              <Summary numSequencePoints="6" visitedSequencePoints="0" numBranchPoints="1" visitedBranchPoints="0" sequenceCoverage="0" branchCoverage="0" maxCyclomaticComplexity="1" minCyclomaticComplexity="1" maxCrapScore="2" minCrapScore="2" visitedClasses="0" numClasses="0" visitedMethods="0" numMethods="1" />
              <MetadataToken>100663310</MetadataToken>
              <Name>System.Void Lab12.LPoint`1::.ctor(ShapesLib.Shape)</Name>
              <FileRef uid="3" />
              <SequencePoints>
                <SequencePoint vc="0" uspid="149" ordinal="0" offset="0" sl="15" sc="9" el="15" ec="35" bec="0" bev="0" fileid="3" />
                <SequencePoint vc="0" uspid="150" ordinal="1" offset="7" sl="16" sc="9" el="16" ec="10" bec="0" bev="0" fileid="3" />
                <SequencePoint vc="0" uspid="151" ordinal="2" offset="8" sl="17" sc="13" el="17" ec="27" bec="0" bev="0" fileid="3" />
                <SequencePoint vc="0" uspid="152" ordinal="3" offset="15" sl="18" sc="13" el="18" ec="33" bec="0" bev="0" fileid="3" />
                <SequencePoint vc="0" uspid="153" ordinal="4" offset="27" sl="19" sc="13" el="19" ec="25" bec="0" bev="0" fileid="3" />
                <SequencePoint vc="0" uspid="154" ordinal="5" offset="34" sl="20" sc="9" el="20" ec="10" bec="0" bev="0" fileid="3" />
              </SequencePoints>
              <BranchPoints />
              <MethodPoint xsi:type="SequencePoint" vc="0" uspid="149" ordinal="0" offset="0" sl="15" sc="9" el="15" ec="35" bec="0" bev="0" fileid="3" />
            </Method>
            <Method visited="false" cyclomaticComplexity="2" nPathComplexity="0" sequenceCoverage="0" branchCoverage="0" crapScore="6" isConstructor="false" isStatic="false" isGetter="false" isSetter="false">
              <Summary numSequencePoints="9" visitedSequencePoints="0" numBranchPoints="1" visitedBranchPoints="0" sequenceCoverage="0" branchCoverage="0" maxCyclomaticComplexity="2" minCyclomaticComplexity="2" maxCrapScore="6" minCrapScore="6" visitedClasses="0" numClasses="0" visitedMethods="0" numMethods="1" />
              <MetadataToken>100663311</MetadataToken>
              <Name>System.Int32 Lab12.LPoint`1::GetHashCode()</Name>
              <FileRef uid="3" />
              <SequencePoints>
                <SequencePoint vc="0" uspid="155" ordinal="0" offset="0" sl="22" sc="9" el="22" ec="10" bec="0" bev="0" fileid="3" />
                <SequencePoint vc="0" uspid="156" ordinal="1" offset="1" sl="23" sc="13" el="23" ec="26" bec="0" bev="0" fileid="3" />
                <SequencePoint vc="0" uspid="157" ordinal="2" offset="3" sl="24" sc="13" el="24" ec="20" bec="0" bev="0" fileid="3" />
                <SequencePoint vc="0" uspid="158" ordinal="3" offset="4" sl="24" sc="32" el="24" ec="42" bec="0" bev="0" fileid="3" />
                <SequencePoint vc="0" uspid="159" ordinal="4" offset="20" sl="24" sc="22" el="24" ec="28" bec="0" bev="0" fileid="3" />
                <SequencePoint vc="0" uspid="160" ordinal="5" offset="28" sl="25" sc="17" el="25" ec="32" bec="0" bev="0" fileid="3" />
                <SequencePoint vc="0" uspid="161" ordinal="6" offset="36" sl="24" sc="29" el="24" ec="31" bec="0" bev="0" fileid="3" />
                <SequencePoint vc="0" uspid="162" ordinal="7" offset="45" sl="26" sc="13" el="26" ec="25" bec="0" bev="0" fileid="3" />
                <SequencePoint vc="0" uspid="163" ordinal="8" offset="50" sl="27" sc="9" el="27" ec="10" bec="0" bev="0" fileid="3" />
              </SequencePoints>
              <BranchPoints />
              <MethodPoint xsi:type="SequencePoint" vc="0" uspid="155" ordinal="0" offset="0" sl="22" sc="9" el="22" ec="10" bec="0" bev="0" fileid="3" />
            </Method>
          </Methods>
        </Class>
        <Class>
          <Summary numSequencePoints="86" visitedSequencePoints="0" numBranchPoints="23" visitedBranchPoints="0" sequenceCoverage="0" branchCoverage="0" maxCyclomaticComplexity="6" minCyclomaticComplexity="1" maxCrapScore="42" minCrapScore="2" visitedClasses="0" numClasses="1" visitedMethods="0" numMethods="7" />
          <FullName>Lab12.HTable`1</FullName>
          <Methods>
            <Method visited="false" cyclomaticComplexity="1" nPathComplexity="0" sequenceCoverage="0" branchCoverage="0" crapScore="2" isConstructor="false" isStatic="false" isGetter="true" isSetter="false">
              <Summary numSequencePoints="1" visitedSequencePoints="0" numBranchPoints="1" visitedBranchPoints="0" sequenceCoverage="0" branchCoverage="0" maxCyclomaticComplexity="1" minCyclomaticComplexity="1" maxCrapScore="2" minCrapScore="2" visitedClasses="0" numClasses="0" visitedMethods="0" numMethods="1" />
              <MetadataToken>100663312</MetadataToken>
              <Name>Lab12.LPoint`1&lt;T&gt; Lab12.HTable`1::get_Item(System.Int32)</Name>
              <FileRef uid="4" />
              <SequencePoints>
                <SequencePoint vc="0" uspid="166" ordinal="0" offset="0" sl="19" sc="20" el="19" ec="32" bec="0" bev="0" fileid="4" />
              </SequencePoints>
              <BranchPoints />
              <MethodPoint xsi:type="SequencePoint" vc="0" uspid="166" ordinal="0" offset="0" sl="19" sc="20" el="19" ec="32" bec="0" bev="0" fileid="4" />
            </Method>
            <Method visited="false" cyclomaticComplexity="1" nPathComplexity="0" sequenceCoverage="0" branchCoverage="0" crapScore="2" isConstructor="false" isStatic="false" isGetter="false" isSetter="true">
              <Summary numSequencePoints="1" visitedSequencePoints="0" numBranchPoints="1" visitedBranchPoints="0" sequenceCoverage="0" branchCoverage="0" maxCyclomaticComplexity="1" minCyclomaticComplexity="1" maxCrapScore="2" minCrapScore="2" visitedClasses="0" numClasses="0" visitedMethods="0" numMethods="1" />
              <MetadataToken>100663313</MetadataToken>
              <Name>System.Void Lab12.HTable`1::set_Item(System.Int32,Lab12.LPoint`1&lt;T&gt;)</Name>
              <FileRef uid="4" />
              <SequencePoints>
                <SequencePoint vc="0" uspid="167" ordinal="0" offset="0" sl="20" sc="20" el="20" ec="40" bec="0" bev="0" fileid="4" />
              </SequencePoints>
              <BranchPoints />
              <MethodPoint xsi:type="SequencePoint" vc="0" uspid="167" ordinal="0" offset="0" sl="20" sc="20" el="20" ec="40" bec="0" bev="0" fileid="4" />
            </Method>
            <Method visited="false" cyclomaticComplexity="1" nPathComplexity="0" sequenceCoverage="0" branchCoverage="0" crapScore="2" isConstructor="true" isStatic="false" isGetter="false" isSetter="false">
              <Summary numSequencePoints="5" visitedSequencePoints="0" numBranchPoints="1" visitedBranchPoints="0" sequenceCoverage="0" branchCoverage="0" maxCyclomaticComplexity="1" minCyclomaticComplexity="1" maxCrapScore="2" minCrapScore="2" visitedClasses="0" numClasses="0" visitedMethods="0" numMethods="1" />
              <MetadataToken>100663314</MetadataToken>
              <Name>System.Void Lab12.HTable`1::.ctor(System.Int32)</Name>
              <FileRef uid="4" />
              <SequencePoints>
                <SequencePoint vc="0" uspid="168" ordinal="0" offset="0" sl="23" sc="9" el="23" ec="32" bec="0" bev="0" fileid="4" />
                <SequencePoint vc="0" uspid="169" ordinal="1" offset="7" sl="24" sc="9" el="24" ec="10" bec="0" bev="0" fileid="4" />
                <SequencePoint vc="0" uspid="170" ordinal="2" offset="8" sl="25" sc="13" el="25" ec="25" bec="0" bev="0" fileid="4" />
                <SequencePoint vc="0" uspid="171" ordinal="3" offset="15" sl="26" sc="13" el="26" ec="41" bec="0" bev="0" fileid="4" />
                <SequencePoint vc="0" uspid="172" ordinal="4" offset="32" sl="27" sc="9" el="27" ec="10" bec="0" bev="0" fileid="4" />
              </SequencePoints>
              <BranchPoints />
              <MethodPoint xsi:type="SequencePoint" vc="0" uspid="168" ordinal="0" offset="0" sl="23" sc="9" el="23" ec="32" bec="0" bev="0" fileid="4" />
            </Method>
            <Method visited="false" cyclomaticComplexity="4" nPathComplexity="2" sequenceCoverage="0" branchCoverage="0" crapScore="20" isConstructor="false" isStatic="false" isGetter="false" isSetter="false">
              <Summary numSequencePoints="16" visitedSequencePoints="0" numBranchPoints="3" visitedBranchPoints="0" sequenceCoverage="0" branchCoverage="0" maxCyclomaticComplexity="4" minCyclomaticComplexity="4" maxCrapScore="20" minCrapScore="20" visitedClasses="0" numClasses="0" visitedMethods="0" numMethods="1" />
              <MetadataToken>100663315</MetadataToken>
              <Name>System.Void Lab12.HTable`1::Add(T)</Name>
              <FileRef uid="4" />
              <SequencePoints>
                <SequencePoint vc="0" uspid="173" ordinal="0" offset="0" sl="30" sc="9" el="30" ec="10" bec="0" bev="0" fileid="4" />
                <SequencePoint vc="0" uspid="174" ordinal="1" offset="1" sl="31" sc="13" el="31" ec="51" bec="0" bev="0" fileid="4" />
                <SequencePoint vc="0" uspid="175" ordinal="2" offset="13" sl="32" sc="13" el="32" ec="62" bec="0" bev="0" fileid="4" />
                <SequencePoint vc="0" uspid="176" ordinal="3" offset="32" sl="33" sc="13" el="33" ec="42" bec="0" bev="0" fileid="4" />
                <SequencePoint vc="0" uspid="177" ordinal="4" offset="41" sl="35" sc="13" el="35" ec="29" bec="0" bev="0" fileid="4" />
                <SequencePoint vc="0" uspid="178" ordinal="5" offset="49" sl="36" sc="13" el="36" ec="14" bec="0" bev="0" fileid="4" />
                <SequencePoint vc="0" uspid="179" ordinal="6" offset="50" sl="37" sc="17" el="37" ec="38" bec="0" bev="0" fileid="4" />
                <SequencePoint vc="0" uspid="180" ordinal="7" offset="59" sl="38" sc="17" el="38" ec="24" bec="0" bev="0" fileid="4" />
                <SequencePoint vc="0" uspid="181" ordinal="8" offset="63" sl="42" sc="13" el="42" ec="14" bec="0" bev="0" fileid="4" />
                <SequencePoint vc="0" uspid="182" ordinal="9" offset="64" sl="43" sc="17" el="43" ec="38" bec="2" bev="0" fileid="4" />
                <SequencePoint vc="0" uspid="183" ordinal="10" offset="79" sl="44" sc="21" el="44" ec="27" bec="0" bev="0" fileid="4" />
                <SequencePoint vc="0" uspid="184" ordinal="11" offset="81" sl="45" sc="17" el="45" ec="32" bec="0" bev="0" fileid="4" />
                <SequencePoint vc="0" uspid="185" ordinal="12" offset="88" sl="46" sc="13" el="46" ec="14" bec="0" bev="0" fileid="4" />
                <SequencePoint vc="0" uspid="186" ordinal="13" offset="89" sl="41" sc="13" el="41" ec="32" bec="0" bev="0" fileid="4" />
                <SequencePoint vc="0" uspid="187" ordinal="14" offset="99" sl="48" sc="13" el="48" ec="30" bec="0" bev="0" fileid="4" />
                <SequencePoint vc="0" uspid="188" ordinal="15" offset="106" sl="49" sc="9" el="49" ec="10" bec="0" bev="0" fileid="4" />
              </SequencePoints>
              <BranchPoints>
                <BranchPoint vc="0" uspid="189" ordinal="0" offset="77" sl="43" path="0" offsetchain="79" offsetend="99" fileid="4" />
                <BranchPoint vc="0" uspid="190" ordinal="1" offset="77" sl="43" path="1" offsetend="81" fileid="4" />
              </BranchPoints>
              <MethodPoint xsi:type="SequencePoint" vc="0" uspid="173" ordinal="0" offset="0" sl="30" sc="9" el="30" ec="10" bec="0" bev="0" fileid="4" />
            </Method>
            <Method visited="false" cyclomaticComplexity="5" nPathComplexity="8" sequenceCoverage="0" branchCoverage="0" crapScore="30" isConstructor="false" isStatic="false" isGetter="false" isSetter="false">
              <Summary numSequencePoints="28" visitedSequencePoints="0" numBranchPoints="7" visitedBranchPoints="0" sequenceCoverage="0" branchCoverage="0" maxCyclomaticComplexity="5" minCyclomaticComplexity="5" maxCrapScore="30" minCrapScore="30" visitedClasses="0" numClasses="0" visitedMethods="0" numMethods="1" />
              <MetadataToken>100663316</MetadataToken>
              <Name>System.Void Lab12.HTable`1::Print()</Name>
              <FileRef uid="4" />
              <SequencePoints>
                <SequencePoint vc="0" uspid="191" ordinal="0" offset="0" sl="52" sc="9" el="52" ec="10" bec="0" bev="0" fileid="4" />
                <SequencePoint vc="0" uspid="192" ordinal="1" offset="1" sl="53" sc="13" el="53" ec="49" bec="0" bev="0" fileid="4" />
                <SequencePoint vc="0" uspid="193" ordinal="2" offset="12" sl="55" sc="13" el="55" ec="31" bec="2" bev="0" fileid="4" />
                <SequencePoint vc="0" uspid="194" ordinal="3" offset="25" sl="56" sc="13" el="56" ec="14" bec="0" bev="0" fileid="4" />
                <SequencePoint vc="0" uspid="195" ordinal="4" offset="26" sl="57" sc="17" el="57" ec="53" bec="0" bev="0" fileid="4" />
                <SequencePoint vc="0" uspid="196" ordinal="5" offset="37" sl="58" sc="17" el="58" ec="24" bec="0" bev="0" fileid="4" />
                <SequencePoint vc="0" uspid="197" ordinal="6" offset="42" sl="61" sc="18" el="61" ec="27" bec="0" bev="0" fileid="4" />
                <SequencePoint vc="0" uspid="198" ordinal="7" offset="49" sl="62" sc="13" el="62" ec="14" bec="0" bev="0" fileid="4" />
                <SequencePoint vc="0" uspid="199" ordinal="8" offset="50" sl="63" sc="17" el="63" ec="38" bec="2" bev="0" fileid="4" />
                <SequencePoint vc="0" uspid="200" ordinal="9" offset="65" sl="64" sc="17" el="64" ec="18" bec="0" bev="0" fileid="4" />
                <SequencePoint vc="0" uspid="201" ordinal="10" offset="66" sl="65" sc="21" el="65" ec="61" bec="0" bev="0" fileid="4" />
                <SequencePoint vc="0" uspid="202" ordinal="11" offset="88" sl="66" sc="17" el="66" ec="18" bec="0" bev="0" fileid="4" />
                <SequencePoint vc="0" uspid="203" ordinal="12" offset="91" sl="68" sc="17" el="68" ec="18" bec="0" bev="0" fileid="4" />
                <SequencePoint vc="0" uspid="204" ordinal="13" offset="92" sl="69" sc="21" el="69" ec="54" bec="0" bev="0" fileid="4" />
                <SequencePoint vc="0" uspid="205" ordinal="14" offset="114" sl="71" sc="21" el="71" ec="46" bec="0" bev="0" fileid="4" />
                <SequencePoint vc="0" uspid="206" ordinal="15" offset="125" sl="74" sc="21" el="74" ec="22" bec="0" bev="0" fileid="4" />
                <SequencePoint vc="0" uspid="207" ordinal="16" offset="126" sl="75" sc="25" el="75" ec="46" bec="0" bev="0" fileid="4" />
                <SequencePoint vc="0" uspid="208" ordinal="17" offset="138" sl="77" sc="25" el="77" ec="40" bec="0" bev="0" fileid="4" />
                <SequencePoint vc="0" uspid="209" ordinal="18" offset="145" sl="78" sc="21" el="78" ec="22" bec="0" bev="0" fileid="4" />
                <SequencePoint vc="0" uspid="210" ordinal="19" offset="146" sl="73" sc="21" el="73" ec="45" bec="0" bev="0" fileid="4" />
                <SequencePoint vc="0" uspid="211" ordinal="20" offset="161" sl="80" sc="21" el="80" ec="42" bec="0" bev="0" fileid="4" />
                <SequencePoint vc="0" uspid="212" ordinal="21" offset="173" sl="81" sc="21" el="81" ec="41" bec="0" bev="0" fileid="4" />
                <SequencePoint vc="0" uspid="213" ordinal="22" offset="179" sl="82" sc="17" el="82" ec="18" bec="0" bev="0" fileid="4" />
                <SequencePoint vc="0" uspid="214" ordinal="23" offset="180" sl="83" sc="13" el="83" ec="14" bec="0" bev="0" fileid="4" />
                <SequencePoint vc="0" uspid="215" ordinal="24" offset="181" sl="61" sc="39" el="61" ec="42" bec="0" bev="0" fileid="4" />
                <SequencePoint vc="0" uspid="216" ordinal="25" offset="185" sl="61" sc="29" el="61" ec="37" bec="2" bev="0" fileid="4" />
                <SequencePoint vc="0" uspid="217" ordinal="26" offset="203" sl="85" sc="13" el="85" ec="33" bec="0" bev="0" fileid="4" />
                <SequencePoint vc="0" uspid="218" ordinal="27" offset="209" sl="86" sc="9" el="86" ec="10" bec="0" bev="0" fileid="4" />
              </SequencePoints>
              <BranchPoints>
                <BranchPoint vc="0" uspid="219" ordinal="0" offset="23" sl="55" path="0" offsetend="25" fileid="4" />
                <BranchPoint vc="0" uspid="220" ordinal="1" offset="23" sl="55" path="1" offsetend="42" fileid="4" />
                <BranchPoint vc="0" uspid="221" ordinal="2" offset="63" sl="63" path="0" offsetend="65" fileid="4" />
                <BranchPoint vc="0" uspid="222" ordinal="3" offset="63" sl="63" path="1" offsetend="91" fileid="4" />
                <BranchPoint vc="0" uspid="223" ordinal="4" offset="198" sl="61" path="0" offsetend="203" fileid="4" />
                <BranchPoint vc="0" uspid="224" ordinal="5" offset="198" sl="61" path="1" offsetend="49" fileid="4" />
              </BranchPoints>
              <MethodPoint xsi:type="SequencePoint" vc="0" uspid="191" ordinal="0" offset="0" sl="52" sc="9" el="52" ec="10" bec="0" bev="0" fileid="4" />
            </Method>
            <Method visited="false" cyclomaticComplexity="6" nPathComplexity="8" sequenceCoverage="0" branchCoverage="0" crapScore="42" isConstructor="false" isStatic="false" isGetter="false" isSetter="false">
              <Summary numSequencePoints="20" visitedSequencePoints="0" numBranchPoints="7" visitedBranchPoints="0" sequenceCoverage="0" branchCoverage="0" maxCyclomaticComplexity="6" minCyclomaticComplexity="6" maxCrapScore="42" minCrapScore="42" visitedClasses="0" numClasses="0" visitedMethods="0" numMethods="1" />
              <MetadataToken>100663317</MetadataToken>
              <Name>System.Void Lab12.HTable`1::Delete(ShapesLib.Shape)</Name>
              <FileRef uid="4" />
              <SequencePoints>
                <SequencePoint vc="0" uspid="225" ordinal="0" offset="0" sl="89" sc="9" el="89" ec="10" bec="0" bev="0" fileid="4" />
                <SequencePoint vc="0" uspid="226" ordinal="1" offset="1" sl="90" sc="13" el="90" ec="52" bec="0" bev="0" fileid="4" />
                <SequencePoint vc="0" uspid="227" ordinal="2" offset="8" sl="91" sc="13" el="91" ec="61" bec="0" bev="0" fileid="4" />
                <SequencePoint vc="0" uspid="228" ordinal="3" offset="27" sl="93" sc="13" el="93" ec="33" bec="0" bev="0" fileid="4" />
                <SequencePoint vc="0" uspid="229" ordinal="4" offset="36" sl="95" sc="13" el="95" ec="31" bec="2" bev="0" fileid="4" />
                <SequencePoint vc="0" uspid="230" ordinal="5" offset="44" sl="96" sc="17" el="96" ec="24" bec="0" bev="0" fileid="4" />
                <SequencePoint vc="0" uspid="231" ordinal="6" offset="49" sl="98" sc="13" el="98" ec="43" bec="0" bev="0" fileid="4" />
                <SequencePoint vc="0" uspid="232" ordinal="7" offset="65" sl="99" sc="13" el="99" ec="14" bec="0" bev="0" fileid="4" />
                <SequencePoint vc="0" uspid="233" ordinal="8" offset="66" sl="100" sc="17" el="100" ec="48" bec="0" bev="0" fileid="4" />
                <SequencePoint vc="0" uspid="234" ordinal="9" offset="87" sl="101" sc="17" el="101" ec="67" bec="0" bev="0" fileid="4" />
                <SequencePoint vc="0" uspid="235" ordinal="10" offset="98" sl="102" sc="17" el="102" ec="24" bec="0" bev="0" fileid="4" />
                <SequencePoint vc="0" uspid="236" ordinal="11" offset="102" sl="106" sc="21" el="106" ec="40" bec="0" bev="0" fileid="4" />
                <SequencePoint vc="0" uspid="237" ordinal="12" offset="109" sl="105" sc="13" el="105" ec="74" bec="2" bev="0" fileid="4" />
                <SequencePoint vc="0" uspid="238" ordinal="13" offset="146" sl="107" sc="13" el="107" ec="36" bec="2" bev="0" fileid="4" />
                <SequencePoint vc="0" uspid="239" ordinal="14" offset="161" sl="108" sc="13" el="108" ec="14" bec="0" bev="0" fileid="4" />
                <SequencePoint vc="0" uspid="240" ordinal="15" offset="162" sl="109" sc="17" el="109" ec="46" bec="0" bev="0" fileid="4" />
                <SequencePoint vc="0" uspid="241" ordinal="16" offset="179" sl="110" sc="17" el="110" ec="67" bec="0" bev="0" fileid="4" />
                <SequencePoint vc="0" uspid="242" ordinal="17" offset="190" sl="111" sc="17" el="111" ec="24" bec="0" bev="0" fileid="4" />
                <SequencePoint vc="0" uspid="243" ordinal="18" offset="192" sl="114" sc="13" el="114" ec="57" bec="0" bev="0" fileid="4" />
                <SequencePoint vc="0" uspid="244" ordinal="19" offset="203" sl="115" sc="9" el="115" ec="10" bec="0" bev="0" fileid="4" />
              </SequencePoints>
              <BranchPoints>
                <BranchPoint vc="0" uspid="245" ordinal="0" offset="42" sl="95" path="0" offsetchain="44" offsetend="203" fileid="4" />
                <BranchPoint vc="0" uspid="246" ordinal="1" offset="42" sl="95" path="1" offsetend="49" fileid="4" />
                <BranchPoint vc="0" uspid="247" ordinal="2" offset="115" sl="105" path="0" offsetend="117" fileid="4" />
                <BranchPoint vc="0" uspid="248" ordinal="3" offset="115" sl="105" path="1" offsetend="139" fileid="4" />
                <BranchPoint vc="0" uspid="249" ordinal="4" offset="159" sl="107" path="0" offsetend="161" fileid="4" />
                <BranchPoint vc="0" uspid="250" ordinal="5" offset="159" sl="107" path="1" offsetend="192" fileid="4" />
              </BranchPoints>
              <MethodPoint xsi:type="SequencePoint" vc="0" uspid="225" ordinal="0" offset="0" sl="89" sc="9" el="89" ec="10" bec="0" bev="0" fileid="4" />
            </Method>
            <Method visited="false" cyclomaticComplexity="3" nPathComplexity="2" sequenceCoverage="0" branchCoverage="0" crapScore="12" isConstructor="false" isStatic="false" isGetter="false" isSetter="false">
              <Summary numSequencePoints="15" visitedSequencePoints="0" numBranchPoints="3" visitedBranchPoints="0" sequenceCoverage="0" branchCoverage="0" maxCyclomaticComplexity="3" minCyclomaticComplexity="3" maxCrapScore="12" minCrapScore="12" visitedClasses="0" numClasses="0" visitedMethods="0" numMethods="1" />
              <MetadataToken>100663318</MetadataToken>
              <Name>System.Void Lab12.HTable`1::Find(ShapesLib.Shape)</Name>
              <FileRef uid="4" />
              <SequencePoints>
                <SequencePoint vc="0" uspid="251" ordinal="0" offset="0" sl="118" sc="9" el="118" ec="10" bec="0" bev="0" fileid="4" />
                <SequencePoint vc="0" uspid="252" ordinal="1" offset="1" sl="119" sc="13" el="119" ec="52" bec="0" bev="0" fileid="4" />
                <SequencePoint vc="0" uspid="253" ordinal="2" offset="8" sl="120" sc="13" el="120" ec="61" bec="0" bev="0" fileid="4" />
                <SequencePoint vc="0" uspid="254" ordinal="3" offset="27" sl="122" sc="13" el="122" ec="33" bec="0" bev="0" fileid="4" />
                <SequencePoint vc="0" uspid="255" ordinal="4" offset="38" sl="125" sc="13" el="125" ec="14" bec="0" bev="0" fileid="4" />
                <SequencePoint vc="0" uspid="256" ordinal="5" offset="39" sl="126" sc="17" el="126" ec="47" bec="2" bev="0" fileid="4" />
                <SequencePoint vc="0" uspid="257" ordinal="6" offset="55" sl="127" sc="17" el="127" ec="18" bec="0" bev="0" fileid="4" />
                <SequencePoint vc="0" uspid="258" ordinal="7" offset="56" sl="128" sc="21" el="128" ec="71" bec="0" bev="0" fileid="4" />
                <SequencePoint vc="0" uspid="259" ordinal="8" offset="78" sl="129" sc="21" el="129" ec="28" bec="0" bev="0" fileid="4" />
                <SequencePoint vc="0" uspid="260" ordinal="9" offset="80" sl="131" sc="17" el="131" ec="36" bec="0" bev="0" fileid="4" />
                <SequencePoint vc="0" uspid="261" ordinal="10" offset="87" sl="132" sc="13" el="132" ec="14" bec="0" bev="0" fileid="4" />
                <SequencePoint vc="0" uspid="262" ordinal="11" offset="88" sl="124" sc="13" el="124" ec="34" bec="0" bev="0" fileid="4" />
                <SequencePoint vc="0" uspid="263" ordinal="12" offset="96" sl="134" sc="13" el="134" ec="52" bec="0" bev="0" fileid="4" />
                <SequencePoint vc="0" uspid="264" ordinal="13" offset="107" sl="135" sc="13" el="135" ec="20" bec="0" bev="0" fileid="4" />
                <SequencePoint vc="0" uspid="265" ordinal="14" offset="109" sl="136" sc="9" el="136" ec="10" bec="0" bev="0" fileid="4" />
              </SequencePoints>
              <BranchPoints>
                <BranchPoint vc="0" uspid="266" ordinal="0" offset="53" sl="126" path="0" offsetend="55" fileid="4" />
                <BranchPoint vc="0" uspid="267" ordinal="1" offset="53" sl="126" path="1" offsetend="80" fileid="4" />
              </BranchPoints>
              <MethodPoint xsi:type="SequencePoint" vc="0" uspid="251" ordinal="0" offset="0" sl="118" sc="9" el="118" ec="10" bec="0" bev="0" fileid="4" />
            </Method>
          </Methods>
        </Class>
        <Class>
          <Summary numSequencePoints="106" visitedSequencePoints="0" numBranchPoints="25" visitedBranchPoints="0" sequenceCoverage="0" branchCoverage="0" maxCyclomaticComplexity="8" minCyclomaticComplexity="1" maxCrapScore="72" minCrapScore="2" visitedClasses="0" numClasses="1" visitedMethods="0" numMethods="5" />
          <FullName>Lab12.PointList</FullName>
          <Methods>
            <Method visited="false" cyclomaticComplexity="3" nPathComplexity="2" sequenceCoverage="0" branchCoverage="0" crapScore="12" isConstructor="false" isStatic="true" isGetter="false" isSetter="false">
              <Summary numSequencePoints="21" visitedSequencePoints="0" numBranchPoints="3" visitedBranchPoints="0" sequenceCoverage="0" branchCoverage="0" maxCyclomaticComplexity="3" minCyclomaticComplexity="3" maxCrapScore="12" minCrapScore="12" visitedClasses="0" numClasses="0" visitedMethods="0" numMethods="1" />
              <MetadataToken>100663320</MetadataToken>
              <Name>Lab12.Point Lab12.PointList::MakeList(System.Int32)</Name>
              <FileRef uid="5" />
              <SequencePoints>
                <SequencePoint vc="0" uspid="268" ordinal="0" offset="0" sl="13" sc="9" el="13" ec="10" bec="0" bev="0" fileid="5" />
                <SequencePoint vc="0" uspid="269" ordinal="1" offset="1" sl="14" sc="13" el="14" ec="26" bec="2" bev="0" fileid="5" />
                <SequencePoint vc="0" uspid="270" ordinal="2" offset="12" sl="15" sc="13" el="15" ec="14" bec="0" bev="0" fileid="5" />
                <SequencePoint vc="0" uspid="271" ordinal="3" offset="13" sl="16" sc="17" el="16" ec="59" bec="0" bev="0" fileid="5" />
                <SequencePoint vc="0" uspid="272" ordinal="4" offset="24" sl="17" sc="17" el="17" ec="29" bec="0" bev="0" fileid="5" />
                <SequencePoint vc="0" uspid="273" ordinal="5" offset="28" sl="20" sc="13" el="20" ec="39" bec="0" bev="0" fileid="5" />
                <SequencePoint vc="0" uspid="274" ordinal="6" offset="34" sl="21" sc="13" el="21" ec="30" bec="0" bev="0" fileid="5" />
                <SequencePoint vc="0" uspid="275" ordinal="7" offset="41" sl="22" sc="13" el="22" ec="40" bec="0" bev="0" fileid="5" />
                <SequencePoint vc="0" uspid="276" ordinal="8" offset="48" sl="24" sc="18" el="24" ec="27" bec="0" bev="0" fileid="5" />
                <SequencePoint vc="0" uspid="277" ordinal="9" offset="53" sl="25" sc="13" el="25" ec="14" bec="0" bev="0" fileid="5" />
                <SequencePoint vc="0" uspid="278" ordinal="10" offset="54" sl="26" sc="17" el="26" ec="36" bec="0" bev="0" fileid="5" />
                <SequencePoint vc="0" uspid="279" ordinal="11" offset="60" sl="27" sc="17" el="27" ec="34" bec="0" bev="0" fileid="5" />
                <SequencePoint vc="0" uspid="280" ordinal="12" offset="67" sl="28" sc="17" el="28" ec="42" bec="0" bev="0" fileid="5" />
                <SequencePoint vc="0" uspid="281" ordinal="13" offset="75" sl="29" sc="17" el="29" ec="30" bec="0" bev="0" fileid="5" />
                <SequencePoint vc="0" uspid="282" ordinal="14" offset="83" sl="30" sc="17" el="30" ec="30" bec="0" bev="0" fileid="5" />
                <SequencePoint vc="0" uspid="283" ordinal="15" offset="91" sl="31" sc="17" el="31" ec="25" bec="0" bev="0" fileid="5" />
                <SequencePoint vc="0" uspid="284" ordinal="16" offset="94" sl="32" sc="13" el="32" ec="14" bec="0" bev="0" fileid="5" />
                <SequencePoint vc="0" uspid="285" ordinal="17" offset="95" sl="24" sc="38" el="24" ec="41" bec="0" bev="0" fileid="5" />
                <SequencePoint vc="0" uspid="286" ordinal="18" offset="101" sl="24" sc="29" el="24" ec="36" bec="0" bev="0" fileid="5" />
                <SequencePoint vc="0" uspid="287" ordinal="19" offset="112" sl="33" sc="13" el="33" ec="24" bec="0" bev="0" fileid="5" />
                <SequencePoint vc="0" uspid="288" ordinal="20" offset="116" sl="34" sc="9" el="34" ec="10" bec="0" bev="0" fileid="5" />
              </SequencePoints>
              <BranchPoints>
                <BranchPoint vc="0" uspid="289" ordinal="0" offset="10" sl="14" path="0" offsetend="12" fileid="5" />
                <BranchPoint vc="0" uspid="290" ordinal="1" offset="10" sl="14" path="1" offsetend="28" fileid="5" />
              </BranchPoints>
              <MethodPoint xsi:type="SequencePoint" vc="0" uspid="268" ordinal="0" offset="0" sl="13" sc="9" el="13" ec="10" bec="0" bev="0" fileid="5" />
            </Method>
            <Method visited="false" cyclomaticComplexity="3" nPathComplexity="0" sequenceCoverage="0" branchCoverage="0" crapScore="12" isConstructor="false" isStatic="true" isGetter="false" isSetter="false">
              <Summary numSequencePoints="17" visitedSequencePoints="0" numBranchPoints="1" visitedBranchPoints="0" sequenceCoverage="0" branchCoverage="0" maxCyclomaticComplexity="3" minCyclomaticComplexity="3" maxCrapScore="12" minCrapScore="12" visitedClasses="0" numClasses="0" visitedMethods="0" numMethods="1" />
              <MetadataToken>100663321</MetadataToken>
              <Name>System.Void Lab12.PointList::PrintList(Lab12.Point)</Name>
              <FileRef uid="5" />
              <SequencePoints>
                <SequencePoint vc="0" uspid="291" ordinal="0" offset="0" sl="37" sc="9" el="37" ec="10" bec="0" bev="0" fileid="5" />
                <SequencePoint vc="0" uspid="292" ordinal="1" offset="1" sl="38" sc="13" el="38" ec="29" bec="0" bev="0" fileid="5" />
                <SequencePoint vc="0" uspid="293" ordinal="2" offset="9" sl="39" sc="17" el="39" ec="52" bec="0" bev="0" fileid="5" />
                <SequencePoint vc="0" uspid="294" ordinal="3" offset="16" sl="41" sc="13" el="41" ec="14" bec="0" bev="0" fileid="5" />
                <SequencePoint vc="0" uspid="295" ordinal="4" offset="17" sl="42" sc="17" el="42" ec="31" bec="0" bev="0" fileid="5" />
                <SequencePoint vc="0" uspid="296" ordinal="5" offset="19" sl="43" sc="17" el="43" ec="35" bec="0" bev="0" fileid="5" />
                <SequencePoint vc="0" uspid="297" ordinal="6" offset="33" sl="46" sc="17" el="46" ec="18" bec="0" bev="0" fileid="5" />
                <SequencePoint vc="0" uspid="298" ordinal="7" offset="34" sl="47" sc="21" el="47" ec="44" bec="0" bev="0" fileid="5" />
                <SequencePoint vc="0" uspid="299" ordinal="8" offset="51" sl="48" sc="21" el="48" ec="32" bec="0" bev="0" fileid="5" />
                <SequencePoint vc="0" uspid="300" ordinal="9" offset="58" sl="49" sc="17" el="49" ec="18" bec="0" bev="0" fileid="5" />
                <SequencePoint vc="0" uspid="301" ordinal="10" offset="59" sl="45" sc="17" el="45" ec="39" bec="0" bev="0" fileid="5" />
                <SequencePoint vc="0" uspid="302" ordinal="11" offset="72" sl="50" sc="13" el="50" ec="14" bec="0" bev="0" fileid="5" />
                <SequencePoint vc="0" uspid="303" ordinal="12" offset="75" sl="51" sc="13" el="51" ec="43" bec="0" bev="0" fileid="5" />
                <SequencePoint vc="0" uspid="304" ordinal="13" offset="76" sl="52" sc="13" el="52" ec="14" bec="0" bev="0" fileid="5" />
                <SequencePoint vc="0" uspid="305" ordinal="14" offset="77" sl="53" sc="17" el="53" ec="56" bec="0" bev="0" fileid="5" />
                <SequencePoint vc="0" uspid="306" ordinal="15" offset="88" sl="54" sc="13" el="54" ec="14" bec="0" bev="0" fileid="5" />
                <SequencePoint vc="0" uspid="307" ordinal="16" offset="91" sl="55" sc="9" el="55" ec="10" bec="0" bev="0" fileid="5" />
              </SequencePoints>
              <BranchPoints />
              <MethodPoint xsi:type="SequencePoint" vc="0" uspid="291" ordinal="0" offset="0" sl="37" sc="9" el="37" ec="10" bec="0" bev="0" fileid="5" />
            </Method>
            <Method visited="false" cyclomaticComplexity="6" nPathComplexity="16" sequenceCoverage="0" branchCoverage="0" crapScore="42" isConstructor="false" isStatic="true" isGetter="false" isSetter="false">
              <Summary numSequencePoints="25" visitedSequencePoints="0" numBranchPoints="9" visitedBranchPoints="0" sequenceCoverage="0" branchCoverage="0" maxCyclomaticComplexity="6" minCyclomaticComplexity="6" maxCrapScore="42" minCrapScore="42" visitedClasses="0" numClasses="0" visitedMethods="0" numMethods="1" />
              <MetadataToken>100663322</MetadataToken>
              <Name>Lab12.Point Lab12.PointList::AddPoint(Lab12.Point,System.Int32)</Name>
              <FileRef uid="5" />
              <SequencePoints>
                <SequencePoint vc="0" uspid="308" ordinal="0" offset="0" sl="58" sc="9" el="58" ec="10" bec="0" bev="0" fileid="5" />
                <SequencePoint vc="0" uspid="309" ordinal="1" offset="1" sl="59" sc="13" el="59" ec="39" bec="0" bev="0" fileid="5" />
                <SequencePoint vc="0" uspid="310" ordinal="2" offset="7" sl="60" sc="13" el="60" ec="30" bec="0" bev="0" fileid="5" />
                <SequencePoint vc="0" uspid="311" ordinal="3" offset="14" sl="61" sc="13" el="61" ec="45" bec="0" bev="0" fileid="5" />
                <SequencePoint vc="0" uspid="312" ordinal="4" offset="21" sl="63" sc="13" el="63" ec="30" bec="2" bev="0" fileid="5" />
                <SequencePoint vc="0" uspid="313" ordinal="5" offset="29" sl="64" sc="17" el="64" ec="33" bec="0" bev="0" fileid="5" />
                <SequencePoint vc="0" uspid="314" ordinal="6" offset="37" sl="66" sc="13" el="66" ec="28" bec="2" bev="0" fileid="5" />
                <SequencePoint vc="0" uspid="315" ordinal="7" offset="47" sl="67" sc="13" el="67" ec="14" bec="0" bev="0" fileid="5" />
                <SequencePoint vc="0" uspid="316" ordinal="8" offset="48" sl="68" sc="17" el="68" ec="38" bec="0" bev="0" fileid="5" />
                <SequencePoint vc="0" uspid="317" ordinal="9" offset="55" sl="69" sc="17" el="69" ec="65" bec="0" bev="0" fileid="5" />
                <SequencePoint vc="0" uspid="318" ordinal="10" offset="66" sl="70" sc="17" el="70" ec="33" bec="0" bev="0" fileid="5" />
                <SequencePoint vc="0" uspid="319" ordinal="11" offset="71" sl="73" sc="13" el="73" ec="31" bec="0" bev="0" fileid="5" />
                <SequencePoint vc="0" uspid="320" ordinal="12" offset="73" sl="75" sc="18" el="75" ec="27" bec="0" bev="0" fileid="5" />
                <SequencePoint vc="0" uspid="321" ordinal="13" offset="78" sl="76" sc="17" el="76" ec="34" bec="0" bev="0" fileid="5" />
                <SequencePoint vc="0" uspid="322" ordinal="14" offset="85" sl="75" sc="60" el="75" ec="63" bec="0" bev="0" fileid="5" />
                <SequencePoint vc="0" uspid="323" ordinal="15" offset="91" sl="75" sc="29" el="75" ec="58" bec="2" bev="0" fileid="5" />
                <SequencePoint vc="0" uspid="324" ordinal="16" offset="111" sl="77" sc="13" el="77" ec="30" bec="2" bev="0" fileid="5" />
                <SequencePoint vc="0" uspid="325" ordinal="17" offset="121" sl="78" sc="13" el="78" ec="14" bec="0" bev="0" fileid="5" />
                <SequencePoint vc="0" uspid="326" ordinal="18" offset="122" sl="79" sc="17" el="79" ec="60" bec="0" bev="0" fileid="5" />
                <SequencePoint vc="0" uspid="327" ordinal="19" offset="133" sl="80" sc="17" el="80" ec="29" bec="0" bev="0" fileid="5" />
                <SequencePoint vc="0" uspid="328" ordinal="20" offset="138" sl="83" sc="13" el="83" ec="39" bec="0" bev="0" fileid="5" />
                <SequencePoint vc="0" uspid="329" ordinal="21" offset="150" sl="84" sc="13" el="84" ec="34" bec="0" bev="0" fileid="5" />
                <SequencePoint vc="0" uspid="330" ordinal="22" offset="157" sl="85" sc="13" el="85" ec="61" bec="0" bev="0" fileid="5" />
                <SequencePoint vc="0" uspid="331" ordinal="23" offset="168" sl="86" sc="13" el="86" ec="25" bec="0" bev="0" fileid="5" />
                <SequencePoint vc="0" uspid="332" ordinal="24" offset="173" sl="87" sc="9" el="87" ec="10" bec="0" bev="0" fileid="5" />
              </SequencePoints>
              <BranchPoints>
                <BranchPoint vc="0" uspid="333" ordinal="0" offset="27" sl="63" path="0" offsetend="29" fileid="5" />
                <BranchPoint vc="0" uspid="334" ordinal="1" offset="27" sl="63" path="1" offsetend="37" fileid="5" />
                <BranchPoint vc="0" uspid="335" ordinal="2" offset="45" sl="66" path="0" offsetend="47" fileid="5" />
                <BranchPoint vc="0" uspid="336" ordinal="3" offset="45" sl="66" path="1" offsetend="71" fileid="5" />
                <BranchPoint vc="0" uspid="337" ordinal="4" offset="96" sl="75" path="0" offsetend="98" fileid="5" />
                <BranchPoint vc="0" uspid="338" ordinal="5" offset="96" sl="75" path="1" offsetend="104" fileid="5" />
                <BranchPoint vc="0" uspid="339" ordinal="6" offset="119" sl="77" path="0" offsetend="121" fileid="5" />
                <BranchPoint vc="0" uspid="340" ordinal="7" offset="119" sl="77" path="1" offsetend="138" fileid="5" />
              </BranchPoints>
              <MethodPoint xsi:type="SequencePoint" vc="0" uspid="308" ordinal="0" offset="0" sl="58" sc="9" el="58" ec="10" bec="0" bev="0" fileid="5" />
            </Method>
            <Method visited="false" cyclomaticComplexity="8" nPathComplexity="32" sequenceCoverage="0" branchCoverage="0" crapScore="72" isConstructor="false" isStatic="true" isGetter="false" isSetter="false">
              <Summary numSequencePoints="29" visitedSequencePoints="0" numBranchPoints="11" visitedBranchPoints="0" sequenceCoverage="0" branchCoverage="0" maxCyclomaticComplexity="8" minCyclomaticComplexity="8" maxCrapScore="72" minCrapScore="72" visitedClasses="0" numClasses="0" visitedMethods="0" numMethods="1" />
              <MetadataToken>100663323</MetadataToken>
              <Name>Lab12.Point Lab12.PointList::RemovePoint(Lab12.Point,System.String)</Name>
              <FileRef uid="5" />
              <SequencePoints>
                <SequencePoint vc="0" uspid="341" ordinal="0" offset="0" sl="90" sc="9" el="90" ec="10" bec="0" bev="0" fileid="5" />
                <SequencePoint vc="0" uspid="342" ordinal="1" offset="1" sl="91" sc="13" el="91" ec="30" bec="0" bev="0" fileid="5" />
                <SequencePoint vc="0" uspid="343" ordinal="2" offset="3" sl="93" sc="13" el="93" ec="40" bec="2" bev="0" fileid="5" />
                <SequencePoint vc="0" uspid="344" ordinal="3" offset="24" sl="94" sc="17" el="94" ec="28" bec="0" bev="0" fileid="5" />
                <SequencePoint vc="0" uspid="345" ordinal="4" offset="28" sl="96" sc="13" el="96" ec="14" bec="0" bev="0" fileid="5" />
                <SequencePoint vc="0" uspid="346" ordinal="5" offset="31" sl="98" sc="17" el="98" ec="18" bec="0" bev="0" fileid="5" />
                <SequencePoint vc="0" uspid="347" ordinal="6" offset="32" sl="99" sc="21" el="99" ec="48" bec="2" bev="0" fileid="5" />
                <SequencePoint vc="0" uspid="348" ordinal="7" offset="53" sl="100" sc="21" el="100" ec="22" bec="0" bev="0" fileid="5" />
                <SequencePoint vc="0" uspid="349" ordinal="8" offset="54" sl="101" sc="25" el="101" ec="36" bec="0" bev="0" fileid="5" />
                <SequencePoint vc="0" uspid="350" ordinal="9" offset="56" sl="102" sc="25" el="102" ec="31" bec="0" bev="0" fileid="5" />
                <SequencePoint vc="0" uspid="351" ordinal="10" offset="58" sl="104" sc="21" el="104" ec="38" bec="0" bev="0" fileid="5" />
                <SequencePoint vc="0" uspid="352" ordinal="11" offset="66" sl="105" sc="17" el="105" ec="18" bec="0" bev="0" fileid="5" />
                <SequencePoint vc="0" uspid="353" ordinal="12" offset="67" sl="97" sc="17" el="97" ec="42" bec="0" bev="0" fileid="5" />
                <SequencePoint vc="0" uspid="354" ordinal="13" offset="80" sl="106" sc="17" el="106" ec="33" bec="2" bev="0" fileid="5" />
                <SequencePoint vc="0" uspid="355" ordinal="14" offset="90" sl="107" sc="21" el="107" ec="32" bec="0" bev="0" fileid="5" />
                <SequencePoint vc="0" uspid="356" ordinal="15" offset="95" sl="108" sc="13" el="108" ec="14" bec="0" bev="0" fileid="5" />
                <SequencePoint vc="0" uspid="357" ordinal="16" offset="96" sl="109" sc="13" el="109" ec="24" bec="0" bev="0" fileid="5" />
                <SequencePoint vc="0" uspid="358" ordinal="17" offset="101" sl="112" sc="13" el="112" ec="14" bec="0" bev="0" fileid="5" />
                <SequencePoint vc="0" uspid="359" ordinal="18" offset="102" sl="113" sc="17" el="113" ec="49" bec="2" bev="0" fileid="5" />
                <SequencePoint vc="0" uspid="360" ordinal="19" offset="130" sl="114" sc="17" el="114" ec="18" bec="0" bev="0" fileid="5" />
                <SequencePoint vc="0" uspid="361" ordinal="20" offset="131" sl="115" sc="21" el="115" ec="48" bec="0" bev="0" fileid="5" />
                <SequencePoint vc="0" uspid="362" ordinal="21" offset="148" sl="116" sc="21" el="116" ec="30" bec="0" bev="0" fileid="5" />
                <SequencePoint vc="0" uspid="363" ordinal="22" offset="150" sl="118" sc="17" el="118" ec="34" bec="0" bev="0" fileid="5" />
                <SequencePoint vc="0" uspid="364" ordinal="23" offset="158" sl="119" sc="13" el="119" ec="14" bec="0" bev="0" fileid="5" />
                <SequencePoint vc="0" uspid="365" ordinal="24" offset="159" sl="111" sc="13" el="111" ec="43" bec="0" bev="0" fileid="5" />
                <SequencePoint vc="0" uspid="366" ordinal="25" offset="179" sl="120" sc="13" el="120" ec="45" bec="2" bev="0" fileid="5" />
                <SequencePoint vc="0" uspid="367" ordinal="26" offset="207" sl="121" sc="17" el="121" ec="34" bec="0" bev="0" fileid="5" />
                <SequencePoint vc="0" uspid="368" ordinal="27" offset="214" sl="123" sc="13" el="123" ec="24" bec="0" bev="0" fileid="5" />
                <SequencePoint vc="0" uspid="369" ordinal="28" offset="219" sl="124" sc="9" el="124" ec="10" bec="0" bev="0" fileid="5" />
              </SequencePoints>
              <BranchPoints>
                <BranchPoint vc="0" uspid="370" ordinal="0" offset="22" sl="93" path="0" offsetend="24" fileid="5" />
                <BranchPoint vc="0" uspid="371" ordinal="1" offset="22" sl="93" path="1" offsetend="28" fileid="5" />
                <BranchPoint vc="0" uspid="372" ordinal="2" offset="51" sl="99" path="0" offsetend="53" fileid="5" />
                <BranchPoint vc="0" uspid="373" ordinal="3" offset="51" sl="99" path="1" offsetend="58" fileid="5" />
                <BranchPoint vc="0" uspid="374" ordinal="4" offset="88" sl="106" path="0" offsetend="90" fileid="5" />
                <BranchPoint vc="0" uspid="375" ordinal="5" offset="88" sl="106" path="1" offsetend="95" fileid="5" />
                <BranchPoint vc="0" uspid="376" ordinal="6" offset="128" sl="113" path="0" offsetend="130" fileid="5" />
                <BranchPoint vc="0" uspid="377" ordinal="7" offset="128" sl="113" path="1" offsetend="150" fileid="5" />
                <BranchPoint vc="0" uspid="378" ordinal="8" offset="205" sl="120" path="0" offsetend="207" fileid="5" />
                <BranchPoint vc="0" uspid="379" ordinal="9" offset="205" sl="120" path="1" offsetend="214" fileid="5" />
              </BranchPoints>
[...]
              <MetadataToken>100663330</MetadataToken>
              <Name>System.Boolean ShapesLib.Rectangle::Equals(System.Object)</Name>
              <FileRef uid="17" />
              <SequencePoints>
                <SequencePoint vc="0" uspid="722" ordinal="0" offset="0" sl="113" sc="9" el="113" ec="10" bec="0" bev="0" fileid="17" />
                <SequencePoint vc="0" uspid="723" ordinal="1" offset="1" sl="114" sc="13" el="114" ec="35" bec="2" bev="0" fileid="17" />
                <SequencePoint vc="0" uspid="724" ordinal="2" offset="15" sl="115" sc="17" el="115" ec="30" bec="0" bev="0" fileid="17" />
                <SequencePoint vc="0" uspid="725" ordinal="3" offset="19" sl="116" sc="13" el="116" ec="45" bec="0" bev="0" fileid="17" />
                <SequencePoint vc="0" uspid="726" ordinal="4" offset="26" sl="117" sc="13" el="117" ec="65" bec="2" bev="0" fileid="17" />
                <SequencePoint vc="0" uspid="727" ordinal="5" offset="60" sl="118" sc="9" el="118" ec="10" bec="0" bev="0" fileid="17" />
              </SequencePoints>
              <BranchPoints>
                <BranchPoint vc="0" uspid="728" ordinal="0" offset="13" sl="114" path="0" offsetend="15" fileid="17" />
                <BranchPoint vc="0" uspid="729" ordinal="1" offset="13" sl="114" path="1" offsetend="19" fileid="17" />
                <BranchPoint vc="0" uspid="730" ordinal="2" offset="38" sl="117" path="0" offsetend="40" fileid="17" />
                <BranchPoint vc="0" uspid="731" ordinal="3" offset="38" sl="117" path="1" offsetend="56" fileid="17" />
              </BranchPoints>
              <MethodPoint xsi:type="SequencePoint" vc="0" uspid="722" ordinal="0" offset="0" sl="113" sc="9" el="113" ec="10" bec="0" bev="0" fileid="17" />
            </Method>
          </Methods>
        </Class>
        <Class>
          <Summary numSequencePoints="40" visitedSequencePoints="20" numBranchPoints="16" visitedBranchPoints="7" sequenceCoverage="50" branchCoverage="43.75" maxCyclomaticComplexity="2" minCyclomaticComplexity="1" maxCrapScore="6" minCrapScore="1" visitedClasses="1" numClasses="1" visitedMethods="6" numMethods="12" />
          <FullName>ShapesLib.Shape</FullName>
          <Methods>
            <Method visited="true" cyclomaticComplexity="1" nPathComplexity="0" sequenceCoverage="100" branchCoverage="100" crapScore="1" isConstructor="false" isStatic="false" isGetter="true" isSetter="false">
              <Summary numSequencePoints="3" visitedSequencePoints="3" numBranchPoints="1" visitedBranchPoints="1" sequenceCoverage="100" branchCoverage="100" maxCyclomaticComplexity="1" minCyclomaticComplexity="1" maxCrapScore="1" minCrapScore="1" visitedClasses="0" numClasses="0" visitedMethods="1" numMethods="1" />
              <MetadataToken>100663331</MetadataToken>
              <Name>System.String ShapesLib.Shape::get_Name()</Name>
              <FileRef uid="18" />
              <SequencePoints>
                <SequencePoint vc="5" uspid="732" ordinal="0" offset="0" sl="16" sc="17" el="16" ec="18" bec="0" bev="0" fileid="18" />
                <SequencePoint vc="5" uspid="733" ordinal="1" offset="1" sl="16" sc="19" el="16" ec="31" bec="0" bev="0" fileid="18" />
                <SequencePoint vc="5" uspid="734" ordinal="2" offset="10" sl="16" sc="32" el="16" ec="33" bec="0" bev="0" fileid="18" />
              </SequencePoints>
              <BranchPoints />
              <MethodPoint xsi:type="SequencePoint" vc="5" uspid="732" ordinal="0" offset="0" sl="16" sc="17" el="16" ec="18" bec="0" bev="0" fileid="18" />
            </Method>
            <Method visited="true" cyclomaticComplexity="2" nPathComplexity="2" sequenceCoverage="80" branchCoverage="66.67" crapScore="2.03" isConstructor="false" isStatic="false" isGetter="false" isSetter="true">
              <Summary numSequencePoints="5" visitedSequencePoints="4" numBranchPoints="3" visitedBranchPoints="2" sequenceCoverage="80" branchCoverage="66.67" maxCyclomaticComplexity="2" minCyclomaticComplexity="2" maxCrapScore="2.03" minCrapScore="2.03" visitedClasses="0" numClasses="0" visitedMethods="1" numMethods="1" />
              <MetadataToken>100663332</MetadataToken>
              <Name>System.Void ShapesLib.Shape::set_Name(System.String)</Name>
              <FileRef uid="18" />
              <SequencePoints>
                <SequencePoint vc="24" uspid="735" ordinal="0" offset="0" sl="18" sc="13" el="18" ec="14" bec="0" bev="0" fileid="18" />
                <SequencePoint vc="24" uspid="736" ordinal="1" offset="1" sl="19" sc="17" el="19" ec="54" bec="2" bev="1" fileid="18" />
                <SequencePoint vc="0" uspid="737" ordinal="2" offset="11" sl="20" sc="21" el="20" ec="100" bec="0" bev="0" fileid="18" />
                <SequencePoint vc="24" uspid="738" ordinal="3" offset="22" sl="21" sc="17" el="21" ec="30" bec="0" bev="0" fileid="18" />
                <SequencePoint vc="24" uspid="739" ordinal="4" offset="29" sl="22" sc="13" el="22" ec="14" bec="0" bev="0" fileid="18" />
              </SequencePoints>
              <BranchPoints>
                <BranchPoint vc="0" uspid="740" ordinal="0" offset="9" sl="19" path="0" offsetend="11" fileid="18" />
                <BranchPoint vc="24" uspid="741" ordinal="1" offset="9" sl="19" path="1" offsetend="22" fileid="18" />
              </BranchPoints>
              <MethodPoint xsi:type="SequencePoint" vc="24" uspid="735" ordinal="0" offset="0" sl="18" sc="13" el="18" ec="14" bec="0" bev="0" fileid="18" />
            </Method>
            <Method visited="false" cyclomaticComplexity="1" nPathComplexity="0" sequenceCoverage="0" branchCoverage="0" crapScore="2" isConstructor="false" isStatic="false" isGetter="false" isSetter="false">
              <Summary numSequencePoints="1" visitedSequencePoints="0" numBranchPoints="1" visitedBranchPoints="0" sequenceCoverage="0" branchCoverage="0" maxCyclomaticComplexity="1" minCyclomaticComplexity="1" maxCrapScore="2" minCrapScore="2" visitedClasses="0" numClasses="0" visitedMethods="0" numMethods="1" />
              <MetadataToken>100663333</MetadataToken>
              <Name>System.Int32 ShapesLib.Shape::GetIndex()</Name>
              <FileRef uid="18" />
              <SequencePoints>
                <SequencePoint vc="0" uspid="742" ordinal="0" offset="0" sl="25" sc="34" el="25" ec="35" bec="0" bev="0" fileid="18" />
              </SequencePoints>
              <BranchPoints />
              <MethodPoint xsi:type="SequencePoint" vc="0" uspid="742" ordinal="0" offset="0" sl="25" sc="34" el="25" ec="35" bec="0" bev="0" fileid="18" />
            </Method>
            <Method visited="true" cyclomaticComplexity="1" nPathComplexity="0" sequenceCoverage="100" branchCoverage="100" crapScore="1" isConstructor="true" isStatic="false" isGetter="false" isSetter="false">
              <Summary numSequencePoints="4" visitedSequencePoints="4" numBranchPoints="1" visitedBranchPoints="1" sequenceCoverage="100" branchCoverage="100" maxCyclomaticComplexity="1" minCyclomaticComplexity="1" maxCrapScore="1" minCrapScore="1" visitedClasses="0" numClasses="0" visitedMethods="1" numMethods="1" />
              <MetadataToken>100663334</MetadataToken>
              <Name>System.Void ShapesLib.Shape::.ctor()</Name>
              <FileRef uid="18" />
              <SequencePoints>
                <SequencePoint vc="9" uspid="743" ordinal="0" offset="0" sl="28" sc="9" el="28" ec="23" bec="0" bev="0" fileid="18" />
                <SequencePoint vc="9" uspid="744" ordinal="1" offset="7" sl="29" sc="9" el="29" ec="10" bec="0" bev="0" fileid="18" />
                <SequencePoint vc="9" uspid="745" ordinal="2" offset="8" sl="30" sc="13" el="30" ec="28" bec="0" bev="0" fileid="18" />
                <SequencePoint vc="9" uspid="746" ordinal="3" offset="20" sl="31" sc="9" el="31" ec="10" bec="0" bev="0" fileid="18" />
              </SequencePoints>
              <BranchPoints />
              <MethodPoint xsi:type="SequencePoint" vc="9" uspid="743" ordinal="0" offset="0" sl="28" sc="9" el="28" ec="23" bec="0" bev="0" fileid="18" />
            </Method>
            <Method visited="true" cyclomaticComplexity="1" nPathComplexity="0" sequenceCoverage="100" branchCoverage="100" crapScore="1" isConstructor="true" isStatic="false" isGetter="false" isSetter="false">
              <Summary numSequencePoints="4" visitedSequencePoints="4" numBranchPoints="1" visitedBranchPoints="1" sequenceCoverage="100" branchCoverage="100" maxCyclomaticComplexity="1" minCyclomaticComplexity="1" maxCrapScore="1" minCrapScore="1" visitedClasses="0" numClasses="0" visitedMethods="1" numMethods="1" />
              <MetadataToken>100663335</MetadataToken>
              <Name>System.Void ShapesLib.Shape::.ctor(System.String)</Name>
              <FileRef uid="18" />
              <SequencePoints>
                <SequencePoint vc="10" uspid="747" ordinal="0" offset="0" sl="33" sc="9" el="33" ec="34" bec="0" bev="0" fileid="18" />
                <SequencePoint vc="10" uspid="748" ordinal="1" offset="7" sl="34" sc="9" el="34" ec="10" bec="0" bev="0" fileid="18" />
                <SequencePoint vc="10" uspid="749" ordinal="2" offset="8" sl="35" sc="13" el="35" ec="25" bec="0" bev="0" fileid="18" />
                <SequencePoint vc="10" uspid="750" ordinal="3" offset="16" sl="36" sc="9" el="36" ec="10" bec="0" bev="0" fileid="18" />
              </SequencePoints>
              <BranchPoints />
              <MethodPoint xsi:type="SequencePoint" vc="10" uspid="747" ordinal="0" offset="0" sl="33" sc="9" el="33" ec="34" bec="0" bev="0" fileid="18" />
            </Method>
            <Method visited="false" cyclomaticComplexity="1" nPathComplexity="0" sequenceCoverage="0" branchCoverage="0" crapScore="2" isConstructor="false" isStatic="false" isGetter="false" isSetter="false">
              <Summary numSequencePoints="1" visitedSequencePoints="0" numBranchPoints="1" visitedBranchPoints="0" sequenceCoverage="0" branchCoverage="0" maxCyclomaticComplexity="1" minCyclomaticComplexity="1" maxCrapScore="2" minCrapScore="2" visitedClasses="0" numClasses="0" visitedMethods="0" numMethods="1" />
              <MetadataToken>100663336</MetadataToken>
              <Name>System.Object ShapesLib.Shape::Clone()</Name>
              <FileRef uid="18" />
              <SequencePoints>
                <SequencePoint vc="0" uspid="751" ordinal="0" offset="0" sl="38" sc="42" el="38" ec="57" bec="0" bev="0" fileid="18" />
              </SequencePoints>
              <BranchPoints />
              <MethodPoint xsi:type="SequencePoint" vc="0" uspid="751" ordinal="0" offset="0" sl="38" sc="42" el="38" ec="57" bec="0" bev="0" fileid="18" />
            </Method>
            <Method visited="false" cyclomaticComplexity="1" nPathComplexity="0" sequenceCoverage="0" branchCoverage="0" crapScore="2" isConstructor="false" isStatic="false" isGetter="false" isSetter="false">
              <Summary numSequencePoints="3" visitedSequencePoints="0" numBranchPoints="1" visitedBranchPoints="0" sequenceCoverage="0" branchCoverage="0" maxCyclomaticComplexity="1" minCyclomaticComplexity="1" maxCrapScore="2" minCrapScore="2" visitedClasses="0" numClasses="0" visitedMethods="0" numMethods="1" />
              <MetadataToken>100663337</MetadataToken>
              <Name>System.Void ShapesLib.Shape::Show()</Name>
              <FileRef uid="18" />
              <SequencePoints>
                <SequencePoint vc="0" uspid="752" ordinal="0" offset="0" sl="42" sc="9" el="42" ec="10" bec="0" bev="0" fileid="18" />
                <SequencePoint vc="0" uspid="753" ordinal="1" offset="1" sl="43" sc="13" el="43" ec="48" bec="0" bev="0" fileid="18" />
                <SequencePoint vc="0" uspid="754" ordinal="2" offset="23" sl="44" sc="9" el="44" ec="10" bec="0" bev="0" fileid="18" />
              </SequencePoints>
              <BranchPoints />
              <MethodPoint xsi:type="SequencePoint" vc="0" uspid="752" ordinal="0" offset="0" sl="42" sc="9" el="42" ec="10" bec="0" bev="0" fileid="18" />
            </Method>
            <Method visited="false" cyclomaticComplexity="1" nPathComplexity="0" sequenceCoverage="0" branchCoverage="0" crapScore="2" isConstructor="false" isStatic="false" isGetter="false" isSetter="false">
              <Summary numSequencePoints="3" visitedSequencePoints="0" numBranchPoints="1" visitedBranchPoints="0" sequenceCoverage="0" branchCoverage="0" maxCyclomaticComplexity="1" minCyclomaticComplexity="1" maxCrapScore="2" minCrapScore="2" visitedClasses="0" numClasses="0" visitedMethods="0" numMethods="1" />
              <MetadataToken>100663338</MetadataToken>
              <Name>System.Void ShapesLib.Shape::ShowVirt()</Name>
              <FileRef uid="18" />
              <SequencePoints>
                <SequencePoint vc="0" uspid="755" ordinal="0" offset="0" sl="47" sc="9" el="47" ec="10" bec="0" bev="0" fileid="18" />
                <SequencePoint vc="0" uspid="756" ordinal="1" offset="1" sl="48" sc="13" el="48" ec="50" bec="0" bev="0" fileid="18" />
                <SequencePoint vc="0" uspid="757" ordinal="2" offset="23" sl="49" sc="9" el="49" ec="10" bec="0" bev="0" fileid="18" />
              </SequencePoints>
              <BranchPoints />
              <MethodPoint xsi:type="SequencePoint" vc="0" uspid="755" ordinal="0" offset="0" sl="47" sc="9" el="47" ec="10" bec="0" bev="0" fileid="18" />
            </Method>
            <Method visited="false" cyclomaticComplexity="1" nPathComplexity="0" sequenceCoverage="0" branchCoverage="0" crapScore="2" isConstructor="false" isStatic="false" isGetter="false" isSetter="false">
              <Summary numSequencePoints="5" visitedSequencePoints="0" numBranchPoints="1" visitedBranchPoints="0" sequenceCoverage="0" branchCoverage="0" maxCyclomaticComplexity="1" minCyclomaticComplexity="1" maxCrapScore="2" minCrapScore="2" visitedClasses="0" numClasses="0" visitedMethods="0" numMethods="1" />
              <MetadataToken>100663339</MetadataToken>
              <Name>System.Void ShapesLib.Shape::Init()</Name>
              <FileRef uid="18" />
              <SequencePoints>
                <SequencePoint vc="0" uspid="758" ordinal="0" offset="0" sl="53" sc="9" el="53" ec="10" bec="0" bev="0" fileid="18" />
                <SequencePoint vc="0" uspid="759" ordinal="1" offset="1" sl="54" sc="13" el="54" ec="45" bec="0" bev="0" fileid="18" />
                <SequencePoint vc="0" uspid="760" ordinal="2" offset="12" sl="55" sc="13" el="55" ec="39" bec="0" bev="0" fileid="18" />
                <SequencePoint vc="0" uspid="761" ordinal="3" offset="24" sl="56" sc="13" el="56" ec="33" bec="0" bev="0" fileid="18" />
                <SequencePoint vc="0" uspid="762" ordinal="4" offset="30" sl="57" sc="9" el="57" ec="10" bec="0" bev="0" fileid="18" />
              </SequencePoints>
              <BranchPoints />
              <MethodPoint xsi:type="SequencePoint" vc="0" uspid="758" ordinal="0" offset="0" sl="53" sc="9" el="53" ec="10" bec="0" bev="0" fileid="18" />
            </Method>
            <Method visited="true" cyclomaticComplexity="1" nPathComplexity="0" sequenceCoverage="100" branchCoverage="100" crapScore="1" isConstructor="false" isStatic="false" isGetter="false" isSetter="false">
              <Summary numSequencePoints="4" visitedSequencePoints="4" numBranchPoints="1" visitedBranchPoints="1" sequenceCoverage="100" branchCoverage="100" maxCyclomaticComplexity="1" minCyclomaticComplexity="1" maxCrapScore="1" minCrapScore="1" visitedClasses="0" numClasses="0" visitedMethods="1" numMethods="1" />
              <MetadataToken>100663340</MetadataToken>
              <Name>System.Void ShapesLib.Shape::RandomInit()</Name>
              <FileRef uid="18" />
              <SequencePoints>
                <SequencePoint vc="5" uspid="763" ordinal="0" offset="0" sl="60" sc="9" el="60" ec="10" bec="0" bev="0" fileid="18" />
                <SequencePoint vc="5" uspid="764" ordinal="1" offset="1" sl="61" sc="13" el="61" ec="65" bec="0" bev="0" fileid="18" />
                <SequencePoint vc="5" uspid="765" ordinal="2" offset="56" sl="62" sc="13" el="62" ec="55" bec="0" bev="0" fileid="18" />
                <SequencePoint vc="5" uspid="766" ordinal="3" offset="78" sl="63" sc="9" el="63" ec="10" bec="0" bev="0" fileid="18" />
              </SequencePoints>
              <BranchPoints />
              <MethodPoint xsi:type="SequencePoint" vc="5" uspid="763" ordinal="0" offset="0" sl="60" sc="9" el="60" ec="10" bec="0" bev="0" fileid="18" />
            </Method>
            <Method visited="false" cyclomaticComplexity="2" nPathComplexity="2" sequenceCoverage="0" branchCoverage="0" crapScore="6" isConstructor="false" isStatic="false" isGetter="false" isSetter="false">
              <Summary numSequencePoints="6" visitedSequencePoints="0" numBranchPoints="3" visitedBranchPoints="0" sequenceCoverage="0" branchCoverage="0" maxCyclomaticComplexity="2" minCyclomaticComplexity="2" maxCrapScore="6" minCrapScore="6" visitedClasses="0" numClasses="0" visitedMethods="0" numMethods="1" />
              <MetadataToken>100663341</MetadataToken>
              <Name>System.Boolean ShapesLib.Shape::Equals(System.Object)</Name>
              <FileRef uid="18" />
              <SequencePoints>
                <SequencePoint vc="0" uspid="767" ordinal="0" offset="0" sl="67" sc="9" el="67" ec="10" bec="0" bev="0" fileid="18" />
                <SequencePoint vc="0" uspid="768" ordinal="1" offset="1" sl="68" sc="13" el="68" ec="44" bec="2" bev="0" fileid="18" />
                <SequencePoint vc="0" uspid="769" ordinal="2" offset="22" sl="69" sc="17" el="69" ec="30" bec="0" bev="0" fileid="18" />
                <SequencePoint vc="0" uspid="770" ordinal="3" offset="26" sl="70" sc="13" el="70" ec="38" bec="0" bev="0" fileid="18" />
                <SequencePoint vc="0" uspid="771" ordinal="4" offset="33" sl="71" sc="13" el="71" ec="88" bec="0" bev="0" fileid="18" />
                <SequencePoint vc="0" uspid="772" ordinal="5" offset="54" sl="72" sc="9" el="72" ec="10" bec="0" bev="0" fileid="18" />
              </SequencePoints>
              <BranchPoints>
                <BranchPoint vc="0" uspid="773" ordinal="0" offset="20" sl="68" path="0" offsetend="22" fileid="18" />
                <BranchPoint vc="0" uspid="774" ordinal="1" offset="20" sl="68" path="1" offsetend="26" fileid="18" />
              </BranchPoints>
              <MethodPoint xsi:type="SequencePoint" vc="0" uspid="767" ordinal="0" offset="0" sl="67" sc="9" el="67" ec="10" bec="0" bev="0" fileid="18" />
            </Method>
            <Method visited="true" cyclomaticComplexity="1" nPathComplexity="0" sequenceCoverage="100" branchCoverage="100" crapScore="1" isConstructor="true" isStatic="true" isGetter="false" isSetter="false">
              <Summary numSequencePoints="1" visitedSequencePoints="1" numBranchPoints="1" visitedBranchPoints="1" sequenceCoverage="100" branchCoverage="100" maxCyclomaticComplexity="1" minCyclomaticComplexity="1" maxCrapScore="1" minCrapScore="1" visitedClasses="0" numClasses="0" visitedMethods="1" numMethods="1" />
              <MetadataToken>100663342</MetadataToken>
              <Name>System.Void ShapesLib.Shape::.cctor()</Name>
              <FileRef uid="18" />
              <SequencePoints>
                <SequencePoint vc="1" uspid="775" ordinal="0" offset="0" sl="12" sc="9" el="12" ec="53" bec="0" bev="0" fileid="18" />
              </SequencePoints>
              <BranchPoints />
              <MethodPoint xsi:type="SequencePoint" vc="1" uspid="775" ordinal="0" offset="0" sl="12" sc="9" el="12" ec="53" bec="0" bev="0" fileid="18" />
            </Method>
          </Methods>
        </Class>
      </Classes>
    </Module>
  </Modules>
</CoverageSession>