<?xml version="1.0" encoding="utf-8"?>
<CoverageSession xmlns:xsd="http://www.w3.org/2001/XMLSchema" xmlns:xsi="http://www.w3.org/2001/XMLSchema-instance" Version="4.7.1221.0">
  <Summary numSequencePoints="530" visitedSequencePoints="156" numBranchPoints="128" visitedBranchPoints="43" sequenceCoverage="29.43" branchCoverage="33.59" maxCyclomaticComplexity="8" minCyclomaticComplexity="1" maxCrapScore="72" minCrapScore="1" visitedClasses="5" numClasses="9" visitedMethods="22" numMethods="60" />
  <Modules>
    <Module hash="62-CE-18-E2-95-72-62-B8-D8-12-2D-07-5D-A8-2F-5A-36-2A-9D-8C">
      <Summary numSequencePoints="296" visitedSequencePoints="108" numBranchPoints="64" visitedBranchPoints="27" sequenceCoverage="36.49" branchCoverage="42.19" maxCyclomaticComplexity="8" minCyclomaticComplexity="1" maxCrapScore="72" minCrapScore="1" visitedClasses="3" numClasses="5" visitedMethods="9" numMethods="16" />
      <ModulePath>F:\Jigurda\Lab12\Lab12-TESTS\bin\Debug\fine-code-coverage\build-output\Lab12.exe</ModulePath>
      <ModuleTime>2025-05-17T22:41:06.8542789Z</ModuleTime>
      <ModuleName>Lab12</ModuleName>
      <Files>
        <File uid="1" fullPath="F:\Jigurda\Lab12\Lab12\LPoint.cs" />
        <File uid="2" fullPath="F:\Jigurda\Lab12\Lab12\HTable.cs" />
        <File uid="3" fullPath="F:\Jigurda\Lab12\Lab12\PointList.cs" />
        <File uid="4" fullPath="F:\Jigurda\Lab12\Lab12\Point.cs" />
        <File uid="5" fullPath="F:\Jigurda\Lab12\Lab12\Program.cs" />
      </Files>
      <Classes>
        <Class>
          <Summary numSequencePoints="15" visitedSequencePoints="15" numBranchPoints="2" visitedBranchPoints="2" sequenceCoverage="100" branchCoverage="100" maxCyclomaticComplexity="2" minCyclomaticComplexity="1" maxCrapScore="2" minCrapScore="1" visitedClasses="1" numClasses="1" visitedMethods="2" numMethods="2" />
          <FullName>Lab12.LPoint`1</FullName>
          <Methods>
            <Method visited="true" cyclomaticComplexity="1" nPathComplexity="0" sequenceCoverage="100" branchCoverage="100" crapScore="1" isConstructor="true" isStatic="false" isGetter="false" isSetter="false">
              <Summary numSequencePoints="6" visitedSequencePoints="6" numBranchPoints="1" visitedBranchPoints="1" sequenceCoverage="100" branchCoverage="100" maxCyclomaticComplexity="1" minCyclomaticComplexity="1" maxCrapScore="1" minCrapScore="1" visitedClasses="0" numClasses="0" visitedMethods="1" numMethods="1" />
              <MetadataToken>100663297</MetadataToken>
              <Name>System.Void Lab12.LPoint`1::.ctor(ShapesLib.Shape)</Name>
              <FileRef uid="1" />
              <SequencePoints>
                <SequencePoint vc="1" uspid="1" ordinal="0" offset="0" sl="15" sc="9" el="15" ec="35" bec="0" bev="0" fileid="1" />
                <SequencePoint vc="1" uspid="2" ordinal="1" offset="7" sl="16" sc="9" el="16" ec="10" bec="0" bev="0" fileid="1" />
                <SequencePoint vc="1" uspid="3" ordinal="2" offset="8" sl="17" sc="13" el="17" ec="27" bec="0" bev="0" fileid="1" />
                <SequencePoint vc="1" uspid="4" ordinal="3" offset="15" sl="18" sc="13" el="18" ec="33" bec="0" bev="0" fileid="1" />
                <SequencePoint vc="1" uspid="5" ordinal="4" offset="27" sl="19" sc="13" el="19" ec="25" bec="0" bev="0" fileid="1" />
                <SequencePoint vc="1" uspid="6" ordinal="5" offset="34" sl="20" sc="9" el="20" ec="10" bec="0" bev="0" fileid="1" />
              </SequencePoints>
              <BranchPoints />
              <MethodPoint xsi:type="SequencePoint" vc="1" uspid="1" ordinal="0" offset="0" sl="15" sc="9" el="15" ec="35" bec="0" bev="0" fileid="1" />
            </Method>
            <Method visited="true" cyclomaticComplexity="2" nPathComplexity="0" sequenceCoverage="100" branchCoverage="100" crapScore="2" isConstructor="false" isStatic="false" isGetter="false" isSetter="false">
              <Summary numSequencePoints="9" visitedSequencePoints="9" numBranchPoints="1" visitedBranchPoints="1" sequenceCoverage="100" branchCoverage="100" maxCyclomaticComplexity="2" minCyclomaticComplexity="2" maxCrapScore="2" minCrapScore="2" visitedClasses="0" numClasses="0" visitedMethods="1" numMethods="1" />
              <MetadataToken>100663298</MetadataToken>
              <Name>System.Int32 Lab12.LPoint`1::GetHashCode()</Name>
              <FileRef uid="1" />
              <SequencePoints>
                <SequencePoint vc="1" uspid="7" ordinal="0" offset="0" sl="22" sc="9" el="22" ec="10" bec="0" bev="0" fileid="1" />
                <SequencePoint vc="1" uspid="8" ordinal="1" offset="1" sl="23" sc="13" el="23" ec="26" bec="0" bev="0" fileid="1" />
                <SequencePoint vc="1" uspid="9" ordinal="2" offset="3" sl="24" sc="13" el="24" ec="20" bec="0" bev="0" fileid="1" />
                <SequencePoint vc="1" uspid="10" ordinal="3" offset="4" sl="24" sc="32" el="24" ec="42" bec="0" bev="0" fileid="1" />
                <SequencePoint vc="1" uspid="11" ordinal="4" offset="20" sl="24" sc="22" el="24" ec="28" bec="0" bev="0" fileid="1" />
                <SequencePoint vc="1" uspid="12" ordinal="5" offset="28" sl="25" sc="17" el="25" ec="32" bec="0" bev="0" fileid="1" />
                <SequencePoint vc="2" uspid="13" ordinal="6" offset="36" sl="24" sc="29" el="24" ec="31" bec="0" bev="0" fileid="1" />
                <SequencePoint vc="1" uspid="14" ordinal="7" offset="45" sl="26" sc="13" el="26" ec="25" bec="0" bev="0" fileid="1" />
                <SequencePoint vc="1" uspid="15" ordinal="8" offset="50" sl="27" sc="9" el="27" ec="10" bec="0" bev="0" fileid="1" />
              </SequencePoints>
              <BranchPoints />
              <MethodPoint xsi:type="SequencePoint" vc="1" uspid="7" ordinal="0" offset="0" sl="22" sc="9" el="22" ec="10" bec="0" bev="0" fileid="1" />
            </Method>
          </Methods>
        </Class>
        <Class>
          <Summary numSequencePoints="89" visitedSequencePoints="0" numBranchPoints="25" visitedBranchPoints="0" sequenceCoverage="0" branchCoverage="0" maxCyclomaticComplexity="6" minCyclomaticComplexity="1" maxCrapScore="42" minCrapScore="2" visitedClasses="0" numClasses="1" visitedMethods="0" numMethods="5" />
          <FullName>Lab12.HTable`1</FullName>
          <Methods>
            <Method visited="false" cyclomaticComplexity="1" nPathComplexity="0" sequenceCoverage="0" branchCoverage="0" crapScore="2" isConstructor="true" isStatic="false" isGetter="false" isSetter="false">
              <Summary numSequencePoints="5" visitedSequencePoints="0" numBranchPoints="1" visitedBranchPoints="0" sequenceCoverage="0" branchCoverage="0" maxCyclomaticComplexity="1" minCyclomaticComplexity="1" maxCrapScore="2" minCrapScore="2" visitedClasses="0" numClasses="0" visitedMethods="0" numMethods="1" />
              <MetadataToken>100663299</MetadataToken>
              <Name>System.Void Lab12.HTable`1::.ctor(System.Int32)</Name>
              <FileRef uid="2" />
              <SequencePoints>
                <SequencePoint vc="0" uspid="18" ordinal="0" offset="0" sl="16" sc="9" el="16" ec="32" bec="0" bev="0" fileid="2" />
                <SequencePoint vc="0" uspid="19" ordinal="1" offset="7" sl="17" sc="9" el="17" ec="10" bec="0" bev="0" fileid="2" />
                <SequencePoint vc="0" uspid="20" ordinal="2" offset="8" sl="18" sc="13" el="18" ec="25" bec="0" bev="0" fileid="2" />
                <SequencePoint vc="0" uspid="21" ordinal="3" offset="15" sl="19" sc="13" el="19" ec="41" bec="0" bev="0" fileid="2" />
                <SequencePoint vc="0" uspid="22" ordinal="4" offset="32" sl="20" sc="9" el="20" ec="10" bec="0" bev="0" fileid="2" />
              </SequencePoints>
              <BranchPoints />
              <MethodPoint xsi:type="SequencePoint" vc="0" uspid="18" ordinal="0" offset="0" sl="16" sc="9" el="16" ec="32" bec="0" bev="0" fileid="2" />
            </Method>
            <Method visited="false" cyclomaticComplexity="5" nPathComplexity="4" sequenceCoverage="0" branchCoverage="0" crapScore="30" isConstructor="false" isStatic="false" isGetter="false" isSetter="false">
              <Summary numSequencePoints="20" visitedSequencePoints="0" numBranchPoints="5" visitedBranchPoints="0" sequenceCoverage="0" branchCoverage="0" maxCyclomaticComplexity="5" minCyclomaticComplexity="5" maxCrapScore="30" minCrapScore="30" visitedClasses="0" numClasses="0" visitedMethods="0" numMethods="1" />
              <MetadataToken>100663300</MetadataToken>
              <Name>System.Void Lab12.HTable`1::Add(T)</Name>
              <FileRef uid="2" />
              <SequencePoints>
                <SequencePoint vc="0" uspid="23" ordinal="0" offset="0" sl="23" sc="9" el="23" ec="10" bec="0" bev="0" fileid="2" />
                <SequencePoint vc="0" uspid="24" ordinal="1" offset="1" sl="24" sc="13" el="24" ec="51" bec="0" bev="0" fileid="2" />
                <SequencePoint vc="0" uspid="25" ordinal="2" offset="13" sl="25" sc="13" el="25" ec="62" bec="0" bev="0" fileid="2" />
                <SequencePoint vc="0" uspid="26" ordinal="3" offset="32" sl="26" sc="13" el="26" ec="42" bec="0" bev="0" fileid="2" />
                <SequencePoint vc="0" uspid="27" ordinal="4" offset="41" sl="28" sc="13" el="28" ec="29" bec="0" bev="0" fileid="2" />
                <SequencePoint vc="0" uspid="28" ordinal="5" offset="49" sl="29" sc="13" el="29" ec="14" bec="0" bev="0" fileid="2" />
                <SequencePoint vc="0" uspid="29" ordinal="6" offset="50" sl="30" sc="17" el="30" ec="38" bec="0" bev="0" fileid="2" />
                <SequencePoint vc="0" uspid="30" ordinal="7" offset="59" sl="31" sc="17" el="31" ec="24" bec="0" bev="0" fileid="2" />
                <SequencePoint vc="0" uspid="31" ordinal="8" offset="63" sl="35" sc="13" el="35" ec="14" bec="0" bev="0" fileid="2" />
                <SequencePoint vc="0" uspid="32" ordinal="9" offset="64" sl="36" sc="17" el="36" ec="39" bec="2" bev="0" fileid="2" />
                <SequencePoint vc="0" uspid="33" ordinal="10" offset="77" sl="37" sc="17" el="37" ec="18" bec="0" bev="0" fileid="2" />
                <SequencePoint vc="0" uspid="34" ordinal="11" offset="78" sl="38" sc="21" el="38" ec="63" bec="0" bev="0" fileid="2" />
                <SequencePoint vc="0" uspid="35" ordinal="12" offset="89" sl="39" sc="21" el="39" ec="28" bec="0" bev="0" fileid="2" />
                <SequencePoint vc="0" uspid="36" ordinal="13" offset="91" sl="41" sc="17" el="41" ec="38" bec="2" bev="0" fileid="2" />
                <SequencePoint vc="0" uspid="37" ordinal="14" offset="106" sl="42" sc="21" el="42" ec="27" bec="0" bev="0" fileid="2" />
                <SequencePoint vc="0" uspid="38" ordinal="15" offset="108" sl="43" sc="17" el="43" ec="32" bec="0" bev="0" fileid="2" />
                <SequencePoint vc="0" uspid="39" ordinal="16" offset="115" sl="44" sc="13" el="44" ec="14" bec="0" bev="0" fileid="2" />
                <SequencePoint vc="0" uspid="40" ordinal="17" offset="116" sl="34" sc="13" el="34" ec="32" bec="0" bev="0" fileid="2" />
                <SequencePoint vc="0" uspid="41" ordinal="18" offset="126" sl="46" sc="13" el="46" ec="30" bec="0" bev="0" fileid="2" />
                <SequencePoint vc="0" uspid="42" ordinal="19" offset="133" sl="47" sc="9" el="47" ec="10" bec="0" bev="0" fileid="2" />
              </SequencePoints>
              <BranchPoints>
                <BranchPoint vc="0" uspid="43" ordinal="0" offset="75" sl="36" path="0" offsetend="77" fileid="2" />
                <BranchPoint vc="0" uspid="44" ordinal="1" offset="75" sl="36" path="1" offsetend="91" fileid="2" />
                <BranchPoint vc="0" uspid="45" ordinal="2" offset="104" sl="41" path="0" offsetchain="106" offsetend="126" fileid="2" />
                <BranchPoint vc="0" uspid="46" ordinal="3" offset="104" sl="41" path="1" offsetend="108" fileid="2" />
              </BranchPoints>
              <MethodPoint xsi:type="SequencePoint" vc="0" uspid="23" ordinal="0" offset="0" sl="23" sc="9" el="23" ec="10" bec="0" bev="0" fileid="2" />
            </Method>
            <Method visited="false" cyclomaticComplexity="5" nPathComplexity="8" sequenceCoverage="0" branchCoverage="0" crapScore="30" isConstructor="false" isStatic="false" isGetter="false" isSetter="false">
              <Summary numSequencePoints="28" visitedSequencePoints="0" numBranchPoints="7" visitedBranchPoints="0" sequenceCoverage="0" branchCoverage="0" maxCyclomaticComplexity="5" minCyclomaticComplexity="5" maxCrapScore="30" minCrapScore="30" visitedClasses="0" numClasses="0" visitedMethods="0" numMethods="1" />
              <MetadataToken>100663301</MetadataToken>
              <Name>System.Void Lab12.HTable`1::Print()</Name>
              <FileRef uid="2" />
              <SequencePoints>
                <SequencePoint vc="0" uspid="47" ordinal="0" offset="0" sl="50" sc="9" el="50" ec="10" bec="0" bev="0" fileid="2" />
                <SequencePoint vc="0" uspid="48" ordinal="1" offset="1" sl="51" sc="13" el="51" ec="49" bec="0" bev="0" fileid="2" />
                <SequencePoint vc="0" uspid="49" ordinal="2" offset="12" sl="53" sc="13" el="53" ec="31" bec="2" bev="0" fileid="2" />
                <SequencePoint vc="0" uspid="50" ordinal="3" offset="25" sl="54" sc="13" el="54" ec="14" bec="0" bev="0" fileid="2" />
                <SequencePoint vc="0" uspid="51" ordinal="4" offset="26" sl="55" sc="17" el="55" ec="53" bec="0" bev="0" fileid="2" />
                <SequencePoint vc="0" uspid="52" ordinal="5" offset="37" sl="56" sc="17" el="56" ec="24" bec="0" bev="0" fileid="2" />
                <SequencePoint vc="0" uspid="53" ordinal="6" offset="42" sl="59" sc="18" el="59" ec="27" bec="0" bev="0" fileid="2" />
                <SequencePoint vc="0" uspid="54" ordinal="7" offset="49" sl="60" sc="13" el="60" ec="14" bec="0" bev="0" fileid="2" />
                <SequencePoint vc="0" uspid="55" ordinal="8" offset="50" sl="61" sc="17" el="61" ec="38" bec="2" bev="0" fileid="2" />
                <SequencePoint vc="0" uspid="56" ordinal="9" offset="65" sl="62" sc="17" el="62" ec="18" bec="0" bev="0" fileid="2" />
                <SequencePoint vc="0" uspid="57" ordinal="10" offset="66" sl="63" sc="21" el="63" ec="61" bec="0" bev="0" fileid="2" />
                <SequencePoint vc="0" uspid="58" ordinal="11" offset="88" sl="64" sc="17" el="64" ec="18" bec="0" bev="0" fileid="2" />
                <SequencePoint vc="0" uspid="59" ordinal="12" offset="91" sl="66" sc="17" el="66" ec="18" bec="0" bev="0" fileid="2" />
                <SequencePoint vc="0" uspid="60" ordinal="13" offset="92" sl="67" sc="21" el="67" ec="54" bec="0" bev="0" fileid="2" />
                <SequencePoint vc="0" uspid="61" ordinal="14" offset="114" sl="69" sc="21" el="69" ec="46" bec="0" bev="0" fileid="2" />
                <SequencePoint vc="0" uspid="62" ordinal="15" offset="125" sl="72" sc="21" el="72" ec="22" bec="0" bev="0" fileid="2" />
                <SequencePoint vc="0" uspid="63" ordinal="16" offset="126" sl="73" sc="25" el="73" ec="46" bec="0" bev="0" fileid="2" />
                <SequencePoint vc="0" uspid="64" ordinal="17" offset="138" sl="75" sc="25" el="75" ec="40" bec="0" bev="0" fileid="2" />
                <SequencePoint vc="0" uspid="65" ordinal="18" offset="145" sl="76" sc="21" el="76" ec="22" bec="0" bev="0" fileid="2" />
                <SequencePoint vc="0" uspid="66" ordinal="19" offset="146" sl="71" sc="21" el="71" ec="45" bec="0" bev="0" fileid="2" />
                <SequencePoint vc="0" uspid="67" ordinal="20" offset="161" sl="78" sc="21" el="78" ec="42" bec="0" bev="0" fileid="2" />
                <SequencePoint vc="0" uspid="68" ordinal="21" offset="173" sl="79" sc="21" el="79" ec="41" bec="0" bev="0" fileid="2" />
                <SequencePoint vc="0" uspid="69" ordinal="22" offset="179" sl="80" sc="17" el="80" ec="18" bec="0" bev="0" fileid="2" />
                <SequencePoint vc="0" uspid="70" ordinal="23" offset="180" sl="81" sc="13" el="81" ec="14" bec="0" bev="0" fileid="2" />
                <SequencePoint vc="0" uspid="71" ordinal="24" offset="181" sl="59" sc="39" el="59" ec="42" bec="0" bev="0" fileid="2" />
                <SequencePoint vc="0" uspid="72" ordinal="25" offset="185" sl="59" sc="29" el="59" ec="37" bec="2" bev="0" fileid="2" />
                <SequencePoint vc="0" uspid="73" ordinal="26" offset="203" sl="83" sc="13" el="83" ec="33" bec="0" bev="0" fileid="2" />
                <SequencePoint vc="0" uspid="74" ordinal="27" offset="209" sl="84" sc="9" el="84" ec="10" bec="0" bev="0" fileid="2" />
              </SequencePoints>
              <BranchPoints>
                <BranchPoint vc="0" uspid="75" ordinal="0" offset="23" sl="53" path="0" offsetend="25" fileid="2" />
                <BranchPoint vc="0" uspid="76" ordinal="1" offset="23" sl="53" path="1" offsetend="42" fileid="2" />
                <BranchPoint vc="0" uspid="77" ordinal="2" offset="63" sl="61" path="0" offsetend="65" fileid="2" />
                <BranchPoint vc="0" uspid="78" ordinal="3" offset="63" sl="61" path="1" offsetend="91" fileid="2" />
                <BranchPoint vc="0" uspid="79" ordinal="4" offset="198" sl="59" path="0" offsetend="203" fileid="2" />
                <BranchPoint vc="0" uspid="80" ordinal="5" offset="198" sl="59" path="1" offsetend="49" fileid="2" />
              </BranchPoints>
              <MethodPoint xsi:type="SequencePoint" vc="0" uspid="47" ordinal="0" offset="0" sl="50" sc="9" el="50" ec="10" bec="0" bev="0" fileid="2" />
            </Method>
            <Method visited="false" cyclomaticComplexity="6" nPathComplexity="8" sequenceCoverage="0" branchCoverage="0" crapScore="42" isConstructor="false" isStatic="false" isGetter="false" isSetter="false">
              <Summary numSequencePoints="20" visitedSequencePoints="0" numBranchPoints="7" visitedBranchPoints="0" sequenceCoverage="0" branchCoverage="0" maxCyclomaticComplexity="6" minCyclomaticComplexity="6" maxCrapScore="42" minCrapScore="42" visitedClasses="0" numClasses="0" visitedMethods="0" numMethods="1" />
              <MetadataToken>100663302</MetadataToken>
              <Name>System.Void Lab12.HTable`1::Delete(ShapesLib.Shape)</Name>
              <FileRef uid="2" />
              <SequencePoints>
                <SequencePoint vc="0" uspid="81" ordinal="0" offset="0" sl="87" sc="9" el="87" ec="10" bec="0" bev="0" fileid="2" />
                <SequencePoint vc="0" uspid="82" ordinal="1" offset="1" sl="88" sc="13" el="88" ec="52" bec="0" bev="0" fileid="2" />
                <SequencePoint vc="0" uspid="83" ordinal="2" offset="8" sl="89" sc="13" el="89" ec="61" bec="0" bev="0" fileid="2" />
                <SequencePoint vc="0" uspid="84" ordinal="3" offset="27" sl="91" sc="13" el="91" ec="33" bec="0" bev="0" fileid="2" />
                <SequencePoint vc="0" uspid="85" ordinal="4" offset="36" sl="93" sc="13" el="93" ec="31" bec="2" bev="0" fileid="2" />
                <SequencePoint vc="0" uspid="86" ordinal="5" offset="44" sl="94" sc="17" el="94" ec="24" bec="0" bev="0" fileid="2" />
                <SequencePoint vc="0" uspid="87" ordinal="6" offset="49" sl="96" sc="13" el="96" ec="43" bec="0" bev="0" fileid="2" />
                <SequencePoint vc="0" uspid="88" ordinal="7" offset="65" sl="97" sc="13" el="97" ec="14" bec="0" bev="0" fileid="2" />
                <SequencePoint vc="0" uspid="89" ordinal="8" offset="66" sl="98" sc="17" el="98" ec="48" bec="0" bev="0" fileid="2" />
                <SequencePoint vc="0" uspid="90" ordinal="9" offset="87" sl="99" sc="17" el="99" ec="67" bec="0" bev="0" fileid="2" />
                <SequencePoint vc="0" uspid="91" ordinal="10" offset="98" sl="100" sc="17" el="100" ec="24" bec="0" bev="0" fileid="2" />
                <SequencePoint vc="0" uspid="92" ordinal="11" offset="102" sl="104" sc="21" el="104" ec="40" bec="0" bev="0" fileid="2" />
                <SequencePoint vc="0" uspid="93" ordinal="12" offset="109" sl="103" sc="13" el="103" ec="74" bec="2" bev="0" fileid="2" />
                <SequencePoint vc="0" uspid="94" ordinal="13" offset="146" sl="105" sc="13" el="105" ec="36" bec="2" bev="0" fileid="2" />
                <SequencePoint vc="0" uspid="95" ordinal="14" offset="161" sl="106" sc="13" el="106" ec="14" bec="0" bev="0" fileid="2" />
                <SequencePoint vc="0" uspid="96" ordinal="15" offset="162" sl="107" sc="17" el="107" ec="46" bec="0" bev="0" fileid="2" />
                <SequencePoint vc="0" uspid="97" ordinal="16" offset="179" sl="108" sc="17" el="108" ec="67" bec="0" bev="0" fileid="2" />
                <SequencePoint vc="0" uspid="98" ordinal="17" offset="190" sl="109" sc="17" el="109" ec="24" bec="0" bev="0" fileid="2" />
                <SequencePoint vc="0" uspid="99" ordinal="18" offset="192" sl="112" sc="13" el="112" ec="57" bec="0" bev="0" fileid="2" />
                <SequencePoint vc="0" uspid="100" ordinal="19" offset="203" sl="113" sc="9" el="113" ec="10" bec="0" bev="0" fileid="2" />
              </SequencePoints>
              <BranchPoints>
                <BranchPoint vc="0" uspid="101" ordinal="0" offset="42" sl="93" path="0" offsetchain="44" offsetend="203" fileid="2" />
                <BranchPoint vc="0" uspid="102" ordinal="1" offset="42" sl="93" path="1" offsetend="49" fileid="2" />
                <BranchPoint vc="0" uspid="103" ordinal="2" offset="115" sl="103" path="0" offsetend="117" fileid="2" />
                <BranchPoint vc="0" uspid="104" ordinal="3" offset="115" sl="103" path="1" offsetend="139" fileid="2" />
                <BranchPoint vc="0" uspid="105" ordinal="4" offset="159" sl="105" path="0" offsetend="161" fileid="2" />
                <BranchPoint vc="0" uspid="106" ordinal="5" offset="159" sl="105" path="1" offsetend="192" fileid="2" />
              </BranchPoints>
              <MethodPoint xsi:type="SequencePoint" vc="0" uspid="81" ordinal="0" offset="0" sl="87" sc="9" el="87" ec="10" bec="0" bev="0" fileid="2" />
            </Method>
            <Method visited="false" cyclomaticComplexity="4" nPathComplexity="4" sequenceCoverage="0" branchCoverage="0" crapScore="20" isConstructor="false" isStatic="false" isGetter="false" isSetter="false">
              <Summary numSequencePoints="16" visitedSequencePoints="0" numBranchPoints="5" visitedBranchPoints="0" sequenceCoverage="0" branchCoverage="0" maxCyclomaticComplexity="4" minCyclomaticComplexity="4" maxCrapScore="20" minCrapScore="20" visitedClasses="0" numClasses="0" visitedMethods="0" numMethods="1" />
              <MetadataToken>100663303</MetadataToken>
              <Name>System.Void Lab12.HTable`1::Find(ShapesLib.Shape)</Name>
              <FileRef uid="2" />
              <SequencePoints>
                <SequencePoint vc="0" uspid="107" ordinal="0" offset="0" sl="116" sc="9" el="116" ec="10" bec="0" bev="0" fileid="2" />
                <SequencePoint vc="0" uspid="108" ordinal="1" offset="1" sl="117" sc="13" el="117" ec="52" bec="0" bev="0" fileid="2" />
                <SequencePoint vc="0" uspid="109" ordinal="2" offset="8" sl="118" sc="13" el="118" ec="61" bec="0" bev="0" fileid="2" />
                <SequencePoint vc="0" uspid="110" ordinal="3" offset="27" sl="120" sc="13" el="120" ec="33" bec="0" bev="0" fileid="2" />
                <SequencePoint vc="0" uspid="111" ordinal="4" offset="38" sl="123" sc="13" el="123" ec="14" bec="0" bev="0" fileid="2" />
                <SequencePoint vc="0" uspid="112" ordinal="5" offset="39" sl="124" sc="17" el="124" ec="47" bec="2" bev="0" fileid="2" />
                <SequencePoint vc="0" uspid="113" ordinal="6" offset="55" sl="125" sc="17" el="125" ec="18" bec="0" bev="0" fileid="2" />
                <SequencePoint vc="0" uspid="114" ordinal="7" offset="56" sl="126" sc="21" el="126" ec="71" bec="0" bev="0" fileid="2" />
                <SequencePoint vc="0" uspid="115" ordinal="8" offset="78" sl="127" sc="21" el="127" ec="28" bec="0" bev="0" fileid="2" />
                <SequencePoint vc="0" uspid="116" ordinal="9" offset="80" sl="129" sc="17" el="129" ec="40" bec="2" bev="0" fileid="2" />
                <SequencePoint vc="0" uspid="117" ordinal="10" offset="93" sl="130" sc="21" el="130" ec="40" bec="0" bev="0" fileid="2" />
                <SequencePoint vc="0" uspid="118" ordinal="11" offset="100" sl="131" sc="13" el="131" ec="14" bec="0" bev="0" fileid="2" />
                <SequencePoint vc="0" uspid="119" ordinal="12" offset="101" sl="122" sc="13" el="122" ec="34" bec="0" bev="0" fileid="2" />
                <SequencePoint vc="0" uspid="120" ordinal="13" offset="111" sl="133" sc="13" el="133" ec="52" bec="0" bev="0" fileid="2" />
                <SequencePoint vc="0" uspid="121" ordinal="14" offset="122" sl="134" sc="13" el="134" ec="20" bec="0" bev="0" fileid="2" />
                <SequencePoint vc="0" uspid="122" ordinal="15" offset="124" sl="135" sc="9" el="135" ec="10" bec="0" bev="0" fileid="2" />
              </SequencePoints>
              <BranchPoints>
                <BranchPoint vc="0" uspid="123" ordinal="0" offset="53" sl="124" path="0" offsetend="55" fileid="2" />
                <BranchPoint vc="0" uspid="124" ordinal="1" offset="53" sl="124" path="1" offsetend="80" fileid="2" />
                <BranchPoint vc="0" uspid="125" ordinal="2" offset="91" sl="129" path="0" offsetend="93" fileid="2" />
                <BranchPoint vc="0" uspid="126" ordinal="3" offset="91" sl="129" path="1" offsetend="100" fileid="2" />
              </BranchPoints>
              <MethodPoint xsi:type="SequencePoint" vc="0" uspid="107" ordinal="0" offset="0" sl="116" sc="9" el="116" ec="10" bec="0" bev="0" fileid="2" />
            </Method>
          </Methods>
        </Class>
        <Class>
          <Summary numSequencePoints="106" visitedSequencePoints="82" numBranchPoints="25" visitedBranchPoints="23" sequenceCoverage="77.36" branchCoverage="92" maxCyclomaticComplexity="8" minCyclomaticComplexity="1" maxCrapScore="8.03" minCrapScore="2" visitedClasses="1" numClasses="1" visitedMethods="5" numMethods="5" />
          <FullName>Lab12.PointList</FullName>
          <Methods>
            <Method visited="true" cyclomaticComplexity="3" nPathComplexity="2" sequenceCoverage="100" branchCoverage="100" crapScore="3" isConstructor="false" isStatic="true" isGetter="false" isSetter="false">
              <Summary numSequencePoints="21" visitedSequencePoints="21" numBranchPoints="3" visitedBranchPoints="3" sequenceCoverage="100" branchCoverage="100" maxCyclomaticComplexity="3" minCyclomaticComplexity="3" maxCrapScore="3" minCrapScore="3" visitedClasses="0" numClasses="0" visitedMethods="1" numMethods="1" />
              <MetadataToken>100663305</MetadataToken>
              <Name>Lab12.Point Lab12.PointList::MakeList(System.Int32)</Name>
              <FileRef uid="3" />
              <SequencePoints>
                <SequencePoint vc="7" uspid="127" ordinal="0" offset="0" sl="13" sc="9" el="13" ec="10" bec="0" bev="0" fileid="3" />
                <SequencePoint vc="7" uspid="128" ordinal="1" offset="1" sl="14" sc="13" el="14" ec="26" bec="2" bev="2" fileid="3" />
                <SequencePoint vc="1" uspid="129" ordinal="2" offset="12" sl="15" sc="13" el="15" ec="14" bec="0" bev="0" fileid="3" />
                <SequencePoint vc="1" uspid="130" ordinal="3" offset="13" sl="16" sc="17" el="16" ec="59" bec="0" bev="0" fileid="3" />
                <SequencePoint vc="1" uspid="131" ordinal="4" offset="24" sl="17" sc="17" el="17" ec="29" bec="0" bev="0" fileid="3" />
                <SequencePoint vc="6" uspid="132" ordinal="5" offset="28" sl="20" sc="13" el="20" ec="39" bec="0" bev="0" fileid="3" />
                <SequencePoint vc="6" uspid="133" ordinal="6" offset="34" sl="21" sc="13" el="21" ec="30" bec="0" bev="0" fileid="3" />
                <SequencePoint vc="6" uspid="134" ordinal="7" offset="41" sl="22" sc="13" el="22" ec="40" bec="0" bev="0" fileid="3" />
                <SequencePoint vc="6" uspid="135" ordinal="8" offset="48" sl="24" sc="18" el="24" ec="27" bec="0" bev="0" fileid="3" />
                <SequencePoint vc="14" uspid="136" ordinal="9" offset="53" sl="25" sc="13" el="25" ec="14" bec="0" bev="0" fileid="3" />
                <SequencePoint vc="14" uspid="137" ordinal="10" offset="54" sl="26" sc="17" el="26" ec="36" bec="0" bev="0" fileid="3" />
                <SequencePoint vc="14" uspid="138" ordinal="11" offset="60" sl="27" sc="17" el="27" ec="34" bec="0" bev="0" fileid="3" />
                <SequencePoint vc="14" uspid="139" ordinal="12" offset="67" sl="28" sc="17" el="28" ec="42" bec="0" bev="0" fileid="3" />
                <SequencePoint vc="14" uspid="140" ordinal="13" offset="75" sl="29" sc="17" el="29" ec="30" bec="0" bev="0" fileid="3" />
                <SequencePoint vc="14" uspid="141" ordinal="14" offset="83" sl="30" sc="17" el="30" ec="30" bec="0" bev="0" fileid="3" />
                <SequencePoint vc="14" uspid="142" ordinal="15" offset="91" sl="31" sc="17" el="31" ec="25" bec="0" bev="0" fileid="3" />
                <SequencePoint vc="14" uspid="143" ordinal="16" offset="94" sl="32" sc="13" el="32" ec="14" bec="0" bev="0" fileid="3" />
                <SequencePoint vc="14" uspid="144" ordinal="17" offset="95" sl="24" sc="38" el="24" ec="41" bec="0" bev="0" fileid="3" />
                <SequencePoint vc="20" uspid="145" ordinal="18" offset="101" sl="24" sc="29" el="24" ec="36" bec="0" bev="0" fileid="3" />
                <SequencePoint vc="6" uspid="146" ordinal="19" offset="112" sl="33" sc="13" el="33" ec="24" bec="0" bev="0" fileid="3" />
                <SequencePoint vc="7" uspid="147" ordinal="20" offset="116" sl="34" sc="9" el="34" ec="10" bec="0" bev="0" fileid="3" />
              </SequencePoints>
              <BranchPoints>
                <BranchPoint vc="1" uspid="148" ordinal="0" offset="10" sl="14" path="0" offsetend="12" fileid="3" />
                <BranchPoint vc="6" uspid="149" ordinal="1" offset="10" sl="14" path="1" offsetend="28" fileid="3" />
              </BranchPoints>
              <MethodPoint xsi:type="SequencePoint" vc="7" uspid="127" ordinal="0" offset="0" sl="13" sc="9" el="13" ec="10" bec="0" bev="0" fileid="3" />
            </Method>
            <Method visited="true" cyclomaticComplexity="3" nPathComplexity="0" sequenceCoverage="17.65" branchCoverage="100" crapScore="8.03" isConstructor="false" isStatic="true" isGetter="false" isSetter="false">
              <Summary numSequencePoints="17" visitedSequencePoints="3" numBranchPoints="1" visitedBranchPoints="1" sequenceCoverage="17.65" branchCoverage="100" maxCyclomaticComplexity="3" minCyclomaticComplexity="3" maxCrapScore="8.03" minCrapScore="8.03" visitedClasses="0" numClasses="0" visitedMethods="1" numMethods="1" />
              <MetadataToken>100663306</MetadataToken>
              <Name>System.Void Lab12.PointList::PrintList(Lab12.Point)</Name>
              <FileRef uid="3" />
              <SequencePoints>
                <SequencePoint vc="1" uspid="150" ordinal="0" offset="0" sl="37" sc="9" el="37" ec="10" bec="0" bev="0" fileid="3" />
                <SequencePoint vc="1" uspid="151" ordinal="1" offset="1" sl="38" sc="13" el="38" ec="29" bec="0" bev="0" fileid="3" />
                <SequencePoint vc="1" uspid="152" ordinal="2" offset="9" sl="39" sc="17" el="39" ec="52" bec="0" bev="0" fileid="3" />
                <SequencePoint vc="0" uspid="153" ordinal="3" offset="16" sl="41" sc="13" el="41" ec="14" bec="0" bev="0" fileid="3" />
                <SequencePoint vc="0" uspid="154" ordinal="4" offset="17" sl="42" sc="17" el="42" ec="31" bec="0" bev="0" fileid="3" />
                <SequencePoint vc="0" uspid="155" ordinal="5" offset="19" sl="43" sc="17" el="43" ec="35" bec="0" bev="0" fileid="3" />
                <SequencePoint vc="0" uspid="156" ordinal="6" offset="33" sl="46" sc="17" el="46" ec="18" bec="0" bev="0" fileid="3" />
                <SequencePoint vc="0" uspid="157" ordinal="7" offset="34" sl="47" sc="21" el="47" ec="44" bec="0" bev="0" fileid="3" />
                <SequencePoint vc="0" uspid="158" ordinal="8" offset="51" sl="48" sc="21" el="48" ec="32" bec="0" bev="0" fileid="3" />
                <SequencePoint vc="0" uspid="159" ordinal="9" offset="58" sl="49" sc="17" el="49" ec="18" bec="0" bev="0" fileid="3" />
                <SequencePoint vc="0" uspid="160" ordinal="10" offset="59" sl="45" sc="17" el="45" ec="39" bec="0" bev="0" fileid="3" />
                <SequencePoint vc="0" uspid="161" ordinal="11" offset="72" sl="50" sc="13" el="50" ec="14" bec="0" bev="0" fileid="3" />
                <SequencePoint vc="0" uspid="162" ordinal="12" offset="75" sl="51" sc="13" el="51" ec="43" bec="0" bev="0" fileid="3" />
                <SequencePoint vc="0" uspid="163" ordinal="13" offset="76" sl="52" sc="13" el="52" ec="14" bec="0" bev="0" fileid="3" />
                <SequencePoint vc="0" uspid="164" ordinal="14" offset="77" sl="53" sc="17" el="53" ec="56" bec="0" bev="0" fileid="3" />
                <SequencePoint vc="0" uspid="165" ordinal="15" offset="88" sl="54" sc="13" el="54" ec="14" bec="0" bev="0" fileid="3" />
                <SequencePoint vc="0" uspid="166" ordinal="16" offset="91" sl="55" sc="9" el="55" ec="10" bec="0" bev="0" fileid="3" />
              </SequencePoints>
              <BranchPoints />
              <MethodPoint xsi:type="SequencePoint" vc="1" uspid="150" ordinal="0" offset="0" sl="37" sc="9" el="37" ec="10" bec="0" bev="0" fileid="3" />
            </Method>
            <Method visited="true" cyclomaticComplexity="6" nPathComplexity="16" sequenceCoverage="100" branchCoverage="100" crapScore="6" isConstructor="false" isStatic="true" isGetter="false" isSetter="false">
              <Summary numSequencePoints="25" visitedSequencePoints="25" numBranchPoints="9" visitedBranchPoints="9" sequenceCoverage="100" branchCoverage="100" maxCyclomaticComplexity="6" minCyclomaticComplexity="6" maxCrapScore="6" minCrapScore="6" visitedClasses="0" numClasses="0" visitedMethods="1" numMethods="1" />
              <MetadataToken>100663307</MetadataToken>
              <Name>Lab12.Point Lab12.PointList::AddPoint(Lab12.Point,System.Int32)</Name>
              <FileRef uid="3" />
              <SequencePoints>
                <SequencePoint vc="4" uspid="167" ordinal="0" offset="0" sl="58" sc="9" el="58" ec="10" bec="0" bev="0" fileid="3" />
                <SequencePoint vc="4" uspid="168" ordinal="1" offset="1" sl="59" sc="13" el="59" ec="39" bec="0" bev="0" fileid="3" />
                <SequencePoint vc="4" uspid="169" ordinal="2" offset="7" sl="60" sc="13" el="60" ec="30" bec="0" bev="0" fileid="3" />
                <SequencePoint vc="4" uspid="170" ordinal="3" offset="14" sl="61" sc="13" el="61" ec="45" bec="0" bev="0" fileid="3" />
                <SequencePoint vc="4" uspid="171" ordinal="4" offset="21" sl="63" sc="13" el="63" ec="30" bec="2" bev="2" fileid="3" />
                <SequencePoint vc="1" uspid="172" ordinal="5" offset="29" sl="64" sc="17" el="64" ec="33" bec="0" bev="0" fileid="3" />
                <SequencePoint vc="3" uspid="173" ordinal="6" offset="37" sl="66" sc="13" el="66" ec="28" bec="2" bev="2" fileid="3" />
                <SequencePoint vc="1" uspid="174" ordinal="7" offset="47" sl="67" sc="13" el="67" ec="14" bec="0" bev="0" fileid="3" />
                <SequencePoint vc="1" uspid="175" ordinal="8" offset="48" sl="68" sc="17" el="68" ec="38" bec="0" bev="0" fileid="3" />
                <SequencePoint vc="1" uspid="176" ordinal="9" offset="55" sl="69" sc="17" el="69" ec="65" bec="0" bev="0" fileid="3" />
                <SequencePoint vc="1" uspid="177" ordinal="10" offset="66" sl="70" sc="17" el="70" ec="33" bec="0" bev="0" fileid="3" />
                <SequencePoint vc="2" uspid="178" ordinal="11" offset="71" sl="73" sc="13" el="73" ec="31" bec="0" bev="0" fileid="3" />
                <SequencePoint vc="2" uspid="179" ordinal="12" offset="73" sl="75" sc="18" el="75" ec="27" bec="0" bev="0" fileid="3" />
                <SequencePoint vc="1" uspid="180" ordinal="13" offset="78" sl="76" sc="17" el="76" ec="34" bec="0" bev="0" fileid="3" />
                <SequencePoint vc="1" uspid="181" ordinal="14" offset="85" sl="75" sc="60" el="75" ec="63" bec="0" bev="0" fileid="3" />
                <SequencePoint vc="3" uspid="182" ordinal="15" offset="91" sl="75" sc="29" el="75" ec="58" bec="2" bev="2" fileid="3" />
                <SequencePoint vc="2" uspid="183" ordinal="16" offset="111" sl="77" sc="13" el="77" ec="30" bec="2" bev="2" fileid="3" />
                <SequencePoint vc="1" uspid="184" ordinal="17" offset="121" sl="78" sc="13" el="78" ec="14" bec="0" bev="0" fileid="3" />
                <SequencePoint vc="1" uspid="185" ordinal="18" offset="122" sl="79" sc="17" el="79" ec="60" bec="0" bev="0" fileid="3" />
                <SequencePoint vc="1" uspid="186" ordinal="19" offset="133" sl="80" sc="17" el="80" ec="29" bec="0" bev="0" fileid="3" />
                <SequencePoint vc="1" uspid="187" ordinal="20" offset="138" sl="83" sc="13" el="83" ec="39" bec="0" bev="0" fileid="3" />
                <SequencePoint vc="1" uspid="188" ordinal="21" offset="150" sl="84" sc="13" el="84" ec="34" bec="0" bev="0" fileid="3" />
                <SequencePoint vc="1" uspid="189" ordinal="22" offset="157" sl="85" sc="13" el="85" ec="61" bec="0" bev="0" fileid="3" />
                <SequencePoint vc="1" uspid="190" ordinal="23" offset="168" sl="86" sc="13" el="86" ec="25" bec="0" bev="0" fileid="3" />
                <SequencePoint vc="4" uspid="191" ordinal="24" offset="173" sl="87" sc="9" el="87" ec="10" bec="0" bev="0" fileid="3" />
              </SequencePoints>
              <BranchPoints>
                <BranchPoint vc="1" uspid="192" ordinal="0" offset="27" sl="63" path="0" offsetend="29" fileid="3" />
                <BranchPoint vc="3" uspid="193" ordinal="1" offset="27" sl="63" path="1" offsetend="37" fileid="3" />
                <BranchPoint vc="1" uspid="194" ordinal="2" offset="45" sl="66" path="0" offsetend="47" fileid="3" />
                <BranchPoint vc="2" uspid="195" ordinal="3" offset="45" sl="66" path="1" offsetend="71" fileid="3" />
                <BranchPoint vc="2" uspid="196" ordinal="4" offset="96" sl="75" path="0" offsetend="98" fileid="3" />
                <BranchPoint vc="1" uspid="197" ordinal="5" offset="96" sl="75" path="1" offsetend="104" fileid="3" />
                <BranchPoint vc="1" uspid="198" ordinal="6" offset="119" sl="77" path="0" offsetend="121" fileid="3" />
                <BranchPoint vc="1" uspid="199" ordinal="7" offset="119" sl="77" path="1" offsetend="138" fileid="3" />
              </BranchPoints>
              <MethodPoint xsi:type="SequencePoint" vc="4" uspid="167" ordinal="0" offset="0" sl="58" sc="9" el="58" ec="10" bec="0" bev="0" fileid="3" />
            </Method>
            <Method visited="true" cyclomaticComplexity="8" nPathComplexity="32" sequenceCoverage="93.10" branchCoverage="81.82" crapScore="8.02" isConstructor="false" isStatic="true" isGetter="false" isSetter="false">
              <Summary numSequencePoints="29" visitedSequencePoints="27" numBranchPoints="11" visitedBranchPoints="9" sequenceCoverage="93.10" branchCoverage="81.82" maxCyclomaticComplexity="8" minCyclomaticComplexity="8" maxCrapScore="8.02" minCrapScore="8.02" visitedClasses="0" numClasses="0" visitedMethods="1" numMethods="1" />
              <MetadataToken>100663308</MetadataToken>
              <Name>Lab12.Point Lab12.PointList::RemovePoint(Lab12.Point,System.String)</Name>
              <FileRef uid="3" />
              <SequencePoints>
                <SequencePoint vc="2" uspid="200" ordinal="0" offset="0" sl="90" sc="9" el="90" ec="10" bec="0" bev="0" fileid="3" />
                <SequencePoint vc="2" uspid="201" ordinal="1" offset="1" sl="91" sc="13" el="91" ec="30" bec="0" bev="0" fileid="3" />
                <SequencePoint vc="2" uspid="202" ordinal="2" offset="3" sl="93" sc="13" el="93" ec="40" bec="2" bev="2" fileid="3" />
                <SequencePoint vc="1" uspid="203" ordinal="3" offset="24" sl="94" sc="17" el="94" ec="28" bec="0" bev="0" fileid="3" />
                <SequencePoint vc="1" uspid="204" ordinal="4" offset="28" sl="96" sc="13" el="96" ec="14" bec="0" bev="0" fileid="3" />
                <SequencePoint vc="2" uspid="205" ordinal="5" offset="31" sl="98" sc="17" el="98" ec="18" bec="0" bev="0" fileid="3" />
                <SequencePoint vc="2" uspid="206" ordinal="6" offset="32" sl="99" sc="21" el="99" ec="48" bec="2" bev="2" fileid="3" />
                <SequencePoint vc="1" uspid="207" ordinal="7" offset="53" sl="100" sc="21" el="100" ec="22" bec="0" bev="0" fileid="3" />
                <SequencePoint vc="1" uspid="208" ordinal="8" offset="54" sl="101" sc="25" el="101" ec="36" bec="0" bev="0" fileid="3" />
                <SequencePoint vc="1" uspid="209" ordinal="9" offset="56" sl="102" sc="25" el="102" ec="31" bec="0" bev="0" fileid="3" />
                <SequencePoint vc="1" uspid="210" ordinal="10" offset="58" sl="104" sc="21" el="104" ec="38" bec="0" bev="0" fileid="3" />
                <SequencePoint vc="1" uspid="211" ordinal="11" offset="66" sl="105" sc="17" el="105" ec="18" bec="0" bev="0" fileid="3" />
                <SequencePoint vc="2" uspid="212" ordinal="12" offset="67" sl="97" sc="17" el="97" ec="42" bec="0" bev="0" fileid="3" />
                <SequencePoint vc="1" uspid="213" ordinal="13" offset="80" sl="106" sc="17" el="106" ec="33" bec="2" bev="1" fileid="3" />
                <SequencePoint vc="0" uspid="214" ordinal="14" offset="90" sl="107" sc="21" el="107" ec="32" bec="0" bev="0" fileid="3" />
                <SequencePoint vc="1" uspid="215" ordinal="15" offset="95" sl="108" sc="13" el="108" ec="14" bec="0" bev="0" fileid="3" />
                <SequencePoint vc="2" uspid="216" ordinal="16" offset="96" sl="109" sc="13" el="109" ec="24" bec="0" bev="0" fileid="3" />
                <SequencePoint vc="5" uspid="217" ordinal="17" offset="101" sl="112" sc="13" el="112" ec="14" bec="0" bev="0" fileid="3" />
                <SequencePoint vc="5" uspid="218" ordinal="18" offset="102" sl="113" sc="17" el="113" ec="49" bec="2" bev="2" fileid="3" />
                <SequencePoint vc="2" uspid="219" ordinal="19" offset="130" sl="114" sc="17" el="114" ec="18" bec="0" bev="0" fileid="3" />
                <SequencePoint vc="2" uspid="220" ordinal="20" offset="131" sl="115" sc="21" el="115" ec="48" bec="0" bev="0" fileid="3" />
                <SequencePoint vc="2" uspid="221" ordinal="21" offset="148" sl="116" sc="21" el="116" ec="30" bec="0" bev="0" fileid="3" />
                <SequencePoint vc="3" uspid="222" ordinal="22" offset="150" sl="118" sc="17" el="118" ec="34" bec="0" bev="0" fileid="3" />
                <SequencePoint vc="3" uspid="223" ordinal="23" offset="158" sl="119" sc="13" el="119" ec="14" bec="0" bev="0" fileid="3" />
                <SequencePoint vc="7" uspid="224" ordinal="24" offset="159" sl="111" sc="13" el="111" ec="43" bec="0" bev="0" fileid="3" />
                <SequencePoint vc="2" uspid="225" ordinal="25" offset="179" sl="120" sc="13" el="120" ec="45" bec="2" bev="1" fileid="3" />
                <SequencePoint vc="0" uspid="226" ordinal="26" offset="207" sl="121" sc="17" el="121" ec="34" bec="0" bev="0" fileid="3" />
                <SequencePoint vc="2" uspid="227" ordinal="27" offset="214" sl="123" sc="13" el="123" ec="24" bec="0" bev="0" fileid="3" />
                <SequencePoint vc="2" uspid="228" ordinal="28" offset="219" sl="124" sc="9" el="124" ec="10" bec="0" bev="0" fileid="3" />
              </SequencePoints>
              <BranchPoints>
                <BranchPoint vc="1" uspid="229" ordinal="0" offset="22" sl="93" path="0" offsetend="24" fileid="3" />
                <BranchPoint vc="1" uspid="230" ordinal="1" offset="22" sl="93" path="1" offsetend="28" fileid="3" />
                <BranchPoint vc="1" uspid="231" ordinal="2" offset="51" sl="99" path="0" offsetend="53" fileid="3" />
                <BranchPoint vc="1" uspid="232" ordinal="3" offset="51" sl="99" path="1" offsetend="58" fileid="3" />
                <BranchPoint vc="0" uspid="233" ordinal="4" offset="88" sl="106" path="0" offsetend="90" fileid="3" />
                <BranchPoint vc="1" uspid="234" ordinal="5" offset="88" sl="106" path="1" offsetend="95" fileid="3" />
                <BranchPoint vc="2" uspid="235" ordinal="6" offset="128" sl="113" path="0" offsetend="130" fileid="3" />
                <BranchPoint vc="3" uspid="236" ordinal="7" offset="128" sl="113" path="1" offsetend="150" fileid="3" />
                <BranchPoint vc="0" uspid="237" ordinal="8" offset="205" sl="120" path="0" offsetend="207" fileid="3" />
                <BranchPoint vc="2" uspid="238" ordinal="9" offset="205" sl="120" path="1" offsetend="214" fileid="3" />
              </BranchPoints>
              <MethodPoint xsi:type="SequencePoint" vc="2" uspid="200" ordinal="0" offset="0" sl="90" sc="9" el="90" ec="10" bec="0" bev="0" fileid="3" />
            </Method>
            <Method visited="true" cyclomaticComplexity="3" nPathComplexity="0" sequenceCoverage="42.86" branchCoverage="100" crapScore="4.68" isConstructor="false" isStatic="true" isGetter="false" isSetter="false">
              <Summary numSequencePoints="14" visitedSequencePoints="6" numBranchPoints="1" visitedBranchPoints="1" sequenceCoverage="42.86" branchCoverage="100" maxCyclomaticComplexity="3" minCyclomaticComplexity="3" maxCrapScore="4.68" minCrapScore="4.68" visitedClasses="0" numClasses="0" visitedMethods="1" numMethods="1" />
              <MetadataToken>100663309</MetadataToken>
              <Name>Lab12.Point Lab12.PointList::CloneList(Lab12.Point)</Name>
              <FileRef uid="3" />
              <SequencePoints>
                <SequencePoint vc="1" uspid="239" ordinal="0" offset="0" sl="127" sc="9" el="127" ec="10" bec="0" bev="0" fileid="3" />
                <SequencePoint vc="0" uspid="240" ordinal="1" offset="3" sl="129" sc="17" el="129" ec="34" bec="0" bev="0" fileid="3" />
                <SequencePoint vc="1" uspid="241" ordinal="2" offset="11" sl="128" sc="13" el="128" ec="38" bec="0" bev="0" fileid="3" />
                <SequencePoint vc="1" uspid="242" ordinal="3" offset="24" sl="131" sc="13" el="131" ec="47" bec="0" bev="0" fileid="3" />
                <SequencePoint vc="0" uspid="243" ordinal="4" offset="38" sl="134" sc="13" el="134" ec="14" bec="0" bev="0" fileid="3" />
                <SequencePoint vc="0" uspid="244" ordinal="5" offset="39" sl="135" sc="17" el="135" ec="52" bec="0" bev="0" fileid="3" />
                <SequencePoint vc="0" uspid="245" ordinal="6" offset="56" sl="137" sc="17" el="137" ec="32" bec="0" bev="0" fileid="3" />
                <SequencePoint vc="0" uspid="246" ordinal="7" offset="63" sl="138" sc="17" el="138" ec="32" bec="0" bev="0" fileid="3" />
                <SequencePoint vc="0" uspid="247" ordinal="8" offset="70" sl="139" sc="17" el="139" ec="27" bec="0" bev="0" fileid="3" />
                <SequencePoint vc="0" uspid="248" ordinal="9" offset="72" sl="141" sc="17" el="141" ec="34" bec="0" bev="0" fileid="3" />
                <SequencePoint vc="0" uspid="249" ordinal="10" offset="80" sl="142" sc="13" el="142" ec="14" bec="0" bev="0" fileid="3" />
                <SequencePoint vc="1" uspid="250" ordinal="11" offset="81" sl="133" sc="13" el="133" ec="38" bec="0" bev="0" fileid="3" />
                <SequencePoint vc="1" uspid="251" ordinal="12" offset="94" sl="143" sc="13" el="143" ec="26" bec="0" bev="0" fileid="3" />
                <SequencePoint vc="1" uspid="252" ordinal="13" offset="99" sl="144" sc="9" el="144" ec="10" bec="0" bev="0" fileid="3" />
              </SequencePoints>
              <BranchPoints />
              <MethodPoint xsi:type="SequencePoint" vc="1" uspid="239" ordinal="0" offset="0" sl="127" sc="9" el="127" ec="10" bec="0" bev="0" fileid="3" />
            </Method>
            <Method visited="false" cyclomaticComplexity="1" nPathComplexity="0" sequenceCoverage="0" branchCoverage="0" crapScore="2" isConstructor="true" isStatic="false" isGetter="false" isSetter="false">
              <Summary numSequencePoints="0" visitedSequencePoints="0" numBranchPoints="0" visitedBranchPoints="0" sequenceCoverage="0" branchCoverage="0" maxCyclomaticComplexity="1" minCyclomaticComplexity="1" maxCrapScore="2" minCrapScore="2" visitedClasses="0" numClasses="0" visitedMethods="0" numMethods="0" />
              <MetadataToken>100663310</MetadataToken>
              <Name>System.Void Lab12.PointList::.ctor()</Name>
              <SequencePoints />
              <BranchPoints />
              <MethodPoint vc="0" uspid="253" ordinal="0" offset="0" />
            </Method>
          </Methods>
        </Class>
        <Class>
          <Summary numSequencePoints="17" visitedSequencePoints="11" numBranchPoints="3" visitedBranchPoints="2" sequenceCoverage="64.71" branchCoverage="66.67" maxCyclomaticComplexity="1" minCyclomaticComplexity="1" maxCrapScore="2" minCrapScore="1" visitedClasses="1" numClasses="1" visitedMethods="2" numMethods="3" />
          <FullName>Lab12.Point</FullName>
          <Methods>
            <Method visited="false" cyclomaticComplexity="1" nPathComplexity="0" sequenceCoverage="0" branchCoverage="0" crapScore="2" isConstructor="true" isStatic="false" isGetter="false" isSetter="false">
              <Summary numSequencePoints="6" visitedSequencePoints="0" numBranchPoints="1" visitedBranchPoints="0" sequenceCoverage="0" branchCoverage="0" maxCyclomaticComplexity="1" minCyclomaticComplexity="1" maxCrapScore="2" minCrapScore="2" visitedClasses="0" numClasses="0" visitedMethods="0" numMethods="1" />
              <MetadataToken>100663311</MetadataToken>
              <Name>System.Void Lab12.Point::.ctor()</Name>
              <FileRef uid="4" />
              <SequencePoints>
                <SequencePoint vc="0" uspid="254" ordinal="0" offset="0" sl="15" sc="9" el="15" ec="23" bec="0" bev="0" fileid="4" />
                <SequencePoint vc="0" uspid="255" ordinal="1" offset="7" sl="16" sc="9" el="16" ec="10" bec="0" bev="0" fileid="4" />
                <SequencePoint vc="0" uspid="256" ordinal="2" offset="8" sl="17" sc="13" el="17" ec="25" bec="0" bev="0" fileid="4" />
                <SequencePoint vc="0" uspid="257" ordinal="3" offset="15" sl="18" sc="13" el="18" ec="25" bec="0" bev="0" fileid="4" />
                <SequencePoint vc="0" uspid="258" ordinal="4" offset="22" sl="19" sc="13" el="19" ec="25" bec="0" bev="0" fileid="4" />
                <SequencePoint vc="0" uspid="259" ordinal="5" offset="29" sl="20" sc="9" el="20" ec="10" bec="0" bev="0" fileid="4" />
              </SequencePoints>
              <BranchPoints />
              <MethodPoint xsi:type="SequencePoint" vc="0" uspid="254" ordinal="0" offset="0" sl="15" sc="9" el="15" ec="23" bec="0" bev="0" fileid="4" />
            </Method>
            <Method visited="true" cyclomaticComplexity="1" nPathComplexity="0" sequenceCoverage="100" branchCoverage="100" crapScore="1" isConstructor="true" isStatic="false" isGetter="false" isSetter="false">
              <Summary numSequencePoints="6" visitedSequencePoints="6" numBranchPoints="1" visitedBranchPoints="1" sequenceCoverage="100" branchCoverage="100" maxCyclomaticComplexity="1" minCyclomaticComplexity="1" maxCrapScore="1" minCrapScore="1" visitedClasses="0" numClasses="0" visitedMethods="1" numMethods="1" />
              <MetadataToken>100663312</MetadataToken>
              <Name>System.Void Lab12.Point::.ctor(ShapesLib.Shape)</Name>
              <FileRef uid="4" />
              <SequencePoints>
                <SequencePoint vc="28" uspid="260" ordinal="0" offset="0" sl="21" sc="9" el="21" ec="32" bec="0" bev="0" fileid="4" />
                <SequencePoint vc="28" uspid="261" ordinal="1" offset="7" sl="22" sc="9" el="22" ec="10" bec="0" bev="0" fileid="4" />
                <SequencePoint vc="28" uspid="262" ordinal="2" offset="8" sl="23" sc="13" el="23" ec="24" bec="0" bev="0" fileid="4" />
                <SequencePoint vc="28" uspid="263" ordinal="3" offset="15" sl="24" sc="13" el="24" ec="25" bec="0" bev="0" fileid="4" />
                <SequencePoint vc="28" uspid="264" ordinal="4" offset="22" sl="25" sc="13" el="25" ec="25" bec="0" bev="0" fileid="4" />
                <SequencePoint vc="28" uspid="265" ordinal="5" offset="29" sl="26" sc="9" el="26" ec="10" bec="0" bev="0" fileid="4" />
              </SequencePoints>
              <BranchPoints />
              <MethodPoint xsi:type="SequencePoint" vc="28" uspid="260" ordinal="0" offset="0" sl="21" sc="9" el="21" ec="32" bec="0" bev="0" fileid="4" />
            </Method>
            <Method visited="true" cyclomaticComplexity="1" nPathComplexity="0" sequenceCoverage="100" branchCoverage="100" crapScore="1" isConstructor="false" isStatic="false" isGetter="false" isSetter="false">
              <Summary numSequencePoints="5" visitedSequencePoints="5" numBranchPoints="1" visitedBranchPoints="1" sequenceCoverage="100" branchCoverage="100" maxCyclomaticComplexity="1" minCyclomaticComplexity="1" maxCrapScore="1" minCrapScore="1" visitedClasses="0" numClasses="0" visitedMethods="1" numMethods="1" />
              <MetadataToken>100663313</MetadataToken>
              <Name>System.Object Lab12.Point::Clone()</Name>
              <FileRef uid="4" />
              <SequencePoints>
                <SequencePoint vc="4" uspid="266" ordinal="0" offset="0" sl="29" sc="9" el="29" ec="10" bec="0" bev="0" fileid="4" />
                <SequencePoint vc="4" uspid="267" ordinal="1" offset="1" sl="30" sc="13" el="30" ec="49" bec="0" bev="0" fileid="4" />
                <SequencePoint vc="4" uspid="268" ordinal="2" offset="18" sl="31" sc="13" el="31" ec="46" bec="0" bev="0" fileid="4" />
                <SequencePoint vc="4" uspid="269" ordinal="3" offset="25" sl="32" sc="13" el="32" ec="26" bec="0" bev="0" fileid="4" />
                <SequencePoint vc="4" uspid="270" ordinal="4" offset="29" sl="33" sc="9" el="33" ec="10" bec="0" bev="0" fileid="4" />
              </SequencePoints>
              <BranchPoints />
              <MethodPoint xsi:type="SequencePoint" vc="4" uspid="266" ordinal="0" offset="0" sl="29" sc="9" el="29" ec="10" bec="0" bev="0" fileid="4" />
            </Method>
          </Methods>
        </Class>
        <Class>
          <Summary numSequencePoints="69" visitedSequencePoints="0" numBranchPoints="9" visitedBranchPoints="0" sequenceCoverage="0" branchCoverage="0" maxCyclomaticComplexity="8" minCyclomaticComplexity="1" maxCrapScore="72" minCrapScore="2" visitedClasses="0" numClasses="1" visitedMethods="0" numMethods="1" />
          <FullName>Lab12.Program</FullName>
          <Methods>
            <Method visited="false" cyclomaticComplexity="8" nPathComplexity="16" sequenceCoverage="0" branchCoverage="0" crapScore="72" isConstructor="false" isStatic="true" isGetter="false" isSetter="false">
              <Summary numSequencePoints="69" visitedSequencePoints="0" numBranchPoints="9" visitedBranchPoints="0" sequenceCoverage="0" branchCoverage="0" maxCyclomaticComplexity="8" minCyclomaticComplexity="8" maxCrapScore="72" minCrapScore="72" visitedClasses="0" numClasses="0" visitedMethods="0" numMethods="1" />
              <MetadataToken>100663314</MetadataToken>
              <Name>System.Void Lab12.Program::Main(System.String[])</Name>
              <FileRef uid="5" />
              <SequencePoints>
                <SequencePoint vc="0" uspid="271" ordinal="0" offset="0" sl="15" sc="9" el="15" ec="10" bec="0" bev="0" fileid="5" />
                <SequencePoint vc="0" uspid="272" ordinal="1" offset="1" sl="18" sc="13" el="18" ec="106" bec="0" bev="0" fileid="5" />
                <SequencePoint vc="0" uspid="273" ordinal="2" offset="12" sl="20" sc="13" el="20" ec="41" bec="0" bev="0" fileid="5" />
                <SequencePoint vc="0" uspid="274" ordinal="3" offset="18" sl="21" sc="13" el="21" ec="28" bec="4" bev="0" fileid="5" />
                <SequencePoint vc="0" uspid="275" ordinal="4" offset="61" sl="25" sc="21" el="25" ec="46" bec="0" bev="0" fileid="5" />
                <SequencePoint vc="0" uspid="276" ordinal="5" offset="67" sl="26" sc="21" el="26" ec="47" bec="0" bev="0" fileid="5" />
                <SequencePoint vc="0" uspid="277" ordinal="6" offset="73" sl="30" sc="21" el="30" ec="65" bec="0" bev="0" fileid="5" />
                <SequencePoint vc="0" uspid="278" ordinal="7" offset="84" sl="36" sc="21" el="36" ec="22" bec="0" bev="0" fileid="5" />
                <SequencePoint vc="0" uspid="279" ordinal="8" offset="85" sl="37" sc="25" el="37" ec="53" bec="0" bev="0" fileid="5" />
                <SequencePoint vc="0" uspid="280" ordinal="9" offset="91" sl="38" sc="25" el="38" ec="67" bec="0" bev="0" fileid="5" />
                <SequencePoint vc="0" uspid="281" ordinal="10" offset="101" sl="39" sc="25" el="39" ec="38" bec="2" bev="0" fileid="5" />
                <SequencePoint vc="0" uspid="282" ordinal="11" offset="115" sl="40" sc="25" el="40" ec="26" bec="0" bev="0" fileid="5" />
                <SequencePoint vc="0" uspid="283" ordinal="12" offset="116" sl="41" sc="29" el="41" ec="81" bec="0" bev="0" fileid="5" />
                <SequencePoint vc="0" uspid="284" ordinal="13" offset="127" sl="42" sc="29" el="42" ec="47" bec="0" bev="0" fileid="5" />
                <SequencePoint vc="0" uspid="285" ordinal="14" offset="130" sl="43" sc="25" el="43" ec="26" bec="0" bev="0" fileid="5" />
                <SequencePoint vc="0" uspid="286" ordinal="15" offset="131" sl="44" sc="21" el="44" ec="22" bec="0" bev="0" fileid="5" />
                <SequencePoint vc="0" uspid="287" ordinal="16" offset="132" sl="44" sc="23" el="44" ec="42" bec="0" bev="0" fileid="5" />
                <SequencePoint vc="0" uspid="288" ordinal="17" offset="143" sl="46" sc="21" el="46" ec="52" bec="0" bev="0" fileid="5" />
                <SequencePoint vc="0" uspid="289" ordinal="18" offset="151" sl="47" sc="21" el="47" ec="70" bec="0" bev="0" fileid="5" />
                <SequencePoint vc="0" uspid="290" ordinal="19" offset="162" sl="52" sc="21" el="52" ec="47" bec="0" bev="0" fileid="5" />
                <SequencePoint vc="0" uspid="291" ordinal="20" offset="169" sl="53" sc="21" el="53" ec="41" bec="0" bev="0" fileid="5" />
                <SequencePoint vc="0" uspid="292" ordinal="21" offset="175" sl="58" sc="21" el="58" ec="72" bec="0" bev="0" fileid="5" />
                <SequencePoint vc="0" uspid="293" ordinal="22" offset="186" sl="62" sc="21" el="62" ec="22" bec="0" bev="0" fileid="5" />
                <SequencePoint vc="0" uspid="294" ordinal="23" offset="187" sl="63" sc="25" el="63" ec="53" bec="0" bev="0" fileid="5" />
                <SequencePoint vc="0" uspid="295" ordinal="24" offset="193" sl="64" sc="25" el="64" ec="69" bec="0" bev="0" fileid="5" />
                <SequencePoint vc="0" uspid="296" ordinal="25" offset="203" sl="65" sc="25" el="65" ec="40" bec="2" bev="0" fileid="5" />
                <SequencePoint vc="0" uspid="297" ordinal="26" offset="217" sl="66" sc="25" el="66" ec="26" bec="0" bev="0" fileid="5" />
                <SequencePoint vc="0" uspid="298" ordinal="27" offset="218" sl="67" sc="29" el="67" ec="81" bec="0" bev="0" fileid="5" />
                <SequencePoint vc="0" uspid="299" ordinal="28" offset="229" sl="68" sc="29" el="68" ec="47" bec="0" bev="0" fileid="5" />
                <SequencePoint vc="0" uspid="300" ordinal="29" offset="232" sl="69" sc="25" el="69" ec="26" bec="0" bev="0" fileid="5" />
                <SequencePoint vc="0" uspid="301" ordinal="30" offset="233" sl="70" sc="21" el="70" ec="22" bec="0" bev="0" fileid="5" />
                <SequencePoint vc="0" uspid="302" ordinal="31" offset="234" sl="70" sc="23" el="70" ec="42" bec="0" bev="0" fileid="5" />
                <SequencePoint vc="0" uspid="303" ordinal="32" offset="245" sl="72" sc="21" el="72" ec="60" bec="0" bev="0" fileid="5" />
                <SequencePoint vc="0" uspid="304" ordinal="33" offset="254" sl="77" sc="21" el="77" ec="47" bec="0" bev="0" fileid="5" />
                <SequencePoint vc="0" uspid="305" ordinal="34" offset="261" sl="78" sc="21" el="78" ec="41" bec="0" bev="0" fileid="5" />
                <SequencePoint vc="0" uspid="306" ordinal="35" offset="267" sl="83" sc="21" el="83" ec="63" bec="0" bev="0" fileid="5" />
                <SequencePoint vc="0" uspid="307" ordinal="36" offset="278" sl="84" sc="21" el="84" ec="54" bec="0" bev="0" fileid="5" />
                <SequencePoint vc="0" uspid="308" ordinal="37" offset="285" sl="86" sc="21" el="86" ec="62" bec="0" bev="0" fileid="5" />
                <SequencePoint vc="0" uspid="309" ordinal="38" offset="294" sl="88" sc="21" el="88" ec="72" bec="0" bev="0" fileid="5" />
                <SequencePoint vc="0" uspid="310" ordinal="39" offset="305" sl="93" sc="21" el="93" ec="47" bec="0" bev="0" fileid="5" />
                <SequencePoint vc="0" uspid="311" ordinal="40" offset="312" sl="94" sc="21" el="94" ec="41" bec="0" bev="0" fileid="5" />
                <SequencePoint vc="0" uspid="312" ordinal="41" offset="318" sl="99" sc="21" el="99" ec="55" bec="0" bev="0" fileid="5" />
                <SequencePoint vc="0" uspid="313" ordinal="42" offset="325" sl="100" sc="21" el="100" ec="69" bec="0" bev="0" fileid="5" />
                <SequencePoint vc="0" uspid="314" ordinal="43" offset="336" sl="102" sc="21" el="102" ec="48" bec="0" bev="0" fileid="5" />
                <SequencePoint vc="0" uspid="315" ordinal="44" offset="343" sl="103" sc="21" el="103" ec="41" bec="0" bev="0" fileid="5" />
                <SequencePoint vc="0" uspid="316" ordinal="45" offset="349" sl="108" sc="21" el="108" ec="58" bec="0" bev="0" fileid="5" />
                <SequencePoint vc="0" uspid="317" ordinal="46" offset="360" sl="109" sc="21" el="109" ec="33" bec="0" bev="0" fileid="5" />
                <SequencePoint vc="0" uspid="318" ordinal="47" offset="362" sl="110" sc="21" el="110" ec="34" bec="0" bev="0" fileid="5" />
                <SequencePoint vc="0" uspid="319" ordinal="48" offset="364" sl="112" sc="21" el="112" ec="27" bec="0" bev="0" fileid="5" />
                <SequencePoint vc="0" uspid="320" ordinal="49" offset="369" sl="118" sc="21" el="118" ec="65" bec="0" bev="0" fileid="5" />
                <SequencePoint vc="0" uspid="321" ordinal="50" offset="378" sl="125" sc="26" el="125" ec="35" bec="0" bev="0" fileid="5" />
                <SequencePoint vc="0" uspid="322" ordinal="51" offset="383" sl="126" sc="21" el="126" ec="22" bec="0" bev="0" fileid="5" />
                <SequencePoint vc="0" uspid="323" ordinal="52" offset="384" sl="127" sc="25" el="127" ec="49" bec="0" bev="0" fileid="5" />
                <SequencePoint vc="0" uspid="324" ordinal="53" offset="391" sl="128" sc="25" el="128" ec="44" bec="0" bev="0" fileid="5" />
                <SequencePoint vc="0" uspid="325" ordinal="54" offset="399" sl="130" sc="25" el="130" ec="42" bec="0" bev="0" fileid="5" />
                <SequencePoint vc="0" uspid="326" ordinal="55" offset="409" sl="131" sc="21" el="131" ec="22" bec="0" bev="0" fileid="5" />
                <SequencePoint vc="0" uspid="327" ordinal="56" offset="410" sl="125" sc="44" el="125" ec="47" bec="0" bev="0" fileid="5" />
                <SequencePoint vc="0" uspid="328" ordinal="57" offset="416" sl="125" sc="37" el="125" ec="42" bec="0" bev="0" fileid="5" />
                <SequencePoint vc="0" uspid="329" ordinal="58" offset="427" sl="133" sc="21" el="133" ec="54" bec="0" bev="0" fileid="5" />
                <SequencePoint vc="0" uspid="330" ordinal="59" offset="457" sl="134" sc="21" el="134" ec="38" bec="0" bev="0" fileid="5" />
                <SequencePoint vc="0" uspid="331" ordinal="60" offset="467" sl="136" sc="21" el="136" ec="35" bec="0" bev="0" fileid="5" />
                <SequencePoint vc="0" uspid="332" ordinal="61" offset="475" sl="141" sc="21" el="141" ec="69" bec="0" bev="0" fileid="5" />
                <SequencePoint vc="0" uspid="333" ordinal="62" offset="486" sl="142" sc="21" el="142" ec="39" bec="0" bev="0" fileid="5" />
                <SequencePoint vc="0" uspid="334" ordinal="63" offset="496" sl="144" sc="21" el="144" ec="64" bec="0" bev="0" fileid="5" />
                <SequencePoint vc="0" uspid="335" ordinal="64" offset="507" sl="145" sc="21" el="145" ec="41" bec="0" bev="0" fileid="5" />
                <SequencePoint vc="0" uspid="336" ordinal="65" offset="517" sl="147" sc="21" el="147" ec="35" bec="0" bev="0" fileid="5" />
                <SequencePoint vc="0" uspid="337" ordinal="66" offset="525" sl="149" sc="21" el="149" ec="27" bec="0" bev="0" fileid="5" />
                <SequencePoint vc="0" uspid="338" ordinal="67" offset="527" sl="152" sc="21" el="152" ec="27" bec="0" bev="0" fileid="5" />
                <SequencePoint vc="0" uspid="339" ordinal="68" offset="529" sl="154" sc="9" el="154" ec="10" bec="0" bev="0" fileid="5" />
              </SequencePoints>
              <BranchPoints>
                <BranchPoint vc="0" uspid="340" ordinal="0" offset="37" sl="21" path="0" offsetend="39" fileid="5" />
                <BranchPoint vc="0" uspid="341" ordinal="1" offset="37" sl="21" path="1" offsetend="61" fileid="5" />
                <BranchPoint vc="0" uspid="342" ordinal="2" offset="51" sl="21" path="0" offsetchain="56 527" offsetend="529" fileid="5" />
                <BranchPoint vc="0" uspid="343" ordinal="3" offset="51" sl="21" path="1" offsetend="369" fileid="5" />
                <BranchPoint vc="0" uspid="344" ordinal="4" offset="113" sl="39" path="0" offsetend="115" fileid="5" />
                <BranchPoint vc="0" uspid="345" ordinal="5" offset="113" sl="39" path="1" offsetend="131" fileid="5" />
                <BranchPoint vc="0" uspid="346" ordinal="6" offset="215" sl="65" path="0" offsetend="217" fileid="5" />
                <BranchPoint vc="0" uspid="347" ordinal="7" offset="215" sl="65" path="1" offsetend="233" fileid="5" />
              </BranchPoints>
              <MethodPoint xsi:type="SequencePoint" vc="0" uspid="271" ordinal="0" offset="0" sl="15" sc="9" el="15" ec="10" bec="0" bev="0" fileid="5" />
            </Method>
            <Method visited="false" cyclomaticComplexity="1" nPathComplexity="0" sequenceCoverage="0" branchCoverage="0" crapScore="2" isConstructor="true" isStatic="false" isGetter="false" isSetter="false">
              <Summary numSequencePoints="0" visitedSequencePoints="0" numBranchPoints="0" visitedBranchPoints="0" sequenceCoverage="0" branchCoverage="0" maxCyclomaticComplexity="1" minCyclomaticComplexity="1" maxCrapScore="2" minCrapScore="2" visitedClasses="0" numClasses="0" visitedMethods="0" numMethods="0" />
              <MetadataToken>100663315</MetadataToken>
              <Name>System.Void Lab12.Program::.ctor()</Name>
              <SequencePoints />
              <BranchPoints />
              <MethodPoint vc="0" uspid="348" ordinal="0" offset="0" />
            </Method>
          </Methods>
        </Class>
      </Classes>
    </Module>
    <Module hash="9D-A3-6A-A4-04-06-36-4D-1B-76-4E-33-60-34-05-86-17-F8-64-56">
      <Summary numSequencePoints="234" visitedSequencePoints="48" numBranchPoints="64" visitedBranchPoints="16" sequenceCoverage="20.51" branchCoverage="25" maxCyclomaticComplexity="5" minCyclomaticComplexity="1" maxCrapScore="30" minCrapScore="1" visitedClasses="2" numClasses="4" visitedMethods="13" numMethods="44" />
      <ModulePath>F:\Jigurda\Lab12\Lab12-TESTS\bin\Debug\fine-code-coverage\build-output\ShapesLib.dll</ModulePath>
      <ModuleTime>2025-05-11T18:07:58.4281942Z</ModuleTime>
      <ModuleName>ShapesLib</ModuleName>
      <Files>
        <File uid="11" fullPath="F:\Jigurda\Lab11\ShapesLib\Circle.cs" />
        <File uid="12" fullPath="F:\Jigurda\Lab11\ShapesLib\Parallelepiped.cs" />
        <File uid="13" fullPath="F:\Jigurda\Lab11\ShapesLib\Rectangle.cs" />
        <File uid="14" fullPath="F:\Jigurda\Lab11\ShapesLib\Shape.cs" />
      </Files>
      <Classes>
        <Class>
          <Summary numSequencePoints="60" visitedSequencePoints="23" numBranchPoints="15" visitedBranchPoints="7" sequenceCoverage="38.33" branchCoverage="46.67" maxCyclomaticComplexity="3" minCyclomaticComplexity="1" maxCrapScore="12" minCrapScore="1" visitedClasses="1" numClasses="1" visitedMethods="6" numMethods="11" />
          <FullName>ShapesLib.Circle</FullName>
          <Methods>
            <Method visited="true" cyclomaticComplexity="1" nPathComplexity="0" sequenceCoverage="100" branchCoverage="100" crapScore="1" isConstructor="false" isStatic="false" isGetter="true" isSetter="false">
              <Summary numSequencePoints="3" visitedSequencePoints="3" numBranchPoints="1" visitedBranchPoints="1" sequenceCoverage="100" branchCoverage="100" maxCyclomaticComplexity="1" minCyclomaticComplexity="1" maxCrapScore="1" minCrapScore="1" visitedClasses="0" numClasses="0" visitedMethods="1" numMethods="1" />
              <MetadataToken>100663298</MetadataToken>
              <Name>System.Double ShapesLib.Circle::get_Radius()</Name>
              <FileRef uid="11" />
              <SequencePoints>
                <SequencePoint vc="4" uspid="349" ordinal="0" offset="0" sl="30" sc="17" el="30" ec="18" bec="0" bev="0" fileid="11" />
                <SequencePoint vc="4" uspid="350" ordinal="1" offset="1" sl="30" sc="19" el="30" ec="33" bec="0" bev="0" fileid="11" />
                <SequencePoint vc="4" uspid="351" ordinal="2" offset="10" sl="30" sc="34" el="30" ec="35" bec="0" bev="0" fileid="11" />
              </SequencePoints>
              <BranchPoints />
              <MethodPoint xsi:type="SequencePoint" vc="4" uspid="349" ordinal="0" offset="0" sl="30" sc="17" el="30" ec="18" bec="0" bev="0" fileid="11" />
            </Method>
            <Method visited="true" cyclomaticComplexity="2" nPathComplexity="2" sequenceCoverage="80" branchCoverage="66.67" crapScore="2.03" isConstructor="false" isStatic="false" isGetter="false" isSetter="true">
              <Summary numSequencePoints="5" visitedSequencePoints="4" numBranchPoints="3" visitedBranchPoints="2" sequenceCoverage="80" branchCoverage="66.67" maxCyclomaticComplexity="2" minCyclomaticComplexity="2" maxCrapScore="2.03" minCrapScore="2.03" visitedClasses="0" numClasses="0" visitedMethods="1" numMethods="1" />
              <MetadataToken>100663299</MetadataToken>
              <Name>System.Void ShapesLib.Circle::set_Radius(System.Double)</Name>
              <FileRef uid="11" />
              <SequencePoints>
                <SequencePoint vc="56" uspid="352" ordinal="0" offset="0" sl="32" sc="13" el="32" ec="14" bec="0" bev="0" fileid="11" />
                <SequencePoint vc="56" uspid="353" ordinal="1" offset="1" sl="33" sc="17" el="33" ec="32" bec="2" bev="1" fileid="11" />
                <SequencePoint vc="0" uspid="354" ordinal="2" offset="20" sl="34" sc="21" el="34" ec="81" bec="0" bev="0" fileid="11" />
                <SequencePoint vc="56" uspid="355" ordinal="3" offset="31" sl="35" sc="17" el="35" ec="32" bec="0" bev="0" fileid="11" />
                <SequencePoint vc="56" uspid="356" ordinal="4" offset="38" sl="36" sc="13" el="36" ec="14" bec="0" bev="0" fileid="11" />
              </SequencePoints>
              <BranchPoints>
                <BranchPoint vc="0" uspid="357" ordinal="0" offset="18" sl="33" path="0" offsetend="20" fileid="11" />
                <BranchPoint vc="56" uspid="358" ordinal="1" offset="18" sl="33" path="1" offsetend="31" fileid="11" />
              </BranchPoints>
              <MethodPoint xsi:type="SequencePoint" vc="56" uspid="352" ordinal="0" offset="0" sl="32" sc="13" el="32" ec="14" bec="0" bev="0" fileid="11" />
            </Method>
            <Method visited="false" cyclomaticComplexity="2" nPathComplexity="0" sequenceCoverage="0" branchCoverage="0" crapScore="6" isConstructor="false" isStatic="true" isGetter="false" isSetter="false">
              <Summary numSequencePoints="11" visitedSequencePoints="0" numBranchPoints="1" visitedBranchPoints="0" sequenceCoverage="0" branchCoverage="0" maxCyclomaticComplexity="2" minCyclomaticComplexity="2" maxCrapScore="6" minCrapScore="6" visitedClasses="0" numClasses="0" visitedMethods="0" numMethods="1" />
              <MetadataToken>100663297</MetadataToken>
              <Name>System.Double ShapesLib.Circle::CheckValue()</Name>
              <FileRef uid="11" />
              <SequencePoints>
                <SequencePoint vc="0" uspid="359" ordinal="0" offset="0" sl="12" sc="9" el="12" ec="10" bec="0" bev="0" fileid="11" />
                <SequencePoint vc="0" uspid="360" ordinal="1" offset="1" sl="15" sc="13" el="15" ec="35" bec="0" bev="0" fileid="11" />
                <SequencePoint vc="0" uspid="361" ordinal="2" offset="3" sl="17" sc="13" el="17" ec="14" bec="0" bev="0" fileid="11" />
                <SequencePoint vc="0" uspid="362" ordinal="3" offset="4" sl="18" sc="17" el="18" ec="60" bec="0" bev="0" fileid="11" />
                <SequencePoint vc="0" uspid="363" ordinal="4" offset="15" sl="19" sc="17" el="19" ec="45" bec="0" bev="0" fileid="11" />
                <SequencePoint vc="0" uspid="364" ordinal="5" offset="21" sl="20" sc="17" el="20" ec="63" bec="0" bev="0" fileid="11" />
                <SequencePoint vc="0" uspid="365" ordinal="6" offset="30" sl="21" sc="13" el="21" ec="14" bec="0" bev="0" fileid="11" />
                <SequencePoint vc="0" uspid="366" ordinal="7" offset="31" sl="21" sc="15" el="21" ec="33" bec="0" bev="0" fileid="11" />
                <SequencePoint vc="0" uspid="367" ordinal="8" offset="39" sl="22" sc="13" el="22" ec="33" bec="0" bev="0" fileid="11" />
                <SequencePoint vc="0" uspid="368" ordinal="9" offset="45" sl="23" sc="13" el="23" ec="26" bec="0" bev="0" fileid="11" />
                <SequencePoint vc="0" uspid="369" ordinal="10" offset="50" sl="24" sc="9" el="24" ec="10" bec="0" bev="0" fileid="11" />
              </SequencePoints>
              <BranchPoints />
              <MethodPoint xsi:type="SequencePoint" vc="0" uspid="359" ordinal="0" offset="0" sl="12" sc="9" el="12" ec="10" bec="0" bev="0" fileid="11" />
            </Method>
            <Method visited="true" cyclomaticComplexity="1" nPathComplexity="0" sequenceCoverage="100" branchCoverage="100" crapScore="1" isConstructor="true" isStatic="false" isGetter="false" isSetter="false">
              <Summary numSequencePoints="4" visitedSequencePoints="4" numBranchPoints="1" visitedBranchPoints="1" sequenceCoverage="100" branchCoverage="100" maxCyclomaticComplexity="1" minCyclomaticComplexity="1" maxCrapScore="1" minCrapScore="1" visitedClasses="0" numClasses="0" visitedMethods="1" numMethods="1" />
              <MetadataToken>100663300</MetadataToken>
              <Name>System.Void ShapesLib.Circle::.ctor()</Name>
              <FileRef uid="11" />
              <SequencePoints>
                <SequencePoint vc="24" uspid="370" ordinal="0" offset="0" sl="40" sc="27" el="40" ec="33" bec="0" bev="0" fileid="11" />
                <SequencePoint vc="24" uspid="371" ordinal="1" offset="7" sl="41" sc="9" el="41" ec="10" bec="0" bev="0" fileid="11" />
                <SequencePoint vc="24" uspid="372" ordinal="2" offset="8" sl="42" sc="13" el="42" ec="24" bec="0" bev="0" fileid="11" />
                <SequencePoint vc="24" uspid="373" ordinal="3" offset="24" sl="43" sc="9" el="43" ec="10" bec="0" bev="0" fileid="11" />
              </SequencePoints>
              <BranchPoints />
              <MethodPoint xsi:type="SequencePoint" vc="24" uspid="370" ordinal="0" offset="0" sl="40" sc="27" el="40" ec="33" bec="0" bev="0" fileid="11" />
            </Method>
            <Method visited="true" cyclomaticComplexity="1" nPathComplexity="0" sequenceCoverage="100" branchCoverage="100" crapScore="1" isConstructor="true" isStatic="false" isGetter="false" isSetter="false">
              <Summary numSequencePoints="4" visitedSequencePoints="4" numBranchPoints="1" visitedBranchPoints="1" sequenceCoverage="100" branchCoverage="100" maxCyclomaticComplexity="1" minCyclomaticComplexity="1" maxCrapScore="1" minCrapScore="1" visitedClasses="0" numClasses="0" visitedMethods="1" numMethods="1" />
              <MetadataToken>100663301</MetadataToken>
              <Name>System.Void ShapesLib.Circle::.ctor(System.String,System.Double)</Name>
              <FileRef uid="11" />
              <SequencePoints>
                <SequencePoint vc="4" uspid="374" ordinal="0" offset="0" sl="45" sc="50" el="45" ec="60" bec="0" bev="0" fileid="11" />
                <SequencePoint vc="4" uspid="375" ordinal="1" offset="8" sl="46" sc="9" el="46" ec="10" bec="0" bev="0" fileid="11" />
                <SequencePoint vc="4" uspid="376" ordinal="2" offset="9" sl="47" sc="13" el="47" ec="26" bec="0" bev="0" fileid="11" />
                <SequencePoint vc="4" uspid="377" ordinal="3" offset="17" sl="48" sc="9" el="48" ec="10" bec="0" bev="0" fileid="11" />
              </SequencePoints>
              <BranchPoints />
              <MethodPoint xsi:type="SequencePoint" vc="4" uspid="374" ordinal="0" offset="0" sl="45" sc="50" el="45" ec="60" bec="0" bev="0" fileid="11" />
            </Method>
            <Method visited="true" cyclomaticComplexity="1" nPathComplexity="0" sequenceCoverage="100" branchCoverage="100" crapScore="1" isConstructor="false" isStatic="false" isGetter="false" isSetter="false">
              <Summary numSequencePoints="4" visitedSequencePoints="4" numBranchPoints="1" visitedBranchPoints="1" sequenceCoverage="100" branchCoverage="100" maxCyclomaticComplexity="1" minCyclomaticComplexity="1" maxCrapScore="1" minCrapScore="1" visitedClasses="0" numClasses="0" visitedMethods="1" numMethods="1" />
              <MetadataToken>100663302</MetadataToken>
              <Name>System.Object ShapesLib.Circle::Clone()</Name>
              <FileRef uid="11" />
              <SequencePoints>
                <SequencePoint vc="4" uspid="378" ordinal="0" offset="0" sl="51" sc="9" el="51" ec="10" bec="0" bev="0" fileid="11" />
                <SequencePoint vc="4" uspid="379" ordinal="1" offset="1" sl="52" sc="13" el="52" ec="66" bec="0" bev="0" fileid="11" />
                <SequencePoint vc="4" uspid="380" ordinal="2" offset="39" sl="53" sc="13" el="53" ec="26" bec="0" bev="0" fileid="11" />
                <SequencePoint vc="4" uspid="381" ordinal="3" offset="43" sl="54" sc="9" el="54" ec="10" bec="0" bev="0" fileid="11" />
              </SequencePoints>
              <BranchPoints />
              <MethodPoint xsi:type="SequencePoint" vc="4" uspid="378" ordinal="0" offset="0" sl="51" sc="9" el="51" ec="10" bec="0" bev="0" fileid="11" />
            </Method>
            <Method visited="false" cyclomaticComplexity="1" nPathComplexity="0" sequenceCoverage="0" branchCoverage="0" crapScore="2" isConstructor="false" isStatic="false" isGetter="false" isSetter="false">
              <Summary numSequencePoints="4" visitedSequencePoints="0" numBranchPoints="1" visitedBranchPoints="0" sequenceCoverage="0" branchCoverage="0" maxCyclomaticComplexity="1" minCyclomaticComplexity="1" maxCrapScore="2" minCrapScore="2" visitedClasses="0" numClasses="0" visitedMethods="0" numMethods="1" />
              <MetadataToken>100663303</MetadataToken>
              <Name>System.Void ShapesLib.Circle::CShow()</Name>
              <FileRef uid="11" />
              <SequencePoints>
                <SequencePoint vc="0" uspid="382" ordinal="0" offset="0" sl="58" sc="9" el="58" ec="10" bec="0" bev="0" fileid="11" />
[...]
                <SequencePoint vc="0" uspid="547" ordinal="2" offset="8" sl="107" sc="13" el="107" ec="40" bec="0" bev="0" fileid="13" />
                <SequencePoint vc="0" uspid="548" ordinal="3" offset="29" sl="108" sc="13" el="108" ec="39" bec="0" bev="0" fileid="13" />
                <SequencePoint vc="0" uspid="549" ordinal="4" offset="50" sl="109" sc="9" el="109" ec="10" bec="0" bev="0" fileid="13" />
              </SequencePoints>
              <BranchPoints />
              <MethodPoint xsi:type="SequencePoint" vc="0" uspid="545" ordinal="0" offset="0" sl="105" sc="9" el="105" ec="10" bec="0" bev="0" fileid="13" />
            </Method>
            <Method visited="false" cyclomaticComplexity="3" nPathComplexity="4" sequenceCoverage="0" branchCoverage="0" crapScore="12" isConstructor="false" isStatic="false" isGetter="false" isSetter="false">
              <Summary numSequencePoints="6" visitedSequencePoints="0" numBranchPoints="5" visitedBranchPoints="0" sequenceCoverage="0" branchCoverage="0" maxCyclomaticComplexity="3" minCyclomaticComplexity="3" maxCrapScore="12" minCrapScore="12" visitedClasses="0" numClasses="0" visitedMethods="0" numMethods="1" />
              <MetadataToken>100663329</MetadataToken>
              <Name>System.Boolean ShapesLib.Rectangle::Equals(System.Object)</Name>
              <FileRef uid="13" />
              <SequencePoints>
                <SequencePoint vc="0" uspid="550" ordinal="0" offset="0" sl="113" sc="9" el="113" ec="10" bec="0" bev="0" fileid="13" />
                <SequencePoint vc="0" uspid="551" ordinal="1" offset="1" sl="114" sc="13" el="114" ec="35" bec="2" bev="0" fileid="13" />
                <SequencePoint vc="0" uspid="552" ordinal="2" offset="15" sl="115" sc="17" el="115" ec="30" bec="0" bev="0" fileid="13" />
                <SequencePoint vc="0" uspid="553" ordinal="3" offset="19" sl="116" sc="13" el="116" ec="45" bec="0" bev="0" fileid="13" />
                <SequencePoint vc="0" uspid="554" ordinal="4" offset="26" sl="117" sc="13" el="117" ec="65" bec="2" bev="0" fileid="13" />
                <SequencePoint vc="0" uspid="555" ordinal="5" offset="60" sl="118" sc="9" el="118" ec="10" bec="0" bev="0" fileid="13" />
              </SequencePoints>
              <BranchPoints>
                <BranchPoint vc="0" uspid="556" ordinal="0" offset="13" sl="114" path="0" offsetend="15" fileid="13" />
                <BranchPoint vc="0" uspid="557" ordinal="1" offset="13" sl="114" path="1" offsetend="19" fileid="13" />
                <BranchPoint vc="0" uspid="558" ordinal="2" offset="38" sl="117" path="0" offsetend="40" fileid="13" />
                <BranchPoint vc="0" uspid="559" ordinal="3" offset="38" sl="117" path="1" offsetend="56" fileid="13" />
              </BranchPoints>
              <MethodPoint xsi:type="SequencePoint" vc="0" uspid="550" ordinal="0" offset="0" sl="113" sc="9" el="113" ec="10" bec="0" bev="0" fileid="13" />
            </Method>
          </Methods>
        </Class>
        <Class>
          <Summary numSequencePoints="39" visitedSequencePoints="25" numBranchPoints="15" visitedBranchPoints="9" sequenceCoverage="64.10" branchCoverage="60" maxCyclomaticComplexity="2" minCyclomaticComplexity="1" maxCrapScore="2.03" minCrapScore="1" visitedClasses="1" numClasses="1" visitedMethods="7" numMethods="11" />
          <FullName>ShapesLib.Shape</FullName>
          <Methods>
            <Method visited="true" cyclomaticComplexity="1" nPathComplexity="0" sequenceCoverage="100" branchCoverage="100" crapScore="1" isConstructor="false" isStatic="false" isGetter="true" isSetter="false">
              <Summary numSequencePoints="3" visitedSequencePoints="3" numBranchPoints="1" visitedBranchPoints="1" sequenceCoverage="100" branchCoverage="100" maxCyclomaticComplexity="1" minCyclomaticComplexity="1" maxCrapScore="1" minCrapScore="1" visitedClasses="0" numClasses="0" visitedMethods="1" numMethods="1" />
              <MetadataToken>100663330</MetadataToken>
              <Name>System.String ShapesLib.Shape::get_Name()</Name>
              <FileRef uid="14" />
              <SequencePoints>
                <SequencePoint vc="26" uspid="560" ordinal="0" offset="0" sl="16" sc="17" el="16" ec="18" bec="0" bev="0" fileid="14" />
                <SequencePoint vc="26" uspid="561" ordinal="1" offset="1" sl="16" sc="19" el="16" ec="31" bec="0" bev="0" fileid="14" />
                <SequencePoint vc="26" uspid="562" ordinal="2" offset="10" sl="16" sc="32" el="16" ec="33" bec="0" bev="0" fileid="14" />
              </SequencePoints>
              <BranchPoints />
              <MethodPoint xsi:type="SequencePoint" vc="26" uspid="560" ordinal="0" offset="0" sl="16" sc="17" el="16" ec="18" bec="0" bev="0" fileid="14" />
            </Method>
            <Method visited="true" cyclomaticComplexity="2" nPathComplexity="2" sequenceCoverage="80" branchCoverage="66.67" crapScore="2.03" isConstructor="false" isStatic="false" isGetter="false" isSetter="true">
              <Summary numSequencePoints="5" visitedSequencePoints="4" numBranchPoints="3" visitedBranchPoints="2" sequenceCoverage="80" branchCoverage="66.67" maxCyclomaticComplexity="2" minCyclomaticComplexity="2" maxCrapScore="2.03" minCrapScore="2.03" visitedClasses="0" numClasses="0" visitedMethods="1" numMethods="1" />
              <MetadataToken>100663331</MetadataToken>
              <Name>System.Void ShapesLib.Shape::set_Name(System.String)</Name>
              <FileRef uid="14" />
              <SequencePoints>
                <SequencePoint vc="57" uspid="563" ordinal="0" offset="0" sl="18" sc="13" el="18" ec="14" bec="0" bev="0" fileid="14" />
                <SequencePoint vc="57" uspid="564" ordinal="1" offset="1" sl="19" sc="17" el="19" ec="54" bec="2" bev="1" fileid="14" />
                <SequencePoint vc="0" uspid="565" ordinal="2" offset="11" sl="20" sc="21" el="20" ec="100" bec="0" bev="0" fileid="14" />
                <SequencePoint vc="57" uspid="566" ordinal="3" offset="22" sl="21" sc="17" el="21" ec="30" bec="0" bev="0" fileid="14" />
                <SequencePoint vc="57" uspid="567" ordinal="4" offset="29" sl="22" sc="13" el="22" ec="14" bec="0" bev="0" fileid="14" />
              </SequencePoints>
              <BranchPoints>
                <BranchPoint vc="0" uspid="568" ordinal="0" offset="9" sl="19" path="0" offsetend="11" fileid="14" />
                <BranchPoint vc="57" uspid="569" ordinal="1" offset="9" sl="19" path="1" offsetend="22" fileid="14" />
              </BranchPoints>
              <MethodPoint xsi:type="SequencePoint" vc="57" uspid="563" ordinal="0" offset="0" sl="18" sc="13" el="18" ec="14" bec="0" bev="0" fileid="14" />
            </Method>
            <Method visited="true" cyclomaticComplexity="1" nPathComplexity="0" sequenceCoverage="100" branchCoverage="100" crapScore="1" isConstructor="true" isStatic="false" isGetter="false" isSetter="false">
              <Summary numSequencePoints="4" visitedSequencePoints="4" numBranchPoints="1" visitedBranchPoints="1" sequenceCoverage="100" branchCoverage="100" maxCyclomaticComplexity="1" minCyclomaticComplexity="1" maxCrapScore="1" minCrapScore="1" visitedClasses="0" numClasses="0" visitedMethods="1" numMethods="1" />
              <MetadataToken>100663332</MetadataToken>
              <Name>System.Void ShapesLib.Shape::.ctor()</Name>
              <FileRef uid="14" />
              <SequencePoints>
                <SequencePoint vc="24" uspid="570" ordinal="0" offset="0" sl="26" sc="9" el="26" ec="23" bec="0" bev="0" fileid="14" />
                <SequencePoint vc="24" uspid="571" ordinal="1" offset="7" sl="27" sc="9" el="27" ec="10" bec="0" bev="0" fileid="14" />
                <SequencePoint vc="24" uspid="572" ordinal="2" offset="8" sl="28" sc="13" el="28" ec="28" bec="0" bev="0" fileid="14" />
                <SequencePoint vc="24" uspid="573" ordinal="3" offset="20" sl="29" sc="9" el="29" ec="10" bec="0" bev="0" fileid="14" />
              </SequencePoints>
              <BranchPoints />
              <MethodPoint xsi:type="SequencePoint" vc="24" uspid="570" ordinal="0" offset="0" sl="26" sc="9" el="26" ec="23" bec="0" bev="0" fileid="14" />
            </Method>
            <Method visited="true" cyclomaticComplexity="1" nPathComplexity="0" sequenceCoverage="100" branchCoverage="100" crapScore="1" isConstructor="true" isStatic="false" isGetter="false" isSetter="false">
              <Summary numSequencePoints="4" visitedSequencePoints="4" numBranchPoints="1" visitedBranchPoints="1" sequenceCoverage="100" branchCoverage="100" maxCyclomaticComplexity="1" minCyclomaticComplexity="1" maxCrapScore="1" minCrapScore="1" visitedClasses="0" numClasses="0" visitedMethods="1" numMethods="1" />
              <MetadataToken>100663333</MetadataToken>
              <Name>System.Void ShapesLib.Shape::.ctor(System.String)</Name>
              <FileRef uid="14" />
              <SequencePoints>
                <SequencePoint vc="5" uspid="574" ordinal="0" offset="0" sl="31" sc="9" el="31" ec="34" bec="0" bev="0" fileid="14" />
                <SequencePoint vc="5" uspid="575" ordinal="1" offset="7" sl="32" sc="9" el="32" ec="10" bec="0" bev="0" fileid="14" />
                <SequencePoint vc="5" uspid="576" ordinal="2" offset="8" sl="33" sc="13" el="33" ec="25" bec="0" bev="0" fileid="14" />
                <SequencePoint vc="5" uspid="577" ordinal="3" offset="16" sl="34" sc="9" el="34" ec="10" bec="0" bev="0" fileid="14" />
              </SequencePoints>
              <BranchPoints />
              <MethodPoint xsi:type="SequencePoint" vc="5" uspid="574" ordinal="0" offset="0" sl="31" sc="9" el="31" ec="34" bec="0" bev="0" fileid="14" />
            </Method>
            <Method visited="false" cyclomaticComplexity="1" nPathComplexity="0" sequenceCoverage="0" branchCoverage="0" crapScore="2" isConstructor="false" isStatic="false" isGetter="false" isSetter="false">
              <Summary numSequencePoints="1" visitedSequencePoints="0" numBranchPoints="1" visitedBranchPoints="0" sequenceCoverage="0" branchCoverage="0" maxCyclomaticComplexity="1" minCyclomaticComplexity="1" maxCrapScore="2" minCrapScore="2" visitedClasses="0" numClasses="0" visitedMethods="0" numMethods="1" />
              <MetadataToken>100663334</MetadataToken>
              <Name>System.Object ShapesLib.Shape::Clone()</Name>
              <FileRef uid="14" />
              <SequencePoints>
                <SequencePoint vc="0" uspid="578" ordinal="0" offset="0" sl="36" sc="42" el="36" ec="57" bec="0" bev="0" fileid="14" />
              </SequencePoints>
              <BranchPoints />
              <MethodPoint xsi:type="SequencePoint" vc="0" uspid="578" ordinal="0" offset="0" sl="36" sc="42" el="36" ec="57" bec="0" bev="0" fileid="14" />
            </Method>
            <Method visited="false" cyclomaticComplexity="1" nPathComplexity="0" sequenceCoverage="0" branchCoverage="0" crapScore="2" isConstructor="false" isStatic="false" isGetter="false" isSetter="false">
              <Summary numSequencePoints="3" visitedSequencePoints="0" numBranchPoints="1" visitedBranchPoints="0" sequenceCoverage="0" branchCoverage="0" maxCyclomaticComplexity="1" minCyclomaticComplexity="1" maxCrapScore="2" minCrapScore="2" visitedClasses="0" numClasses="0" visitedMethods="0" numMethods="1" />
              <MetadataToken>100663335</MetadataToken>
              <Name>System.Void ShapesLib.Shape::Show()</Name>
              <FileRef uid="14" />
              <SequencePoints>
                <SequencePoint vc="0" uspid="579" ordinal="0" offset="0" sl="40" sc="9" el="40" ec="10" bec="0" bev="0" fileid="14" />
                <SequencePoint vc="0" uspid="580" ordinal="1" offset="1" sl="41" sc="13" el="41" ec="48" bec="0" bev="0" fileid="14" />
                <SequencePoint vc="0" uspid="581" ordinal="2" offset="23" sl="42" sc="9" el="42" ec="10" bec="0" bev="0" fileid="14" />
              </SequencePoints>
              <BranchPoints />
              <MethodPoint xsi:type="SequencePoint" vc="0" uspid="579" ordinal="0" offset="0" sl="40" sc="9" el="40" ec="10" bec="0" bev="0" fileid="14" />
            </Method>
            <Method visited="false" cyclomaticComplexity="1" nPathComplexity="0" sequenceCoverage="0" branchCoverage="0" crapScore="2" isConstructor="false" isStatic="false" isGetter="false" isSetter="false">
              <Summary numSequencePoints="3" visitedSequencePoints="0" numBranchPoints="1" visitedBranchPoints="0" sequenceCoverage="0" branchCoverage="0" maxCyclomaticComplexity="1" minCyclomaticComplexity="1" maxCrapScore="2" minCrapScore="2" visitedClasses="0" numClasses="0" visitedMethods="0" numMethods="1" />
              <MetadataToken>100663336</MetadataToken>
              <Name>System.Void ShapesLib.Shape::ShowVirt()</Name>
              <FileRef uid="14" />
              <SequencePoints>
                <SequencePoint vc="0" uspid="582" ordinal="0" offset="0" sl="45" sc="9" el="45" ec="10" bec="0" bev="0" fileid="14" />
                <SequencePoint vc="0" uspid="583" ordinal="1" offset="1" sl="46" sc="13" el="46" ec="50" bec="0" bev="0" fileid="14" />
                <SequencePoint vc="0" uspid="584" ordinal="2" offset="23" sl="47" sc="9" el="47" ec="10" bec="0" bev="0" fileid="14" />
              </SequencePoints>
              <BranchPoints />
              <MethodPoint xsi:type="SequencePoint" vc="0" uspid="582" ordinal="0" offset="0" sl="45" sc="9" el="45" ec="10" bec="0" bev="0" fileid="14" />
            </Method>
            <Method visited="false" cyclomaticComplexity="1" nPathComplexity="0" sequenceCoverage="0" branchCoverage="0" crapScore="2" isConstructor="false" isStatic="false" isGetter="false" isSetter="false">
              <Summary numSequencePoints="5" visitedSequencePoints="0" numBranchPoints="1" visitedBranchPoints="0" sequenceCoverage="0" branchCoverage="0" maxCyclomaticComplexity="1" minCyclomaticComplexity="1" maxCrapScore="2" minCrapScore="2" visitedClasses="0" numClasses="0" visitedMethods="0" numMethods="1" />
              <MetadataToken>100663337</MetadataToken>
              <Name>System.Void ShapesLib.Shape::Init()</Name>
              <FileRef uid="14" />
              <SequencePoints>
                <SequencePoint vc="0" uspid="585" ordinal="0" offset="0" sl="51" sc="9" el="51" ec="10" bec="0" bev="0" fileid="14" />
                <SequencePoint vc="0" uspid="586" ordinal="1" offset="1" sl="52" sc="13" el="52" ec="45" bec="0" bev="0" fileid="14" />
                <SequencePoint vc="0" uspid="587" ordinal="2" offset="12" sl="53" sc="13" el="53" ec="39" bec="0" bev="0" fileid="14" />
                <SequencePoint vc="0" uspid="588" ordinal="3" offset="24" sl="54" sc="13" el="54" ec="33" bec="0" bev="0" fileid="14" />
                <SequencePoint vc="0" uspid="589" ordinal="4" offset="30" sl="55" sc="9" el="55" ec="10" bec="0" bev="0" fileid="14" />
              </SequencePoints>
              <BranchPoints />
              <MethodPoint xsi:type="SequencePoint" vc="0" uspid="585" ordinal="0" offset="0" sl="51" sc="9" el="51" ec="10" bec="0" bev="0" fileid="14" />
            </Method>
            <Method visited="true" cyclomaticComplexity="1" nPathComplexity="0" sequenceCoverage="100" branchCoverage="100" crapScore="1" isConstructor="false" isStatic="false" isGetter="false" isSetter="false">
              <Summary numSequencePoints="4" visitedSequencePoints="4" numBranchPoints="1" visitedBranchPoints="1" sequenceCoverage="100" branchCoverage="100" maxCyclomaticComplexity="1" minCyclomaticComplexity="1" maxCrapScore="1" minCrapScore="1" visitedClasses="0" numClasses="0" visitedMethods="1" numMethods="1" />
              <MetadataToken>100663338</MetadataToken>
              <Name>System.Void ShapesLib.Shape::RandomInit()</Name>
              <FileRef uid="14" />
              <SequencePoints>
                <SequencePoint vc="24" uspid="590" ordinal="0" offset="0" sl="58" sc="9" el="58" ec="10" bec="0" bev="0" fileid="14" />
                <SequencePoint vc="24" uspid="591" ordinal="1" offset="1" sl="59" sc="13" el="59" ec="65" bec="0" bev="0" fileid="14" />
                <SequencePoint vc="24" uspid="592" ordinal="2" offset="56" sl="60" sc="13" el="60" ec="55" bec="0" bev="0" fileid="14" />
                <SequencePoint vc="24" uspid="593" ordinal="3" offset="78" sl="61" sc="9" el="61" ec="10" bec="0" bev="0" fileid="14" />
              </SequencePoints>
              <BranchPoints />
              <MethodPoint xsi:type="SequencePoint" vc="24" uspid="590" ordinal="0" offset="0" sl="58" sc="9" el="58" ec="10" bec="0" bev="0" fileid="14" />
            </Method>
            <Method visited="true" cyclomaticComplexity="2" nPathComplexity="2" sequenceCoverage="83.33" branchCoverage="66.67" crapScore="2.02" isConstructor="false" isStatic="false" isGetter="false" isSetter="false">
              <Summary numSequencePoints="6" visitedSequencePoints="5" numBranchPoints="3" visitedBranchPoints="2" sequenceCoverage="83.33" branchCoverage="66.67" maxCyclomaticComplexity="2" minCyclomaticComplexity="2" maxCrapScore="2.02" minCrapScore="2.02" visitedClasses="0" numClasses="0" visitedMethods="1" numMethods="1" />
              <MetadataToken>100663339</MetadataToken>
              <Name>System.Boolean ShapesLib.Shape::Equals(System.Object)</Name>
              <FileRef uid="14" />
              <SequencePoints>
                <SequencePoint vc="1" uspid="594" ordinal="0" offset="0" sl="65" sc="9" el="65" ec="10" bec="0" bev="0" fileid="14" />
                <SequencePoint vc="1" uspid="595" ordinal="1" offset="1" sl="66" sc="13" el="66" ec="44" bec="2" bev="1" fileid="14" />
                <SequencePoint vc="0" uspid="596" ordinal="2" offset="22" sl="67" sc="17" el="67" ec="30" bec="0" bev="0" fileid="14" />
                <SequencePoint vc="1" uspid="597" ordinal="3" offset="26" sl="68" sc="13" el="68" ec="38" bec="0" bev="0" fileid="14" />
                <SequencePoint vc="1" uspid="598" ordinal="4" offset="33" sl="69" sc="13" el="69" ec="88" bec="0" bev="0" fileid="14" />
                <SequencePoint vc="1" uspid="599" ordinal="5" offset="54" sl="70" sc="9" el="70" ec="10" bec="0" bev="0" fileid="14" />
              </SequencePoints>
              <BranchPoints>
                <BranchPoint vc="0" uspid="600" ordinal="0" offset="20" sl="66" path="0" offsetend="22" fileid="14" />
                <BranchPoint vc="1" uspid="601" ordinal="1" offset="20" sl="66" path="1" offsetend="26" fileid="14" />
              </BranchPoints>
              <MethodPoint xsi:type="SequencePoint" vc="1" uspid="594" ordinal="0" offset="0" sl="65" sc="9" el="65" ec="10" bec="0" bev="0" fileid="14" />
            </Method>
            <Method visited="true" cyclomaticComplexity="1" nPathComplexity="0" sequenceCoverage="100" branchCoverage="100" crapScore="1" isConstructor="true" isStatic="true" isGetter="false" isSetter="false">
              <Summary numSequencePoints="1" visitedSequencePoints="1" numBranchPoints="1" visitedBranchPoints="1" sequenceCoverage="100" branchCoverage="100" maxCyclomaticComplexity="1" minCyclomaticComplexity="1" maxCrapScore="1" minCrapScore="1" visitedClasses="0" numClasses="0" visitedMethods="1" numMethods="1" />
              <MetadataToken>100663340</MetadataToken>
              <Name>System.Void ShapesLib.Shape::.cctor()</Name>
              <FileRef uid="14" />
              <SequencePoints>
                <SequencePoint vc="1" uspid="602" ordinal="0" offset="0" sl="12" sc="9" el="12" ec="53" bec="0" bev="0" fileid="14" />
              </SequencePoints>
              <BranchPoints />
              <MethodPoint xsi:type="SequencePoint" vc="1" uspid="602" ordinal="0" offset="0" sl="12" sc="9" el="12" ec="53" bec="0" bev="0" fileid="14" />
            </Method>
          </Methods>
        </Class>
      </Classes>
    </Module>
  </Modules>
</CoverageSession>